<?php return array (
  'AALI' => 
  array (
    'code' => 'AALI',
    'name' => 'Astra Agro Lestari Tbk',
    'sector' => 'AGRI',
    'index' => 'LQ45,KOMPAS100',
  ),
  'ABBA' => 
  array (
    'code' => 'ABBA',
    'name' => 'Mahaka Media Tbk',
    'sector' => 'TRADE',
    'index' => '',
  ),
  'ABDA' => 
  array (
    'code' => 'ABDA',
    'name' => 'Asuransi Bina Dana Arta Tbk',
    'sector' => 'FINANCE',
    'index' => '',
  ),
  'ABMM' => 
  array (
    'code' => 'ABMM',
    'name' => 'ABM Investama Tbk',
    'sector' => 'TRADE',
    'index' => '',
  ),
  'ACES' => 
  array (
    'code' => 'ACES',
    'name' => 'Ace Hardware Indonesia Tbk',
    'sector' => 'TRADE',
    'index' => 'KOMPAS100,PEFINDO25',
  ),
  'ACST' => 
  array (
    'code' => 'ACST',
    'name' => 'Acset Indonusa Tbk',
    'sector' => 'PROPERTY',
    'index' => 'PEFINDO25',
  ),
  'ADES' => 
  array (
    'code' => 'ADES',
    'name' => 'Akasha Wira International Tbk',
    'sector' => 'CONSUMER',
    'index' => '',
  ),
  'ADHI' => 
  array (
    'code' => 'ADHI',
    'name' => 'Adhi Karya (Persero) Tbk',
    'sector' => 'PROPERTY',
    'index' => 'LQ45,KOMPAS100',
  ),
  'ADMF' => 
  array (
    'code' => 'ADMF',
    'name' => 'Adira Dinamika Multi Finance Tbk',
    'sector' => 'FINANCE',
    'index' => '',
  ),
  'ADMG' => 
  array (
    'code' => 'ADMG',
    'name' => 'Polychem Indonesia Tbk',
    'sector' => 'MISC-IND',
    'index' => '',
  ),
  'ADRO' => 
  array (
    'code' => 'ADRO',
    'name' => 'Adaro Energy Tbk',
    'sector' => 'MINING',
    'index' => 'LQ45,KOMPAS100',
  ),
  'AGRO' => 
  array (
    'code' => 'AGRO',
    'name' => 'Bank Rakyat Indonesia Agroniaga Tbk',
    'sector' => 'FINANCE',
    'index' => '',
  ),
  'AGRS' => 
  array (
    'code' => 'AGRS',
    'name' => 'Bank Agris Tbk.',
    'sector' => 'FINANCE',
    'index' => '',
  ),
  'AHAP' => 
  array (
    'code' => 'AHAP',
    'name' => 'Asuransi Harta Aman Pratama Tbk',
    'sector' => 'FINANCE',
    'index' => '',
  ),
  'AIMS' => 
  array (
    'code' => 'AIMS',
    'name' => 'Akbar Indo Makmur Stimec Tbk',
    'sector' => 'TRADE',
    'index' => '',
  ),
  'AISA' => 
  array (
    'code' => 'AISA',
    'name' => 'Tiga Pilar Sejahtera Food Tbk.',
    'sector' => 'CONSUMER',
    'index' => 'KOMPAS100',
  ),
  'AKKU' => 
  array (
    'code' => 'AKKU',
    'name' => 'Alam Karya Unggul Tbk',
    'sector' => 'BASIC-IND',
    'index' => '',
  ),
  'AKPI' => 
  array (
    'code' => 'AKPI',
    'name' => 'Argha Karya Prima Industry Tbk',
    'sector' => 'BASIC-IND',
    'index' => '',
  ),
  'AKRA' => 
  array (
    'code' => 'AKRA',
    'name' => 'AKR Corporindo Tbk',
    'sector' => 'TRADE',
    'index' => 'LQ45,KOMPAS100',
  ),
  'AKSI' => 
  array (
    'code' => 'AKSI',
    'name' => 'Majapahit Securities Tbk',
    'sector' => 'FINANCE',
    'index' => '',
  ),
  'ALDO' => 
  array (
    'code' => 'ALDO',
    'name' => 'Alkindo Naratama Tbk',
    'sector' => 'BASIC-IND',
    'index' => '',
  ),
  'ALKA' => 
  array (
    'code' => 'ALKA',
    'name' => 'Alakasa Industrindo Tbk',
    'sector' => 'BASIC-IND',
    'index' => '',
  ),
  'ALMI' => 
  array (
    'code' => 'ALMI',
    'name' => 'Alumindo Light Metal Industry Tbk',
    'sector' => 'BASIC-IND',
    'index' => '',
  ),
  'ALTO' => 
  array (
    'code' => 'ALTO',
    'name' => 'Tri Banyan Tirta Tbk',
    'sector' => 'CONSUMER',
    'index' => '',
  ),
  'AMAG' => 
  array (
    'code' => 'AMAG',
    'name' => 'Asuransi Multi Artha Guna Tbk',
    'sector' => 'FINANCE',
    'index' => '',
  ),
  'AMFG' => 
  array (
    'code' => 'AMFG',
    'name' => 'Asahimas Flat Glass Tbk',
    'sector' => 'BASIC-IND',
    'index' => '',
  ),
  'AMIN' => 
  array (
    'code' => 'AMIN',
    'name' => 'Ateliers Mecaniques D Indonesia Tbk.',
    'sector' => 'MISC-IND',
    'index' => '',
  ),
  'AMRT' => 
  array (
    'code' => 'AMRT',
    'name' => 'Sumber Alfaria Trijaya Tbk',
    'sector' => 'TRADE',
    'index' => '',
  ),
  'ANJT' => 
  array (
    'code' => 'ANJT',
    'name' => 'Austindo Nusantara Jaya Tbk',
    'sector' => 'AGRI',
    'index' => '',
  ),
  'ANTM' => 
  array (
    'code' => 'ANTM',
    'name' => 'Aneka Tambang (Persero) Tbk',
    'sector' => 'MINING',
    'index' => 'LQ45,KOMPAS100',
  ),
  'APEX' => 
  array (
    'code' => 'APEX',
    'name' => 'Apexindo Pratama Duta Tbk',
    'sector' => 'TRADE',
    'index' => '',
  ),
  'APIC' => 
  array (
    'code' => 'APIC',
    'name' => 'Pacific Strategic Financial Tbk',
    'sector' => 'FINANCE',
    'index' => '',
  ),
  'APII' => 
  array (
    'code' => 'APII',
    'name' => 'Arita Prima Indonesia Tbk',
    'sector' => 'TRADE',
    'index' => '',
  ),
  'APLI' => 
  array (
    'code' => 'APLI',
    'name' => 'Asiaplast Industries Tbk',
    'sector' => 'BASIC-IND',
    'index' => '',
  ),
  'APLN' => 
  array (
    'code' => 'APLN',
    'name' => 'Agung Podomoro Land Tbk',
    'sector' => 'PROPERTY',
    'index' => 'KOMPAS100',
  ),
  'APOL' => 
  array (
    'code' => 'APOL',
    'name' => 'Arpeni Pratama Ocean Line Tbk',
    'sector' => 'INFRASTRUC',
    'index' => '',
  ),
  'ARGO' => 
  array (
    'code' => 'ARGO',
    'name' => 'Argo Pantes Tbk',
    'sector' => 'MISC-IND',
    'index' => '',
  ),
  'ARII' => 
  array (
    'code' => 'ARII',
    'name' => 'Atlas Resources Tbk',
    'sector' => 'MINING',
    'index' => '',
  ),
  'ARNA' => 
  array (
    'code' => 'ARNA',
    'name' => 'Arwana Citramulia Tbk',
    'sector' => 'BASIC-IND',
    'index' => 'PEFINDO25',
  ),
  'ARTA' => 
  array (
    'code' => 'ARTA',
    'name' => 'Arthavest Tbk',
    'sector' => 'FINANCE',
    'index' => '',
  ),
  'ARTI' => 
  array (
    'code' => 'ARTI',
    'name' => 'Ratu Prabu Energi Tbk',
    'sector' => 'MINING',
    'index' => '',
  ),
  'ARTO' => 
  array (
    'code' => 'ARTO',
    'name' => 'Bank Artos Indonesia Tbk.',
    'sector' => 'FINANCE',
    'index' => '',
  ),
  'ASBI' => 
  array (
    'code' => 'ASBI',
    'name' => 'Asuransi Bintang Tbk',
    'sector' => 'FINANCE',
    'index' => '',
  ),
  'ASDM' => 
  array (
    'code' => 'ASDM',
    'name' => 'Asuransi Dayin Mitra Tbk',
    'sector' => 'FINANCE',
    'index' => '',
  ),
  'ASGR' => 
  array (
    'code' => 'ASGR',
    'name' => 'Astra Graphia Tbk',
    'sector' => 'TRADE',
    'index' => '',
  ),
  'ASII' => 
  array (
    'code' => 'ASII',
    'name' => 'Astra International Tbk',
    'sector' => 'MISC-IND',
    'index' => 'LQ45,KOMPAS100',
  ),
  'ASJT' => 
  array (
    'code' => 'ASJT',
    'name' => 'Asuransi Jasa Tania Tbk',
    'sector' => 'FINANCE',
    'index' => '',
  ),
  'ASMI' => 
  array (
    'code' => 'ASMI',
    'name' => 'Asuransi Mitra Maparya Tbk',
    'sector' => 'FINANCE',
    'index' => '',
  ),
  'ASRI' => 
  array (
    'code' => 'ASRI',
    'name' => 'Alam Sutera Realty Tbk',
    'sector' => 'PROPERTY',
    'index' => 'LQ45,KOMPAS100',
  ),
  'ASRM' => 
  array (
    'code' => 'ASRM',
    'name' => 'Asuransi Ramayana Tbk',
    'sector' => 'FINANCE',
    'index' => '',
  ),
  'ASSA' => 
  array (
    'code' => 'ASSA',
    'name' => 'Adi Sarana Armada Tbk',
    'sector' => 'INFRASTRUC',
    'index' => 'PEFINDO25',
  ),
  'ATIC' => 
  array (
    'code' => 'ATIC',
    'name' => 'Anabatic Technologies Tbk.',
    'sector' => 'TRADE',
    'index' => '',
  ),
  'ATPK' => 
  array (
    'code' => 'ATPK',
    'name' => 'ATPK Resources Tbk',
    'sector' => 'MINING',
    'index' => '',
  ),
  'AUTO' => 
  array (
    'code' => 'AUTO',
    'name' => 'Astra Otoparts Tbk',
    'sector' => 'MISC-IND',
    'index' => '',
  ),
  'BABP' => 
  array (
    'code' => 'BABP',
    'name' => 'Bank ICB Bumiputera Tbk',
    'sector' => 'FINANCE',
    'index' => '',
  ),
  'BACA' => 
  array (
    'code' => 'BACA',
    'name' => 'Bank Capital Indonesia Tbk',
    'sector' => 'FINANCE',
    'index' => '',
  ),
  'BAJA' => 
  array (
    'code' => 'BAJA',
    'name' => 'Saranacentral Bajatama Tbk',
    'sector' => 'BASIC-IND',
    'index' => '',
  ),
  'BALI' => 
  array (
    'code' => 'BALI',
    'name' => 'Bali Towerindo Sentra Tbk',
    'sector' => 'INFRASTRUC',
    'index' => '',
  ),
  'BAPA' => 
  array (
    'code' => 'BAPA',
    'name' => 'Bekasi Asri Pemula Tbk',
    'sector' => 'PROPERTY',
    'index' => '',
  ),
  'BATA' => 
  array (
    'code' => 'BATA',
    'name' => 'Sepatu Bata Tbk',
    'sector' => 'MISC-IND',
    'index' => '',
  ),
  'BAYU' => 
  array (
    'code' => 'BAYU',
    'name' => 'Bayu Buana Tbk',
    'sector' => 'TRADE',
    'index' => '',
  ),
  'BBCA' => 
  array (
    'code' => 'BBCA',
    'name' => 'Bank Central Asia Tbk',
    'sector' => 'FINANCE',
    'index' => 'LQ45,KOMPAS100',
  ),
  'BBHI' => 
  array (
    'code' => 'BBHI',
    'name' => 'Bank Harda Internasional Tbk.',
    'sector' => 'FINANCE',
    'index' => '',
  ),
  'BBKP' => 
  array (
    'code' => 'BBKP',
    'name' => 'Bank Bukopin Tbk',
    'sector' => 'FINANCE',
    'index' => '',
  ),
  'BBLD' => 
  array (
    'code' => 'BBLD',
    'name' => 'Buana Finance Tbk',
    'sector' => 'FINANCE',
    'index' => '',
  ),
  'BBMD' => 
  array (
    'code' => 'BBMD',
    'name' => 'Bank Mestika Dharma Tbk',
    'sector' => 'FINANCE',
    'index' => '',
  ),
  'BBNI' => 
  array (
    'code' => 'BBNI',
    'name' => 'Bank Negara Indonesia (Persero) Tbk',
    'sector' => 'FINANCE',
    'index' => 'LQ45,KOMPAS100',
  ),
  'BBNP' => 
  array (
    'code' => 'BBNP',
    'name' => 'Bank Nusantara Parahyangan Tbk',
    'sector' => 'FINANCE',
    'index' => '',
  ),
  'BBRI' => 
  array (
    'code' => 'BBRI',
    'name' => 'Bank Rakyat Indonesia (Persero) Tbk',
    'sector' => 'FINANCE',
    'index' => 'LQ45,KOMPAS100',
  ),
  'BBRM' => 
  array (
    'code' => 'BBRM',
    'name' => 'Pelayaran Nasional Bina Buana Raya Tbk',
    'sector' => 'INFRASTRUC',
    'index' => '',
  ),
  'BBTN' => 
  array (
    'code' => 'BBTN',
    'name' => 'Bank Tabungan Negara (Persero) Tbk',
    'sector' => 'FINANCE',
    'index' => 'LQ45,KOMPAS100',
  ),
  'BBYB' => 
  array (
    'code' => 'BBYB',
    'name' => 'Bank Yudha Bhakti Tbk.',
    'sector' => 'FINANCE',
    'index' => '',
  ),
  'BCAP' => 
  array (
    'code' => 'BCAP',
    'name' => 'MNC Kapital Indonesia Tbk',
    'sector' => 'FINANCE',
    'index' => '',
  ),
  'BCIC' => 
  array (
    'code' => 'BCIC',
    'name' => 'Bank Mutiara Tbk',
    'sector' => 'FINANCE',
    'index' => '',
  ),
  'BCIP' => 
  array (
    'code' => 'BCIP',
    'name' => 'Bumi Citra Permai Tbk',
    'sector' => 'PROPERTY',
    'index' => 'KOMPAS100',
  ),
  'BDMN' => 
  array (
    'code' => 'BDMN',
    'name' => 'Bank Danamon Indonesia Tbk',
    'sector' => 'FINANCE',
    'index' => 'KOMPAS100',
  ),
  'BEKS' => 
  array (
    'code' => 'BEKS',
    'name' => 'PT BPD Banten',
    'sector' => 'FINANCE',
    'index' => '',
  ),
  'BEST' => 
  array (
    'code' => 'BEST',
    'name' => 'Bekasi Fajar Industrial Estate Tbk',
    'sector' => 'PROPERTY',
    'index' => 'KOMPAS100,PEFINDO25',
  ),
  'BFIN' => 
  array (
    'code' => 'BFIN',
    'name' => 'BFI Finance Indonesia Tbk',
    'sector' => 'FINANCE',
    'index' => '',
  ),
  'BGTG' => 
  array (
    'code' => 'BGTG',
    'name' => 'Bank Ganesha Tbk',
    'sector' => 'FINANCE',
    'index' => '',
  ),
  'BHIT' => 
  array (
    'code' => 'BHIT',
    'name' => 'MNC Investama Tbk',
    'sector' => 'TRADE',
    'index' => 'KOMPAS100',
  ),
  'BIKA' => 
  array (
    'code' => 'BIKA',
    'name' => 'Binakarya Jaya Abadi Tbk',
    'sector' => 'PROPERTY',
    'index' => '',
  ),
  'BIMA' => 
  array (
    'code' => 'BIMA',
    'name' => 'Primarindo Asia Infrastructure Tbk',
    'sector' => 'MISC-IND',
    'index' => '',
  ),
  'BINA' => 
  array (
    'code' => 'BINA',
    'name' => 'Bank Ina Perdana Tbk',
    'sector' => 'FINANCE',
    'index' => '',
  ),
  'BIPI' => 
  array (
    'code' => 'BIPI',
    'name' => 'Benakat Integra Tbk',
    'sector' => 'MINING',
    'index' => '',
  ),
  'BIPP' => 
  array (
    'code' => 'BIPP',
    'name' => 'Bhuwanatala Indah Permai Tbk',
    'sector' => 'PROPERTY',
    'index' => '',
  ),
  'BIRD' => 
  array (
    'code' => 'BIRD',
    'name' => 'Blue Bird Tbk.',
    'sector' => 'INFRASTRUC',
    'index' => 'KOMPAS100',
  ),
  'BISI' => 
  array (
    'code' => 'BISI',
    'name' => 'BISI International Tbk',
    'sector' => 'AGRI',
    'index' => 'PEFINDO25',
  ),
  'BJBR' => 
  array (
    'code' => 'BJBR',
    'name' => 'Bank Pembangunan Daerah Jawa Barat dan Banten Tbk',
    'sector' => 'FINANCE',
    'index' => 'KOMPAS100',
  ),
  'BJTM' => 
  array (
    'code' => 'BJTM',
    'name' => 'Bank Pembangunan Daerah Jawa Timur Tbk',
    'sector' => 'FINANCE',
    'index' => 'KOMPAS100',
  ),
  'BKDP' => 
  array (
    'code' => 'BKDP',
    'name' => 'Bukit Darmo Property Tbk',
    'sector' => 'PROPERTY',
    'index' => '',
  ),
  'BKSL' => 
  array (
    'code' => 'BKSL',
    'name' => 'Sentul City Tbk',
    'sector' => 'PROPERTY',
    'index' => 'KOMPAS100',
  ),
  'BKSW' => 
  array (
    'code' => 'BKSW',
    'name' => 'Bank QNB Kesawan Tbk',
    'sector' => 'FINANCE',
    'index' => '',
  ),
  'BLTA' => 
  array (
    'code' => 'BLTA',
    'name' => 'Berlian Laju Tanker Tbk',
    'sector' => 'INFRASTRUC',
    'index' => '',
  ),
  'BLTZ' => 
  array (
    'code' => 'BLTZ',
    'name' => 'Graha Layar Prima Tbk.',
    'sector' => 'TRADE',
    'index' => '',
  ),
  'BMAS' => 
  array (
    'code' => 'BMAS',
    'name' => 'Bank Maspion Indonesia Tbk',
    'sector' => 'FINANCE',
    'index' => '',
  ),
  'BMRI' => 
  array (
    'code' => 'BMRI',
    'name' => 'Bank Mandiri (Persero) Tbk',
    'sector' => 'FINANCE',
    'index' => 'LQ45,KOMPAS100',
  ),
  'BMSR' => 
  array (
    'code' => 'BMSR',
    'name' => 'Bintang Mitra Semestaraya Tbk',
    'sector' => 'TRADE',
    'index' => '',
  ),
  'BMTR' => 
  array (
    'code' => 'BMTR',
    'name' => 'Global Mediacom Tbk',
    'sector' => 'TRADE',
    'index' => 'LQ45,KOMPAS100',
  ),
  'BNBA' => 
  array (
    'code' => 'BNBA',
    'name' => 'Bank Bumi Arta Tbk',
    'sector' => 'FINANCE',
    'index' => '',
  ),
  'BNBR' => 
  array (
    'code' => 'BNBR',
    'name' => 'Bakrie Brothers Tbk',
    'sector' => 'TRADE',
    'index' => '',
  ),
  'BNGA' => 
  array (
    'code' => 'BNGA',
    'name' => 'Bank CIMB Niaga Tbk',
    'sector' => 'FINANCE',
    'index' => '',
  ),
  'BNII' => 
  array (
    'code' => 'BNII',
    'name' => 'Bank Internasional Indonesia Tbk',
    'sector' => 'FINANCE',
    'index' => '',
  ),
  'BNLI' => 
  array (
    'code' => 'BNLI',
    'name' => 'Bank Permata Tbk',
    'sector' => 'FINANCE',
    'index' => '',
  ),
  'BOLT' => 
  array (
    'code' => 'BOLT',
    'name' => 'Garuda Metalindo Tbk',
    'sector' => 'MISC-IND',
    'index' => '',
  ),
  'BORN' => 
  array (
    'code' => 'BORN',
    'name' => 'Borneo Lumbung Energi Metal Tbk',
    'sector' => 'MINING',
    'index' => '',
  ),
  'BPFI' => 
  array (
    'code' => 'BPFI',
    'name' => 'Batavia Prosperindo Finance Tbk',
    'sector' => 'FINANCE',
    'index' => '',
  ),
  'BPII' => 
  array (
    'code' => 'BPII',
    'name' => 'Batavia Prosperindo Internasional Tbk.',
    'sector' => 'FINANCE',
    'index' => '',
  ),
  'BRAM' => 
  array (
    'code' => 'BRAM',
    'name' => 'Indo Kordsa Tbk',
    'sector' => 'MISC-IND',
    'index' => '',
  ),
  'BRAU' => 
  array (
    'code' => 'BRAU',
    'name' => 'Berau Coal Energy Tbk',
    'sector' => 'MINING',
    'index' => '',
  ),
  'BRMS' => 
  array (
    'code' => 'BRMS',
    'name' => 'Bumi Resources Minerals Tbk',
    'sector' => 'TRADE',
    'index' => '',
  ),
  'BRNA' => 
  array (
    'code' => 'BRNA',
    'name' => 'Berlina Tbk',
    'sector' => 'BASIC-IND',
    'index' => '',
  ),
  'BRPT' => 
  array (
    'code' => 'BRPT',
    'name' => 'Barito Pacific Tbk',
    'sector' => 'BASIC-IND',
    'index' => '',
  ),
  'BSDE' => 
  array (
    'code' => 'BSDE',
    'name' => 'Bumi Serpong Damai Tbk',
    'sector' => 'PROPERTY',
    'index' => 'LQ45,KOMPAS100',
  ),
  'BSIM' => 
  array (
    'code' => 'BSIM',
    'name' => 'Bank Sinarmas Tbk',
    'sector' => 'FINANCE',
    'index' => '',
  ),
  'BSSR' => 
  array (
    'code' => 'BSSR',
    'name' => 'Baramulti Suksessarana Tbk',
    'sector' => 'MINING',
    'index' => '',
  ),
  'BSWD' => 
  array (
    'code' => 'BSWD',
    'name' => 'Bank Of India Indonesia Tbk',
    'sector' => 'FINANCE',
    'index' => '',
  ),
  'BTEK' => 
  array (
    'code' => 'BTEK',
    'name' => 'Bumi Teknokultura Unggul Tbk',
    'sector' => 'AGRI',
    'index' => '',
  ),
  'BTEL' => 
  array (
    'code' => 'BTEL',
    'name' => 'Bakrie Telecom Tbk',
    'sector' => 'INFRASTRUC',
    'index' => '',
  ),
  'BTON' => 
  array (
    'code' => 'BTON',
    'name' => 'Betonjaya Manunggal Tbk',
    'sector' => 'BASIC-IND',
    'index' => '',
  ),
  'BTPN' => 
  array (
    'code' => 'BTPN',
    'name' => 'Bank Tabungan Pensiunan Nasional Tbk',
    'sector' => 'FINANCE',
    'index' => '',
  ),
  'BUDI' => 
  array (
    'code' => 'BUDI',
    'name' => 'Budi Starch Sweetener Tbk',
    'sector' => 'BASIC-IND',
    'index' => '',
  ),
  'BUKK' => 
  array (
    'code' => 'BUKK',
    'name' => 'Bukaka Teknik Utama Tbk',
    'sector' => 'INFRASTRUC',
    'index' => '',
  ),
  'BULL' => 
  array (
    'code' => 'BULL',
    'name' => 'Buana Listya Tama Tbk',
    'sector' => 'INFRASTRUC',
    'index' => '',
  ),
  'BUMI' => 
  array (
    'code' => 'BUMI',
    'name' => 'Bumi Resources Tbk',
    'sector' => 'MINING',
    'index' => 'KOMPAS100',
  ),
  'BUVA' => 
  array (
    'code' => 'BUVA',
    'name' => 'Bukit Uluwatu Villa Tbk',
    'sector' => 'TRADE',
    'index' => '',
  ),
  'BVIC' => 
  array (
    'code' => 'BVIC',
    'name' => 'Bank Victoria International Tbk',
    'sector' => 'FINANCE',
    'index' => '',
  ),
  'BWPT' => 
  array (
    'code' => 'BWPT',
    'name' => 'BW Plantation Tbk',
    'sector' => 'AGRI',
    'index' => 'KOMPAS100',
  ),
  'BYAN' => 
  array (
    'code' => 'BYAN',
    'name' => 'Bayan Resources Tbk',
    'sector' => 'MINING',
    'index' => '',
  ),
  'CANI' => 
  array (
    'code' => 'CANI',
    'name' => 'Capitol Nusantara Indonesia Tbk',
    'sector' => 'INFRASTRUC',
    'index' => '',
  ),
  'CASA' => 
  array (
    'code' => 'CASA',
    'name' => 'Capital Financial Indonesia Tbk',
    'sector' => 'FINANCE',
    'index' => '',
  ),
  'CASS' => 
  array (
    'code' => 'CASS',
    'name' => 'Cardig Aero Services Tbk',
    'sector' => 'INFRASTRUC',
    'index' => '',
  ),
  'CEKA' => 
  array (
    'code' => 'CEKA',
    'name' => 'Wilmar Cahaya Indonesia Tbk',
    'sector' => 'CONSUMER',
    'index' => '',
  ),
  'CENT' => 
  array (
    'code' => 'CENT',
    'name' => 'Centrin Online Tbk',
    'sector' => 'TRADE',
    'index' => '',
  ),
  'CFIN' => 
  array (
    'code' => 'CFIN',
    'name' => 'Clipan Finance Indonesia Tbk',
    'sector' => 'FINANCE',
    'index' => '',
  ),
  'CINT' => 
  array (
    'code' => 'CINT',
    'name' => 'Chitose Internasional Tbk.',
    'sector' => 'CONSUMER',
    'index' => '',
  ),
  'CITA' => 
  array (
    'code' => 'CITA',
    'name' => 'Cita Mineral Investindo Tbk',
    'sector' => 'MINING',
    'index' => '',
  ),
  'CKRA' => 
  array (
    'code' => 'CKRA',
    'name' => 'Cakra Mineral Tbk',
    'sector' => 'MINING',
    'index' => '',
  ),
  'CLPI' => 
  array (
    'code' => 'CLPI',
    'name' => 'Colorpak Indonesia Tbk',
    'sector' => 'TRADE',
    'index' => '',
  ),
  'CMNP' => 
  array (
    'code' => 'CMNP',
    'name' => 'Citra Marga Nusaphala Persada Tbk',
    'sector' => 'INFRASTRUC',
    'index' => '',
  ),
  'CMPP' => 
  array (
    'code' => 'CMPP',
    'name' => 'Centris Multipersada Pratama Tbk',
    'sector' => 'INFRASTRUC',
    'index' => '',
  ),
  'CNKO' => 
  array (
    'code' => 'CNKO',
    'name' => 'Exploitasi Energi Indonesia Tbk',
    'sector' => 'TRADE',
    'index' => '',
  ),
  'CNTB' => 
  array (
    'code' => 'CNTB',
    'name' => 'Saham Seri B ( Centex Tbk )',
    'sector' => 'MISC-IND',
    'index' => '',
  ),
  'CNTX' => 
  array (
    'code' => 'CNTX',
    'name' => 'Century Textile Industry Tbk',
    'sector' => 'MISC-IND',
    'index' => '',
  ),
  'COWL' => 
  array (
    'code' => 'COWL',
    'name' => 'Cowell Development Tbk',
    'sector' => 'PROPERTY',
    'index' => '',
  ),
  'CPGT' => 
  array (
    'code' => 'CPGT',
    'name' => 'Cipaganti Citra Graha Tbk',
    'sector' => 'INFRASTRUC',
    'index' => '',
  ),
  'CPIN' => 
  array (
    'code' => 'CPIN',
    'name' => 'Charoen Pokphand Indonesia Tbk',
    'sector' => 'BASIC-IND',
    'index' => 'LQ45,KOMPAS100',
  ),
  'CPRO' => 
  array (
    'code' => 'CPRO',
    'name' => 'Central Proteinaprima Tbk',
    'sector' => 'AGRI',
    'index' => 'KOMPAS100',
  ),
  'CSAP' => 
  array (
    'code' => 'CSAP',
    'name' => 'Catur Sentosa Adiprana Tbk',
    'sector' => 'TRADE',
    'index' => 'PEFINDO25',
  ),
  'CTBN' => 
  array (
    'code' => 'CTBN',
    'name' => 'Citra Tubindo Tbk',
    'sector' => 'BASIC-IND',
    'index' => '',
  ),
  'CTRA' => 
  array (
    'code' => 'CTRA',
    'name' => 'Ciputra Development Tbk',
    'sector' => 'PROPERTY',
    'index' => 'KOMPAS100',
  ),
  'CTRP' => 
  array (
    'code' => 'CTRP',
    'name' => 'Ciputra Property Tbk',
    'sector' => 'PROPERTY',
    'index' => '',
  ),
  'CTRS' => 
  array (
    'code' => 'CTRS',
    'name' => 'Ciputra Surya Tbk',
    'sector' => 'PROPERTY',
    'index' => '',
  ),
  'CTTH' => 
  array (
    'code' => 'CTTH',
    'name' => 'Citatah Tbk',
    'sector' => 'MINING',
    'index' => '',
  ),
  'DAJK' => 
  array (
    'code' => 'DAJK',
    'name' => 'Dwi Aneka Jaya Kemasindo Tbk.',
    'sector' => 'BASIC-IND',
    'index' => '',
  ),
  'DART' => 
  array (
    'code' => 'DART',
    'name' => 'Duta Anggada Realty Tbk',
    'sector' => 'PROPERTY',
    'index' => '',
  ),
  'DAYA' => 
  array (
    'code' => 'DAYA',
    'name' => 'Duta Intidaya Tbk',
    'sector' => 'TRADE',
    'index' => '',
  ),
  'DEFI' => 
  array (
    'code' => 'DEFI',
    'name' => 'Danasupra Erapacific Tbk',
    'sector' => 'FINANCE',
    'index' => '',
  ),
  'DEWA' => 
  array (
    'code' => 'DEWA',
    'name' => 'Darma Henwa Tbk',
    'sector' => 'MINING',
    'index' => '',
  ),
  'DGIK' => 
  array (
    'code' => 'DGIK',
    'name' => 'Nusa Konstruksi Enjiniring Tbk',
    'sector' => 'PROPERTY',
    'index' => '',
  ),
  'DILD' => 
  array (
    'code' => 'DILD',
    'name' => 'Intiland Development Tbk',
    'sector' => 'PROPERTY',
    'index' => 'KOMPAS100',
  ),
  'DKFT' => 
  array (
    'code' => 'DKFT',
    'name' => 'Central Omega Resources Tbk',
    'sector' => 'MINING',
    'index' => '',
  ),
  'DLTA' => 
  array (
    'code' => 'DLTA',
    'name' => 'Delta Djakarta Tbk',
    'sector' => 'CONSUMER',
    'index' => '',
  ),
  'DMAS' => 
  array (
    'code' => 'DMAS',
    'name' => 'Puradelta Lestari Tbk',
    'sector' => 'PROPERTY',
    'index' => '',
  ),
  'DNAR' => 
  array (
    'code' => 'DNAR',
    'name' => 'Bank Dinar Indonesia Tbk.',
    'sector' => 'FINANCE',
    'index' => '',
  ),
  'DNET' => 
  array (
    'code' => 'DNET',
    'name' => 'Indoritel Makmur Internasional Tbk',
    'sector' => 'TRADE',
    'index' => '',
  ),
  'DOID' => 
  array (
    'code' => 'DOID',
    'name' => 'Delta Dunia Makmur Tbk',
    'sector' => 'MINING',
    'index' => '',
  ),
  'DPNS' => 
  array (
    'code' => 'DPNS',
    'name' => 'Duta Pertiwi Nusantara Tbk',
    'sector' => 'BASIC-IND',
    'index' => '',
  ),
  'DPUM' => 
  array (
    'code' => 'DPUM',
    'name' => 'Dua Putra Utama Makmur Tbk.',
    'sector' => 'TRADE',
    'index' => '',
  ),
  'DSFI' => 
  array (
    'code' => 'DSFI',
    'name' => 'Dharma Samudera Fishing Industries Tbk',
    'sector' => 'AGRI',
    'index' => 'KOMPAS100',
  ),
  'DSNG' => 
  array (
    'code' => 'DSNG',
    'name' => 'Dharma Satya Nusantara Tbk',
    'sector' => 'AGRI',
    'index' => 'KOMPAS100',
  ),
  'DSSA' => 
  array (
    'code' => 'DSSA',
    'name' => 'Dian Swastatika Sentosa Tbk',
    'sector' => 'TRADE',
    'index' => '',
  ),
  'DUTI' => 
  array (
    'code' => 'DUTI',
    'name' => 'Duta Pertiwi Tbk',
    'sector' => 'PROPERTY',
    'index' => '',
  ),
  'DVLA' => 
  array (
    'code' => 'DVLA',
    'name' => 'Darya-Varia Laboratoria Tbk',
    'sector' => 'CONSUMER',
    'index' => '',
  ),
  'DYAN' => 
  array (
    'code' => 'DYAN',
    'name' => 'Dyandra Media International Tbk',
    'sector' => 'TRADE',
    'index' => '',
  ),
  'ECII' => 
  array (
    'code' => 'ECII',
    'name' => 'Electronic City Indonesia Tbk',
    'sector' => 'TRADE',
    'index' => '',
  ),
  'EKAD' => 
  array (
    'code' => 'EKAD',
    'name' => 'Ekadharma International Tbk',
    'sector' => 'BASIC-IND',
    'index' => '',
  ),
  'ELSA' => 
  array (
    'code' => 'ELSA',
    'name' => 'Elnusa Tbk',
    'sector' => 'MINING',
    'index' => 'PEFINDO25,KOMPAS100',
  ),
  'ELTY' => 
  array (
    'code' => 'ELTY',
    'name' => 'Bakrieland Development Tbk',
    'sector' => 'PROPERTY',
    'index' => '',
  ),
  'EMDE' => 
  array (
    'code' => 'EMDE',
    'name' => 'Megapolitan Developments Tbk',
    'sector' => 'PROPERTY',
    'index' => '',
  ),
  'EMTK' => 
  array (
    'code' => 'EMTK',
    'name' => 'Elang Mahkota Teknologi Tbk',
    'sector' => 'TRADE',
    'index' => '',
  ),
  'ENRG' => 
  array (
    'code' => 'ENRG',
    'name' => 'Energi Mega Persada Tbk',
    'sector' => 'MINING',
    'index' => 'KOMPAS100',
  ),
  'EPMT' => 
  array (
    'code' => 'EPMT',
    'name' => 'Enseval Putera Megatrading Tbk',
    'sector' => 'TRADE',
    'index' => '',
  ),
  'ERAA' => 
  array (
    'code' => 'ERAA',
    'name' => 'Erajaya Swasembada Tbk',
    'sector' => 'TRADE',
    'index' => 'KOMPAS100',
  ),
  'ERTX' => 
  array (
    'code' => 'ERTX',
    'name' => 'Eratex Djaja Tbk',
    'sector' => 'MISC-IND',
    'index' => '',
  ),
  'ESSA' => 
  array (
    'code' => 'ESSA',
    'name' => 'Surya Esa Perkasa Tbk',
    'sector' => 'MINING',
    'index' => '',
  ),
  'ESTI' => 
  array (
    'code' => 'ESTI',
    'name' => 'Ever Shine Tex Tbk',
    'sector' => 'MISC-IND',
    'index' => '',
  ),
  'ETWA' => 
  array (
    'code' => 'ETWA',
    'name' => 'Eterindo Wahanatama Tbk',
    'sector' => 'BASIC-IND',
    'index' => '',
  ),
  'EXCL' => 
  array (
    'code' => 'EXCL',
    'name' => 'XL Axiata Tbk',
    'sector' => 'INFRASTRUC',
    'index' => 'KOMPAS100',
  ),
  'FAST' => 
  array (
    'code' => 'FAST',
    'name' => 'Fast Food Indonesia Tbk',
    'sector' => 'TRADE',
    'index' => '',
  ),
  'FASW' => 
  array (
    'code' => 'FASW',
    'name' => 'Fajar Surya Wisesa Tbk',
    'sector' => 'BASIC-IND',
    'index' => '',
  ),
  'FISH' => 
  array (
    'code' => 'FISH',
    'name' => 'FKS Multi Agro Tbk',
    'sector' => 'TRADE',
    'index' => '',
  ),
  'FMII' => 
  array (
    'code' => 'FMII',
    'name' => 'Fortune Mate Indonesia Tbk',
    'sector' => 'PROPERTY',
    'index' => '',
  ),
  'FORU' => 
  array (
    'code' => 'FORU',
    'name' => 'Fortune Indonesia Tbk',
    'sector' => 'TRADE',
    'index' => '',
  ),
  'FPNI' => 
  array (
    'code' => 'FPNI',
    'name' => 'Lotte Chemical Titan Tbk',
    'sector' => 'BASIC-IND',
    'index' => '',
  ),
  'FREN' => 
  array (
    'code' => 'FREN',
    'name' => 'Smartfren Telecom Tbk',
    'sector' => 'INFRASTRUC',
    'index' => '',
  ),
  'GAMA' => 
  array (
    'code' => 'GAMA',
    'name' => 'Gading Development Tbk',
    'sector' => 'PROPERTY',
    'index' => '',
  ),
  'GDST' => 
  array (
    'code' => 'GDST',
    'name' => 'Gunawan Dianjaya Steel Tbk',
    'sector' => 'BASIC-IND',
    'index' => '',
  ),
  'GDYR' => 
  array (
    'code' => 'GDYR',
    'name' => 'Goodyear Indonesia Tbk',
    'sector' => 'MISC-IND',
    'index' => '',
  ),
  'GEMA' => 
  array (
    'code' => 'GEMA',
    'name' => 'Gema Grahasarana Tbk',
    'sector' => 'TRADE',
    'index' => '',
  ),
  'GEMS' => 
  array (
    'code' => 'GEMS',
    'name' => 'Golden Energy Mines Tbk',
    'sector' => 'MINING',
    'index' => '',
  ),
  'GGRM' => 
  array (
    'code' => 'GGRM',
    'name' => 'Gudang Garam Tbk',
    'sector' => 'CONSUMER',
    'index' => 'LQ45,KOMPAS100',
  ),
  'GIAA' => 
  array (
    'code' => 'GIAA',
    'name' => 'Garuda Indonesia (Persero) Tbk',
    'sector' => 'INFRASTRUC',
    'index' => 'KOMPAS100',
  ),
  'GJTL' => 
  array (
    'code' => 'GJTL',
    'name' => 'Gajah Tunggal Tbk',
    'sector' => 'MISC-IND',
    'index' => 'KOMPAS100',
  ),
  'GLOB' => 
  array (
    'code' => 'GLOB',
    'name' => 'Global Teleshop Tbk',
    'sector' => 'TRADE',
    'index' => '',
  ),
  'GMCW' => 
  array (
    'code' => 'GMCW',
    'name' => 'Grahamas Citrawisata Tbk',
    'sector' => 'TRADE',
    'index' => '',
  ),
  'GMTD' => 
  array (
    'code' => 'GMTD',
    'name' => 'Gowa Makassar Tourism Development Tbk',
    'sector' => 'PROPERTY',
    'index' => '',
  ),
  'GOLD' => 
  array (
    'code' => 'GOLD',
    'name' => 'Golden Retailindo Tbk',
    'sector' => 'TRADE',
    'index' => '',
  ),
  'GOLL' => 
  array (
    'code' => 'GOLL',
    'name' => 'Golden Plantation Tbk.',
    'sector' => 'AGRI',
    'index' => '',
  ),
  'GPRA' => 
  array (
    'code' => 'GPRA',
    'name' => 'Perdana Gapuraprima Tbk',
    'sector' => 'PROPERTY',
    'index' => '',
  ),
  'GREN' => 
  array (
    'code' => 'GREN',
    'name' => 'Evergreen Invesco Tbk',
    'sector' => 'TRADE',
    'index' => '',
  ),
  'GSMF' => 
  array (
    'code' => 'GSMF',
    'name' => 'Equity Development Investment Tbk',
    'sector' => 'FINANCE',
    'index' => '',
  ),
  'GTBO' => 
  array (
    'code' => 'GTBO',
    'name' => 'Garda Tujuh Buana Tbk',
    'sector' => 'MINING',
    'index' => '',
  ),
  'GWSA' => 
  array (
    'code' => 'GWSA',
    'name' => 'Greenwood Sejahtera Tbk',
    'sector' => 'PROPERTY',
    'index' => '',
  ),
  'GZCO' => 
  array (
    'code' => 'GZCO',
    'name' => 'Gozco Plantations Tbk',
    'sector' => 'AGRI',
    'index' => '',
  ),
  'HADE' => 
  array (
    'code' => 'HADE',
    'name' => 'HD Capital Tbk',
    'sector' => 'FINANCE',
    'index' => '',
  ),
  'HDFA' => 
  array (
    'code' => 'HDFA',
    'name' => 'HD Finance Tbk',
    'sector' => 'FINANCE',
    'index' => '',
  ),
  'HDTX' => 
  array (
    'code' => 'HDTX',
    'name' => 'Panasia Indo Resources Tbk',
    'sector' => 'MISC-IND',
    'index' => '',
  ),
  'HERO' => 
  array (
    'code' => 'HERO',
    'name' => 'Hero Supermarket Tbk',
    'sector' => 'TRADE',
    'index' => '',
  ),
  'HEXA' => 
  array (
    'code' => 'HEXA',
    'name' => 'Hexindo Adiperkasa Tbk',
    'sector' => 'TRADE',
    'index' => '',
  ),
  'HITS' => 
  array (
    'code' => 'HITS',
    'name' => 'Humpuss Intermoda Transportasi Tbk',
    'sector' => 'INFRASTRUC',
    'index' => '',
  ),
  'HMSP' => 
  array (
    'code' => 'HMSP',
    'name' => 'HM Sampoerna Tbk',
    'sector' => 'CONSUMER',
    'index' => 'LQ45,KOMPAS100',
  ),
  'HOME' => 
  array (
    'code' => 'HOME',
    'name' => 'Hotel Mandarine Regency Tbk',
    'sector' => 'TRADE',
    'index' => '',
  ),
  'HOTL' => 
  array (
    'code' => 'HOTL',
    'name' => 'Saraswati Griya Lestari Tbk',
    'sector' => 'TRADE',
    'index' => '',
  ),
  'HRUM' => 
  array (
    'code' => 'HRUM',
    'name' => 'Harum Energy Tbk',
    'sector' => 'MINING',
    'index' => '',
  ),
  'IATA' => 
  array (
    'code' => 'IATA',
    'name' => 'Indonesia Air Transport Tbk',
    'sector' => 'INFRASTRUC',
    'index' => '',
  ),
  'IBFN' => 
  array (
    'code' => 'IBFN',
    'name' => 'Intan Baruprana Finance Tbk.',
    'sector' => 'FINANCE',
    'index' => '',
  ),
  'IBST' => 
  array (
    'code' => 'IBST',
    'name' => 'Inti Bangun Sejahtera Tbk',
    'sector' => 'INFRASTRUC',
    'index' => '',
  ),
  'ICBP' => 
  array (
    'code' => 'ICBP',
    'name' => 'Indofood CBP Sukses Makmur Tbk',
    'sector' => 'CONSUMER',
    'index' => 'LQ45,KOMPAS100',
  ),
  'ICON' => 
  array (
    'code' => 'ICON',
    'name' => 'Island Concepts Indonesia Tbk',
    'sector' => 'TRADE',
    'index' => '',
  ),
  'IDPR' => 
  array (
    'code' => 'IDPR',
    'name' => 'Indonesia Pondasi Raya Tbk.',
    'sector' => 'PROPERTY',
    'index' => '',
  ),
  'IGAR' => 
  array (
    'code' => 'IGAR',
    'name' => 'Champion Pacific Indonesia Tbk',
    'sector' => 'BASIC-IND',
    'index' => '',
  ),
  'IIKP' => 
  array (
    'code' => 'IIKP',
    'name' => 'Inti Agri Resources Tbk',
    'sector' => 'AGRI',
    'index' => '',
  ),
  'IKAI' => 
  array (
    'code' => 'IKAI',
    'name' => 'Intikeramik Alamasri Industri Tbk',
    'sector' => 'BASIC-IND',
    'index' => '',
  ),
  'IKBI' => 
  array (
    'code' => 'IKBI',
    'name' => 'Sumi Indo Kabel Tbk',
    'sector' => 'MISC-IND',
    'index' => '',
  ),
  'IMAS' => 
  array (
    'code' => 'IMAS',
    'name' => 'Indomobil Sukses Internasional Tbk',
    'sector' => 'MISC-IND',
    'index' => '',
  ),
  'IMJS' => 
  array (
    'code' => 'IMJS',
    'name' => 'Indomobil Multi Jasa Tbk',
    'sector' => 'FINANCE',
    'index' => '',
  ),
  'IMPC' => 
  array (
    'code' => 'IMPC',
    'name' => 'Impack Pratama Industri Tbk.',
    'sector' => 'BASIC-IND',
    'index' => '',
  ),
  'INAF' => 
  array (
    'code' => 'INAF',
    'name' => 'Indofarma Tbk',
    'sector' => 'CONSUMER',
    'index' => '',
  ),
  'INAI' => 
  array (
    'code' => 'INAI',
    'name' => 'Indal Aluminium Industry Tbk',
    'sector' => 'BASIC-IND',
    'index' => '',
  ),
  'INCI' => 
  array (
    'code' => 'INCI',
    'name' => 'Intanwijaya Internasional Tbk',
    'sector' => 'BASIC-IND',
    'index' => '',
  ),
  'INCO' => 
  array (
    'code' => 'INCO',
    'name' => 'Vale Indonesia Tbk',
    'sector' => 'MINING',
    'index' => 'LQ45,KOMPAS100',
  ),
  'INDF' => 
  array (
    'code' => 'INDF',
    'name' => 'Indofood Sukses Makmur Tbk',
    'sector' => 'CONSUMER',
    'index' => 'LQ45,KOMPAS100',
  ),
  'INDR' => 
  array (
    'code' => 'INDR',
    'name' => 'Indo-Rama Synthetics Tbk',
    'sector' => 'MISC-IND',
    'index' => '',
  ),
  'INDS' => 
  array (
    'code' => 'INDS',
    'name' => 'Indospring Tbk',
    'sector' => 'MISC-IND',
    'index' => '',
  ),
  'INDX' => 
  array (
    'code' => 'INDX',
    'name' => 'Tanah Laut Tbk',
    'sector' => 'INFRASTRUC',
    'index' => '',
  ),
  'INDY' => 
  array (
    'code' => 'INDY',
    'name' => 'Indika Energy Tbk',
    'sector' => 'INFRASTRUC',
    'index' => '',
  ),
  'INKP' => 
  array (
    'code' => 'INKP',
    'name' => 'Indah Kiat Pulp Paper Tbk',
    'sector' => 'BASIC-IND',
    'index' => '',
  ),
  'INPC' => 
  array (
    'code' => 'INPC',
    'name' => 'Bank Artha Graha Internasional Tbk',
    'sector' => 'FINANCE',
    'index' => '',
  ),
  'INPP' => 
  array (
    'code' => 'INPP',
    'name' => 'Indonesian Paradise Property Tbk',
    'sector' => 'TRADE',
    'index' => '',
  ),
  'INRU' => 
  array (
    'code' => 'INRU',
    'name' => 'Toba Pulp Lestari Tbk',
    'sector' => 'BASIC-IND',
    'index' => '',
  ),
  'INTA' => 
  array (
    'code' => 'INTA',
    'name' => 'Intraco Penta Tbk',
    'sector' => 'TRADE',
    'index' => '',
  ),
  'INTD' => 
  array (
    'code' => 'INTD',
    'name' => 'Inter Delta Tbk',
    'sector' => 'TRADE',
    'index' => '',
  ),
  'INTP' => 
  array (
    'code' => 'INTP',
    'name' => 'Indocement Tunggal Prakasa Tbk',
    'sector' => 'BASIC-IND',
    'index' => 'LQ45,KOMPAS100',
  ),
  'INVS' => 
  array (
    'code' => 'INVS',
    'name' => 'Inovisi Infracom Tbk',
    'sector' => 'INFRASTRUC',
    'index' => '',
  ),
  'IPOL' => 
  array (
    'code' => 'IPOL',
    'name' => 'Indopoly Swakarsa Industry Tbk',
    'sector' => 'BASIC-IND',
    'index' => '',
  ),
  'ISAT' => 
  array (
    'code' => 'ISAT',
    'name' => 'Indosat Tbk',
    'sector' => 'INFRASTRUC',
    'index' => 'KOMPAS100',
  ),
  'ISSP' => 
  array (
    'code' => 'ISSP',
    'name' => 'Steel Pipe Industry of Indonesia Tbk',
    'sector' => 'BASIC-IND',
    'index' => '',
  ),
  'ITMA' => 
  array (
    'code' => 'ITMA',
    'name' => 'Sumber Energi Andalan Tbk',
    'sector' => 'TRADE',
    'index' => '',
  ),
  'ITMG' => 
  array (
    'code' => 'ITMG',
    'name' => 'Indo Tambangraya Megah Tbk',
    'sector' => 'MINING',
    'index' => 'KOMPAS100',
  ),
  'ITTG' => 
  array (
    'code' => 'ITTG',
    'name' => 'Leo Investments Tbk',
    'sector' => 'TRADE',
    'index' => '',
  ),
  'JAWA' => 
  array (
    'code' => 'JAWA',
    'name' => 'Jaya Agra Wattie Tbk',
    'sector' => 'AGRI',
    'index' => '',
  ),
  'JECC' => 
  array (
    'code' => 'JECC',
    'name' => 'Jembo Cable Company Tbk',
    'sector' => 'MISC-IND',
    'index' => '',
  ),
  'JGLE' => 
  array (
    'code' => 'JGLE',
    'name' => 'Graha Andrasentra Propertindo Tbk',
    'sector' => 'TRADE',
    'index' => '',
  ),
  'JIHD' => 
  array (
    'code' => 'JIHD',
    'name' => 'Jakarta International Hotels Development Tbk',
    'sector' => 'TRADE',
    'index' => '',
  ),
  'JKON' => 
  array (
    'code' => 'JKON',
    'name' => 'Jaya Konstruksi Manggala Pratama Tbk',
    'sector' => 'TRADE',
    'index' => '',
  ),
  'JKSW' => 
  array (
    'code' => 'JKSW',
    'name' => 'Jakarta Kyoei Steel Works Tbk',
    'sector' => 'BASIC-IND',
    'index' => '',
  ),
  'JPFA' => 
  array (
    'code' => 'JPFA',
    'name' => 'Japfa Comfeed Indonesia Tbk',
    'sector' => 'BASIC-IND',
    'index' => 'KOMPAS100',
  ),
  'JPRS' => 
  array (
    'code' => 'JPRS',
    'name' => 'Jaya Pari Steel Tbk',
    'sector' => 'BASIC-IND',
    'index' => '',
  ),
  'JRPT' => 
  array (
    'code' => 'JRPT',
    'name' => 'Jaya Real Property Tbk',
    'sector' => 'PROPERTY',
    'index' => '',
  ),
  'JSMR' => 
  array (
    'code' => 'JSMR',
    'name' => 'Jasa Marga (Persero) Tbk',
    'sector' => 'INFRASTRUC',
    'index' => 'LQ45,KOMPAS100',
  ),
  'JSPT' => 
  array (
    'code' => 'JSPT',
    'name' => 'Jakarta Setiabudi Internasional Tbk',
    'sector' => 'TRADE',
    'index' => '',
  ),
  'JTPE' => 
  array (
    'code' => 'JTPE',
    'name' => 'Jasuindo Tiga Perkasa Tbk',
    'sector' => 'TRADE',
    'index' => '',
  ),
  'KAEF' => 
  array (
    'code' => 'KAEF',
    'name' => 'Kimia Farma Tbk',
    'sector' => 'CONSUMER',
    'index' => '',
  ),
  'KARW' => 
  array (
    'code' => 'KARW',
    'name' => 'ICTSI Jasa Prima Tbk',
    'sector' => 'INFRASTRUC',
    'index' => '',
  ),
  'KBLI' => 
  array (
    'code' => 'KBLI',
    'name' => 'KMI Wire Cable Tbk',
    'sector' => 'MISC-IND',
    'index' => '',
  ),
  'KBLM' => 
  array (
    'code' => 'KBLM',
    'name' => 'Kabelindo Murni Tbk',
    'sector' => 'MISC-IND',
    'index' => '',
  ),
  'KBLV' => 
  array (
    'code' => 'KBLV',
    'name' => 'First Media Tbk',
    'sector' => 'TRADE',
    'index' => '',
  ),
  'KBRI' => 
  array (
    'code' => 'KBRI',
    'name' => 'Kertas Basuki Rachmat Indonesia Tbk',
    'sector' => 'BASIC-IND',
    'index' => '',
  ),
  'KDSI' => 
  array (
    'code' => 'KDSI',
    'name' => 'Kedawung Setia Industrial Tbk',
    'sector' => 'CONSUMER',
    'index' => '',
  ),
  'KIAS' => 
  array (
    'code' => 'KIAS',
    'name' => 'Keramika Indonesia Assosiasi Tbk',
    'sector' => 'BASIC-IND',
    'index' => '',
  ),
  'KICI' => 
  array (
    'code' => 'KICI',
    'name' => 'Kedaung Indah Can Tbk',
    'sector' => 'CONSUMER',
    'index' => '',
  ),
  'KIJA' => 
  array (
    'code' => 'KIJA',
    'name' => 'Kawasan Industri Jababeka Tbk',
    'sector' => 'PROPERTY',
    'index' => 'KOMPAS100',
  ),
  'KINO' => 
  array (
    'code' => 'KINO',
    'name' => 'Kino Indonesia Tbk',
    'sector' => 'CONSUMER',
    'index' => '',
  ),
  'KKGI' => 
  array (
    'code' => 'KKGI',
    'name' => 'Resource Alam Indonesia Tbk',
    'sector' => 'MINING',
    'index' => '',
  ),
  'KLBF' => 
  array (
    'code' => 'KLBF',
    'name' => 'Kalbe Farma Tbk',
    'sector' => 'CONSUMER',
    'index' => 'LQ45,KOMPAS100',
  ),
  'KOBX' => 
  array (
    'code' => 'KOBX',
    'name' => 'Kobexindo Tractors Tbk',
    'sector' => 'TRADE',
    'index' => '',
  ),
  'KOIN' => 
  array (
    'code' => 'KOIN',
    'name' => 'Kokoh Inti Arebama Tbk',
    'sector' => 'TRADE',
    'index' => '',
  ),
  'KONI' => 
  array (
    'code' => 'KONI',
    'name' => 'Perdana Bangun Pusaka Tbk',
    'sector' => 'TRADE',
    'index' => '',
  ),
  'KOPI' => 
  array (
    'code' => 'KOPI',
    'name' => 'Mitra Energi Persada Tbk.',
    'sector' => 'INFRASTRUC',
    'index' => '',
  ),
  'KPIG' => 
  array (
    'code' => 'KPIG',
    'name' => 'MNC Land Tbk',
    'sector' => 'PROPERTY',
    'index' => '',
  ),
  'KRAH' => 
  array (
    'code' => 'KRAH',
    'name' => 'Grand Kartech Tbk',
    'sector' => 'MISC-IND',
    'index' => '',
  ),
  'KRAS' => 
  array (
    'code' => 'KRAS',
    'name' => 'Krakatau Steel (Persero) Tbk',
    'sector' => 'BASIC-IND',
    'index' => '',
  ),
  'KREN' => 
  array (
    'code' => 'KREN',
    'name' => 'Kresna Graha Sekurindo Tbk',
    'sector' => 'FINANCE',
    'index' => 'KOMPAS100',
  ),
  'LAMI' => 
  array (
    'code' => 'LAMI',
    'name' => 'Lamicitra Nusantara Tbk',
    'sector' => 'PROPERTY',
    'index' => '',
  ),
  'LAPD' => 
  array (
    'code' => 'LAPD',
    'name' => 'Leyand International Tbk',
    'sector' => 'INFRASTRUC',
    'index' => '',
  ),
  'LCGP' => 
  array (
    'code' => 'LCGP',
    'name' => 'Eureka Prima Jakarta Tbk',
    'sector' => 'PROPERTY',
    'index' => 'KOMPAS100',
  ),
  'LEAD' => 
  array (
    'code' => 'LEAD',
    'name' => 'Logindo Samudramakmur Tbk',
    'sector' => 'INFRASTRUC',
    'index' => '',
  ),
  'LINK' => 
  array (
    'code' => 'LINK',
    'name' => 'Link Net Tbk.',
    'sector' => 'TRADE',
    'index' => 'KOMPAS100,PEFINDO25',
  ),
  'LION' => 
  array (
    'code' => 'LION',
    'name' => 'Lion Metal Works Tbk',
    'sector' => 'BASIC-IND',
    'index' => '',
  ),
  'LMAS' => 
  array (
    'code' => 'LMAS',
    'name' => 'Limas Centric Indonesia Tbk',
    'sector' => 'TRADE',
    'index' => '',
  ),
  'LMPI' => 
  array (
    'code' => 'LMPI',
    'name' => 'Langgeng Makmur Industri Tbk',
    'sector' => 'CONSUMER',
    'index' => '',
  ),
  'LMSH' => 
  array (
    'code' => 'LMSH',
    'name' => 'Lionmesh Prima Tbk',
    'sector' => 'BASIC-IND',
    'index' => '',
  ),
  'LPCK' => 
  array (
    'code' => 'LPCK',
    'name' => 'Lippo Cikarang Tbk',
    'sector' => 'PROPERTY',
    'index' => 'KOMPAS100,PEFINDO25',
  ),
  'LPGI' => 
  array (
    'code' => 'LPGI',
    'name' => 'Lippo General Insurance Tbk',
    'sector' => 'FINANCE',
    'index' => '',
  ),
  'LPIN' => 
  array (
    'code' => 'LPIN',
    'name' => 'Multi Prima Sejahtera Tbk',
    'sector' => 'MISC-IND',
    'index' => '',
  ),
  'LPKR' => 
  array (
    'code' => 'LPKR',
    'name' => 'Lippo Karawaci Tbk',
    'sector' => 'PROPERTY',
    'index' => 'LQ45,KOMPAS100',
  ),
  'LPLI' => 
  array (
    'code' => 'LPLI',
    'name' => 'Star Pacific Tbk',
    'sector' => 'TRADE',
    'index' => '',
  ),
  'LPPF' => 
  array (
    'code' => 'LPPF',
    'name' => 'Matahari Department Store Tbk',
    'sector' => 'TRADE',
    'index' => 'LQ45,KOMPAS100,PEFINDO25',
  ),
  'LPPS' => 
  array (
    'code' => 'LPPS',
    'name' => 'Lippo Securities Tbk',
    'sector' => 'FINANCE',
    'index' => '',
  ),
  'LRNA' => 
  array (
    'code' => 'LRNA',
    'name' => 'Eka Sari Lorena Transport Tbk.',
    'sector' => 'INFRASTRUC',
    'index' => '',
  ),
  'LSIP' => 
  array (
    'code' => 'LSIP',
    'name' => 'PP London Sumatra Indonesia Tbk',
    'sector' => 'AGRI',
    'index' => 'LQ45,KOMPAS100',
  ),
  'LTLS' => 
  array (
    'code' => 'LTLS',
    'name' => 'Lautan Luas Tbk',
    'sector' => 'TRADE',
    'index' => '',
  ),
  'MAGP' => 
  array (
    'code' => 'MAGP',
    'name' => 'Multi Agro Gemilang Plantation Tbk',
    'sector' => 'AGRI',
    'index' => '',
  ),
  'MAIN' => 
  array (
    'code' => 'MAIN',
    'name' => 'Malindo Feedmill Tbk',
    'sector' => 'BASIC-IND',
    'index' => '',
  ),
  'MAMI' => 
  array (
    'code' => 'MAMI',
    'name' => 'Mas Murni Indonesia Tbk',
    'sector' => 'TRADE',
    'index' => '',
  ),
  'MAMIP' => 
  array (
    'code' => 'MAMIP',
    'name' => 'Mas Murni Tbk (Saham Preferen)',
    'sector' => 'TRADE',
    'index' => '',
  ),
  'MAPI' => 
  array (
    'code' => 'MAPI',
    'name' => 'Mitra Adiperkasa Tbk',
    'sector' => 'TRADE',
    'index' => 'KOMPAS100',
  ),
  'MARI' => 
  array (
    'code' => 'MARI',
    'name' => 'Mahaka Radio Integra Tbk.',
    'sector' => 'TRADE',
    'index' => '',
  ),
  'MASA' => 
  array (
    'code' => 'MASA',
    'name' => 'Multistrada Arah Sarana Tbk',
    'sector' => 'MISC-IND',
    'index' => '',
  ),
  'MAYA' => 
  array (
    'code' => 'MAYA',
    'name' => 'Bank Mayapada Internasional Tbk',
    'sector' => 'FINANCE',
    'index' => '',
  ),
  'MBAP' => 
  array (
    'code' => 'MBAP',
    'name' => 'Mitrabara Adiperdana Tbk.',
    'sector' => 'MINING',
    'index' => '',
  ),
  'MBSS' => 
  array (
    'code' => 'MBSS',
    'name' => 'Mitrabahtera Segara Sejati Tbk',
    'sector' => 'INFRASTRUC',
    'index' => '',
  ),
  'MBTO' => 
  array (
    'code' => 'MBTO',
    'name' => 'Martina Berto Tbk',
    'sector' => 'CONSUMER',
    'index' => '',
  ),
  'MCOR' => 
  array (
    'code' => 'MCOR',
    'name' => 'Bank Windu Kentjana International Tbk',
    'sector' => 'FINANCE',
    'index' => '',
  ),
  'MDIA' => 
  array (
    'code' => 'MDIA',
    'name' => 'Intermedia Capital Tbk.',
    'sector' => 'TRADE',
    'index' => '',
  ),
  'MDKA' => 
  array (
    'code' => 'MDKA',
    'name' => 'Merdeka Copper Gold Tbk.',
    'sector' => 'MINING',
    'index' => '',
  ),
  'MDLN' => 
  array (
    'code' => 'MDLN',
    'name' => 'Modernland Realty Ltd Tbk',
    'sector' => 'PROPERTY',
    'index' => 'KOMPAS100',
  ),
  'MDRN' => 
  array (
    'code' => 'MDRN',
    'name' => 'Modern Internasional Tbk',
    'sector' => 'TRADE',
    'index' => '',
  ),
  'MEDC' => 
  array (
    'code' => 'MEDC',
    'name' => 'Medco Energi International Tbk',
    'sector' => 'MINING',
    'index' => '',
  ),
  'MEGA' => 
  array (
    'code' => 'MEGA',
    'name' => 'Bank Mega Tbk',
    'sector' => 'FINANCE',
    'index' => '',
  ),
  'MERK' => 
  array (
    'code' => 'MERK',
    'name' => 'Merck Tbk',
    'sector' => 'CONSUMER',
    'index' => '',
  ),
  'META' => 
  array (
    'code' => 'META',
    'name' => 'Nusantara Infrastructure Tbk',
    'sector' => 'INFRASTRUC',
    'index' => 'KOMPAS100',
  ),
  'MFIN' => 
  array (
    'code' => 'MFIN',
    'name' => 'Mandala Multifinance Tbk',
    'sector' => 'FINANCE',
    'index' => '',
  ),
  'MFMI' => 
  array (
    'code' => 'MFMI',
    'name' => 'Multifiling Mitra Indonesia Tbk',
    'sector' => 'TRADE',
    'index' => '',
  ),
  'MGNA' => 
  array (
    'code' => 'MGNA',
    'name' => 'Magna Finance Tbk.',
    'sector' => 'FINANCE',
    'index' => '',
  ),
  'MICE' => 
  array (
    'code' => 'MICE',
    'name' => 'Multi Indocitra Tbk',
    'sector' => 'TRADE',
    'index' => '',
  ),
  'MIDI' => 
  array (
    'code' => 'MIDI',
    'name' => 'Midi Utama Indonesia Tbk',
    'sector' => 'TRADE',
    'index' => '',
  ),
  'MIKA' => 
  array (
    'code' => 'MIKA',
    'name' => 'Mitra Keluarga Karyasehat Tbk',
    'sector' => 'TRADE',
    'index' => 'KOMPAS100,PEFINDO25',
  ),
  'MIRA' => 
  array (
    'code' => 'MIRA',
    'name' => 'Mitra International Resources Tbk',
    'sector' => 'INFRASTRUC',
    'index' => '',
  ),
  'MITI' => 
  array (
    'code' => 'MITI',
    'name' => 'Mitra Investindo Tbk',
    'sector' => 'MINING',
    'index' => '',
  ),
  'MKNT' => 
  array (
    'code' => 'MKNT',
    'name' => 'Mitra Komunikasi Nusantara',
    'sector' => 'INFRASTRUC',
    'index' => '',
  ),
  'MKPI' => 
  array (
    'code' => 'MKPI',
    'name' => 'Metropolitan Kentjana Tbk',
    'sector' => 'PROPERTY',
    'index' => '',
  ),
  'MLBI' => 
  array (
    'code' => 'MLBI',
    'name' => 'Multi Bintang Indonesia Tbk',
    'sector' => 'CONSUMER',
    'index' => '',
  ),
  'MLIA' => 
  array (
    'code' => 'MLIA',
    'name' => 'Mulia Industrindo Tbk',
    'sector' => 'BASIC-IND',
    'index' => '',
  ),
  'MLPL' => 
  array (
    'code' => 'MLPL',
    'name' => 'Multipolar Tbk',
    'sector' => 'TRADE',
    'index' => 'KOMPAS100',
  ),
  'MLPT' => 
  array (
    'code' => 'MLPT',
    'name' => 'Multipolar Technology Tbk',
    'sector' => 'TRADE',
    'index' => '',
  ),
  'MMLP' => 
  array (
    'code' => 'MMLP',
    'name' => 'Mega Manunggal Property Tbk.',
    'sector' => 'PROPERTY',
    'index' => '',
  ),
  'MNCN' => 
  array (
    'code' => 'MNCN',
    'name' => 'Media Nusantara Citra Tbk',
    'sector' => 'TRADE',
    'index' => 'LQ45,KOMPAS100',
  ),
  'MPMX' => 
  array (
    'code' => 'MPMX',
    'name' => 'Mitra Pinasthika Mustika Tbk',
    'sector' => 'TRADE',
    'index' => '',
  ),
  'MPPA' => 
  array (
    'code' => 'MPPA',
    'name' => 'Matahari Putra Prima Tbk',
    'sector' => 'TRADE',
    'index' => 'LQ45,KOMPAS100',
  ),
  'MRAT' => 
  array (
    'code' => 'MRAT',
    'name' => 'Mustika Ratu Tbk',
    'sector' => 'CONSUMER',
    'index' => '',
  ),
  'MREI' => 
  array (
    'code' => 'MREI',
    'name' => 'Maskapai Reasuransi Indonesia Tbk',
    'sector' => 'FINANCE',
    'index' => '',
  ),
  'MSKY' => 
  array (
    'code' => 'MSKY',
    'name' => 'MNC Sky Vision Tbk',
    'sector' => 'TRADE',
    'index' => '',
  ),
  'MTDL' => 
  array (
    'code' => 'MTDL',
    'name' => 'Metrodata Electronics Tbk',
    'sector' => 'TRADE',
    'index' => 'PEFINDO25',
  ),
  'MTFN' => 
  array (
    'code' => 'MTFN',
    'name' => 'Capitalinc Investment Tbk',
    'sector' => 'FINANCE',
    'index' => '',
  ),
  'MTLA' => 
  array (
    'code' => 'MTLA',
    'name' => 'Metropolitan Land Tbk',
    'sector' => 'PROPERTY',
    'index' => '',
  ),
  'MTRA' => 
  array (
    'code' => 'MTRA',
    'name' => 'Mitra Pemuda Tbk.',
    'sector' => 'PROPERTY',
    'index' => '',
  ),
  'MTSM' => 
  array (
    'code' => 'MTSM',
    'name' => 'Metro Realty Tbk',
    'sector' => 'PROPERTY',
    'index' => '',
  ),
  'MYOH' => 
  array (
    'code' => 'MYOH',
    'name' => 'Samindo Resources Tbk',
    'sector' => 'MINING',
    'index' => '',
  ),
  'MYOR' => 
  array (
    'code' => 'MYOR',
    'name' => 'Mayora Indah Tbk',
    'sector' => 'CONSUMER',
    'index' => '',
  ),
  'MYRX' => 
  array (
    'code' => 'MYRX',
    'name' => 'Hanson International Tbk',
    'sector' => 'TRADE',
    'index' => 'KOMPAS100,LQ45',
  ),
  'MYRXP' => 
  array (
    'code' => 'MYRXP',
    'name' => 'Saham Seri B Hanson International Tbk',
    'sector' => 'TRADE',
    'index' => '',
  ),
  'MYTX' => 
  array (
    'code' => 'MYTX',
    'name' => 'Apac Citra Centertex Tbk',
    'sector' => 'MISC-IND',
    'index' => '',
  ),
  'NAGA' => 
  array (
    'code' => 'NAGA',
    'name' => 'Bank Mitraniaga Tbk',
    'sector' => 'FINANCE',
    'index' => '',
  ),
  'NELY' => 
  array (
    'code' => 'NELY',
    'name' => 'Pelayaran Nelly Dwi Putri Tbk',
    'sector' => 'INFRASTRUC',
    'index' => '',
  ),
  'NIKL' => 
  array (
    'code' => 'NIKL',
    'name' => 'Pelat Timah Nusantara Tbk',
    'sector' => 'BASIC-IND',
    'index' => '',
  ),
  'NIPS' => 
  array (
    'code' => 'NIPS',
    'name' => 'Nipress Tbk',
    'sector' => 'MISC-IND',
    'index' => '',
  ),
  'NIRO' => 
  array (
    'code' => 'NIRO',
    'name' => 'Nirvana Development Tbk',
    'sector' => 'PROPERTY',
    'index' => 'KOMPAS100',
  ),
  'NISP' => 
  array (
    'code' => 'NISP',
    'name' => 'Bank OCBC NISP Tbk',
    'sector' => 'FINANCE',
    'index' => '',
  ),
  'NOBU' => 
  array (
    'code' => 'NOBU',
    'name' => 'Bank Nationalnobu Tbk',
    'sector' => 'FINANCE',
    'index' => '',
  ),
  'NRCA' => 
  array (
    'code' => 'NRCA',
    'name' => 'Nusa Raya Cipta Tbk',
    'sector' => 'PROPERTY',
    'index' => 'PEFINDO25',
  ),
  'OASA' => 
  array (
    'code' => 'OASA',
    'name' => 'Protech Mitra Perkasa Tbk',
    'sector' => 'INFRASTRUC',
    'index' => '',
  ),
  'OCAP' => 
  array (
    'code' => 'OCAP',
    'name' => 'Onix Capital Tbk',
    'sector' => 'FINANCE',
    'index' => '',
  ),
  'OKAS' => 
  array (
    'code' => 'OKAS',
    'name' => 'Ancora Indonesia Resources Tbk',
    'sector' => 'TRADE',
    'index' => '',
  ),
  'OMRE' => 
  array (
    'code' => 'OMRE',
    'name' => 'Indonesia Prima Property Tbk',
    'sector' => 'PROPERTY',
    'index' => '',
  ),
  'PADI' => 
  array (
    'code' => 'PADI',
    'name' => 'Minna Padi Investama Tbk',
    'sector' => 'FINANCE',
    'index' => '',
  ),
  'PALM' => 
  array (
    'code' => 'PALM',
    'name' => 'Provident Agro Tbk',
    'sector' => 'AGRI',
    'index' => '',
  ),
  'PANR' => 
  array (
    'code' => 'PANR',
    'name' => 'Panorama Sentrawisata Tbk',
    'sector' => 'TRADE',
    'index' => '',
  ),
  'PANS' => 
  array (
    'code' => 'PANS',
    'name' => 'Panin Sekuritas Tbk',
    'sector' => 'FINANCE',
    'index' => '',
  ),
  'PBRX' => 
  array (
    'code' => 'PBRX',
    'name' => 'Pan Brothers Tbk',
    'sector' => 'MISC-IND',
    'index' => 'KOMPAS100',
  ),
  'PDES' => 
  array (
    'code' => 'PDES',
    'name' => 'Destinasi Tirta Nusantara Tbk',
    'sector' => 'TRADE',
    'index' => '',
  ),
  'PEGE' => 
  array (
    'code' => 'PEGE',
    'name' => 'Panca Global Securities Tbk',
    'sector' => 'FINANCE',
    'index' => '',
  ),
  'PGAS' => 
  array (
    'code' => 'PGAS',
    'name' => 'Perusahaan Gas Negara (Persero) Tbk',
    'sector' => 'INFRASTRUC',
    'index' => 'LQ45,KOMPAS100',
  ),
  'PGLI' => 
  array (
    'code' => 'PGLI',
    'name' => 'Pembangunan Graha Lestari Indah Tbk',
    'sector' => 'TRADE',
    'index' => '',
  ),
  'PICO' => 
  array (
    'code' => 'PICO',
    'name' => 'Pelangi Indah Canindo Tbk',
    'sector' => 'BASIC-IND',
    'index' => '',
  ),
  'PJAA' => 
  array (
    'code' => 'PJAA',
    'name' => 'Pembangunan Jaya Ancol Tbk',
    'sector' => 'TRADE',
    'index' => '',
  ),
  'PKPK' => 
  array (
    'code' => 'PKPK',
    'name' => 'Perdana Karya Perkasa Tbk',
    'sector' => 'MINING',
    'index' => '',
  ),
  'PLAS' => 
  array (
    'code' => 'PLAS',
    'name' => 'Polaris Investama Tbk',
    'sector' => 'TRADE',
    'index' => 'KOMPAS100',
  ),
  'PLIN' => 
  array (
    'code' => 'PLIN',
    'name' => 'Plaza Indonesia Realty Tbk',
    'sector' => 'PROPERTY',
    'index' => '',
  ),
  'PNBN' => 
  array (
    'code' => 'PNBN',
    'name' => 'Bank Pan Indonesia Tbk',
    'sector' => 'FINANCE',
    'index' => 'KOMPAS100',
  ),
  'PNBS' => 
  array (
    'code' => 'PNBS',
    'name' => 'Bank Panin Syariah Tbk',
    'sector' => 'FINANCE',
    'index' => '',
  ),
  'PNIN' => 
  array (
    'code' => 'PNIN',
    'name' => 'Panin Insurance Tbk',
    'sector' => 'FINANCE',
    'index' => '',
  ),
  'PNLF' => 
  array (
    'code' => 'PNLF',
    'name' => 'Panin Financial Tbk',
    'sector' => 'FINANCE',
    'index' => 'KOMPAS100',
  ),
  'PNSE' => 
  array (
    'code' => 'PNSE',
    'name' => 'Pudjiadi Sons Tbk',
    'sector' => 'TRADE',
    'index' => '',
  ),
  'POLY' => 
  array (
    'code' => 'POLY',
    'name' => 'Asia Pacific Fibers Tbk',
    'sector' => 'MISC-IND',
    'index' => '',
  ),
  'POOL' => 
  array (
    'code' => 'POOL',
    'name' => 'Pool Advista Indonesia Tbk',
    'sector' => 'TRADE',
    'index' => '',
  ),
  'POWR' => 
  array (
    'code' => 'POWR',
    'name' => 'Cikarang Listrindo Tbk',
    'sector' => 'INFRASTRUC',
    'index' => '',
  ),
  'PPRO' => 
  array (
    'code' => 'PPRO',
    'name' => 'PP Property Tbk.',
    'sector' => 'PROPERTY',
    'index' => '',
  ),
  'PRAS' => 
  array (
    'code' => 'PRAS',
    'name' => 'Prima Alloy Steel Universal Tbk',
    'sector' => 'MISC-IND',
    'index' => '',
  ),
  'PSAB' => 
  array (
    'code' => 'PSAB',
    'name' => 'J Resources Asia Pasifik Tbk',
    'sector' => 'TRADE',
    'index' => '',
  ),
  'PSDN' => 
  array (
    'code' => 'PSDN',
    'name' => 'Prasidha Aneka Niaga Tbk',
    'sector' => 'CONSUMER',
    'index' => '',
  ),
  'PSKT' => 
  array (
    'code' => 'PSKT',
    'name' => 'Pusako Tarinka Tbk',
    'sector' => 'TRADE',
    'index' => '',
  ),
  'PTBA' => 
  array (
    'code' => 'PTBA',
    'name' => 'Tambang Batubara Bukit Asam (Persero) Tbk',
    'sector' => 'MINING',
    'index' => 'LQ45,KOMPAS100',
  ),
  'PTIS' => 
  array (
    'code' => 'PTIS',
    'name' => 'Indo Straits Tbk',
    'sector' => 'INFRASTRUC',
    'index' => '',
  ),
  'PTPP' => 
  array (
    'code' => 'PTPP',
    'name' => 'PP (Persero) Tbk',
    'sector' => 'PROPERTY',
    'index' => 'LQ45,KOMPAS100',
  ),
  'PTRO' => 
  array (
    'code' => 'PTRO',
    'name' => 'Petrosea Tbk',
    'sector' => 'MINING',
    'index' => '',
  ),
  'PTSN' => 
  array (
    'code' => 'PTSN',
    'name' => 'Sat Nusapersada Tbk',
    'sector' => 'MISC-IND',
    'index' => '',
  ),
  'PTSP' => 
  array (
    'code' => 'PTSP',
    'name' => 'Pioneerindo Gourmet International Tbk',
    'sector' => 'TRADE',
    'index' => '',
  ),
  'PUDP' => 
  array (
    'code' => 'PUDP',
    'name' => 'Pudjiadi Prestige Tbk',
    'sector' => 'TRADE',
    'index' => '',
  ),
  'PWON' => 
  array (
    'code' => 'PWON',
    'name' => 'Pakuwon Jati Tbk',
    'sector' => 'PROPERTY',
    'index' => 'LQ45,KOMPAS100',
  ),
  'PYFA' => 
  array (
    'code' => 'PYFA',
    'name' => 'Pyridam Farma Tbk',
    'sector' => 'CONSUMER',
    'index' => '',
  ),
  'RAJA' => 
  array (
    'code' => 'RAJA',
    'name' => 'Rukun Raharja Tbk',
    'sector' => 'INFRASTRUC',
    'index' => 'PEFINDO25',
  ),
  'RALS' => 
  array (
    'code' => 'RALS',
    'name' => 'Ramayana Lestari Sentosa Tbk',
    'sector' => 'TRADE',
    'index' => 'KOMPAS100,PEFINDO25',
  ),
  'RANC' => 
  array (
    'code' => 'RANC',
    'name' => 'Supra Boga Lestari Tbk',
    'sector' => 'TRADE',
    'index' => '',
  ),
  'RBMS' => 
  array (
    'code' => 'RBMS',
    'name' => 'Ristia Bintang Mahkotasejati Tbk',
    'sector' => 'PROPERTY',
    'index' => '',
  ),
  'RDTX' => 
  array (
    'code' => 'RDTX',
    'name' => 'Roda Vivatex Tbk',
    'sector' => 'PROPERTY',
    'index' => '',
  ),
  'RELI' => 
  array (
    'code' => 'RELI',
    'name' => 'Reliance Securities Tbk',
    'sector' => 'FINANCE',
    'index' => '',
  ),
  'RICY' => 
  array (
    'code' => 'RICY',
    'name' => 'Ricky Putra Globalindo Tbk',
    'sector' => 'MISC-IND',
    'index' => '',
  ),
  'RIGS' => 
  array (
    'code' => 'RIGS',
    'name' => 'Rig Tenders Indonesia Tbk',
    'sector' => 'INFRASTRUC',
    'index' => '',
  ),
  'RIMO' => 
  array (
    'code' => 'RIMO',
    'name' => 'Rimo Catur Lestari Tbk',
    'sector' => 'TRADE',
    'index' => '',
  ),
  'RMBA' => 
  array (
    'code' => 'RMBA',
    'name' => 'Bentoel Internasional Investama Tbk',
    'sector' => 'CONSUMER',
    'index' => '',
  ),
  'RODA' => 
  array (
    'code' => 'RODA',
    'name' => 'Pikko Land Development Tbk',
    'sector' => 'PROPERTY',
    'index' => '',
  ),
  'ROTI' => 
  array (
    'code' => 'ROTI',
    'name' => 'Nippon Indosari Corpindo Tbk',
    'sector' => 'CONSUMER',
    'index' => 'PEFINDO25',
  ),
  'RUIS' => 
  array (
    'code' => 'RUIS',
    'name' => 'Radiant Utama Interinsco Tbk',
    'sector' => 'MINING',
    'index' => '',
  ),
  'SAFE' => 
  array (
    'code' => 'SAFE',
    'name' => 'Steady Safe Tbk',
    'sector' => 'INFRASTRUC',
    'index' => '',
  ),
  'SAME' => 
  array (
    'code' => 'SAME',
    'name' => 'Sarana Meditama Metropolitan Tbk',
    'sector' => 'TRADE',
    'index' => 'PEFINDO25',
  ),
  'SCBD' => 
  array (
    'code' => 'SCBD',
    'name' => 'Danayasa Arthatama Tbk',
    'sector' => 'PROPERTY',
    'index' => '',
  ),
  'SCCO' => 
  array (
    'code' => 'SCCO',
    'name' => 'Supreme Cable Manufacturing Commerce Tbk',
    'sector' => 'MISC-IND',
    'index' => '',
  ),
  'SCMA' => 
  array (
    'code' => 'SCMA',
    'name' => 'Surya Citra Media Tbk',
    'sector' => 'TRADE',
    'index' => 'LQ45,KOMPAS100,PEFINDO25',
  ),
  'SCPI' => 
  array (
    'code' => 'SCPI',
    'name' => 'Merck Sharp Dohme Pharma Tbk',
    'sector' => 'CONSUMER',
    'index' => '',
  ),
  'SDMU' => 
  array (
    'code' => 'SDMU',
    'name' => 'Sidomulyo Selaras Tbk',
    'sector' => 'INFRASTRUC',
    'index' => '',
  ),
  'SDPC' => 
  array (
    'code' => 'SDPC',
    'name' => 'Millennium Pharmacon International Tbk',
    'sector' => 'TRADE',
    'index' => '',
  ),
  'SDRA' => 
  array (
    'code' => 'SDRA',
    'name' => 'Bank Himpunan Saudara Tbk',
    'sector' => 'FINANCE',
    'index' => '',
  ),
  'SGRO' => 
  array (
    'code' => 'SGRO',
    'name' => 'Sampoerna Agro Tbk',
    'sector' => 'AGRI',
    'index' => '',
  ),
  'SHID' => 
  array (
    'code' => 'SHID',
    'name' => 'Hotel Sahid Jaya International Tbk',
    'sector' => 'TRADE',
    'index' => '',
  ),
  'SHIP' => 
  array (
    'code' => 'SHIP',
    'name' => 'Sillo Maritime Perdana Tbk',
    'sector' => 'INFRASTRUC',
    'index' => '',
  ),
  'SIAP' => 
  array (
    'code' => 'SIAP',
    'name' => 'Sekawan Intipratama Tbk',
    'sector' => 'BASIC-IND',
    'index' => '',
  ),
  'SIDO' => 
  array (
    'code' => 'SIDO',
    'name' => 'Industri Jamu dan Farmasi Sido Muncul Tbk',
    'sector' => 'CONSUMER',
    'index' => 'PEFINDO25,KOMPAS100',
  ),
  'SILO' => 
  array (
    'code' => 'SILO',
    'name' => 'Siloam International Hospitals Tbk',
    'sector' => 'TRADE',
    'index' => 'LQ45,KOMPAS100,PEFINDO25',
  ),
  'SIMA' => 
  array (
    'code' => 'SIMA',
    'name' => 'Siwani Makmur Tbk',
    'sector' => 'BASIC-IND',
    'index' => '',
  ),
  'SIMP' => 
  array (
    'code' => 'SIMP',
    'name' => 'Salim Ivomas Pratama Tbk',
    'sector' => 'AGRI',
    'index' => 'KOMPAS100',
  ),
  'SIPD' => 
  array (
    'code' => 'SIPD',
    'name' => 'Sierad Produce Tbk',
    'sector' => 'BASIC-IND',
    'index' => '',
  ),
  'SKBM' => 
  array (
    'code' => 'SKBM',
    'name' => 'Sekar Bumi Tbk',
    'sector' => 'CONSUMER',
    'index' => '',
  ),
  'SKLT' => 
  array (
    'code' => 'SKLT',
    'name' => 'Sekar Laut Tbk',
    'sector' => 'CONSUMER',
    'index' => '',
  ),
  'SKYB' => 
  array (
    'code' => 'SKYB',
    'name' => 'Skybee Tbk',
    'sector' => 'TRADE',
    'index' => '',
  ),
  'SMAR' => 
  array (
    'code' => 'SMAR',
    'name' => 'Smart Tbk',
    'sector' => 'AGRI',
    'index' => '',
  ),
  'SMBR' => 
  array (
    'code' => 'SMBR',
    'name' => 'Semen Baturaja (Persero) Tbk',
    'sector' => 'BASIC-IND',
    'index' => 'PEFINDO25',
  ),
  'SMCB' => 
  array (
    'code' => 'SMCB',
    'name' => 'Holcim Indonesia Tbk',
    'sector' => 'BASIC-IND',
    'index' => 'KOMPAS100',
  ),
  'SMDM' => 
  array (
    'code' => 'SMDM',
    'name' => 'Suryamas Dutamakmur Tbk',
    'sector' => 'PROPERTY',
    'index' => '',
  ),
  'SMDR' => 
  array (
    'code' => 'SMDR',
    'name' => 'Samudera Indonesia Tbk',
    'sector' => 'INFRASTRUC',
    'index' => '',
  ),
  'SMGR' => 
  array (
    'code' => 'SMGR',
    'name' => 'Semen Indonesia (Persero) Tbk',
    'sector' => 'BASIC-IND',
    'index' => 'LQ45,KOMPAS100',
  ),
  'SMMA' => 
  array (
    'code' => 'SMMA',
    'name' => 'Sinarmas Multiartha Tbk',
    'sector' => 'FINANCE',
    'index' => '',
  ),
  'SMMT' => 
  array (
    'code' => 'SMMT',
    'name' => 'Golden Eagle Energy Tbk',
    'sector' => 'MINING',
    'index' => '',
  ),
  'SMRA' => 
  array (
    'code' => 'SMRA',
    'name' => 'Summarecon Agung Tbk',
    'sector' => 'PROPERTY',
    'index' => 'LQ45,KOMPAS100',
  ),
  'SMRU' => 
  array (
    'code' => 'SMRU',
    'name' => 'SMR Utama Tbk',
    'sector' => 'MINING',
    'index' => 'KOMPAS100',
  ),
  'SMSM' => 
  array (
    'code' => 'SMSM',
    'name' => 'Selamat Sempurna Tbk',
    'sector' => 'MISC-IND',
    'index' => 'PEFINDO25',
  ),
  'SOBI' => 
  array (
    'code' => 'SOBI',
    'name' => 'Sorini Agro Asia Corporindo Tbk',
    'sector' => 'BASIC-IND',
    'index' => '',
  ),
  'SOCI' => 
  array (
    'code' => 'SOCI',
    'name' => 'Soechi Lines Tbk.',
    'sector' => 'INFRASTRUC',
    'index' => 'KOMPAS100',
  ),
  'SONA' => 
  array (
    'code' => 'SONA',
    'name' => 'Sona Topas Tourism Industry Tbk',
    'sector' => 'TRADE',
    'index' => '',
  ),
  'SPMA' => 
  array (
    'code' => 'SPMA',
    'name' => 'Suparma Tbk',
    'sector' => 'BASIC-IND',
    'index' => '',
  ),
  'SQBB' => 
  array (
    'code' => 'SQBB',
    'name' => 'Taisho Pharmaceutical Indonesia Tbk',
    'sector' => 'CONSUMER',
    'index' => '',
  ),
  'SQBI' => 
  array (
    'code' => 'SQBI',
    'name' => 'Taisho Pharmaceutical Indonesia Tbk',
    'sector' => 'CONSUMER',
    'index' => '',
  ),
  'SQMI' => 
  array (
    'code' => 'SQMI',
    'name' => 'Renuka Coalindo Tbk',
    'sector' => 'TRADE',
    'index' => '',
  ),
  'SRAJ' => 
  array (
    'code' => 'SRAJ',
    'name' => 'Sejahteraraya Anugrahjaya Tbk',
    'sector' => 'TRADE',
    'index' => '',
  ),
  'SRIL' => 
  array (
    'code' => 'SRIL',
    'name' => 'Sri Rejeki Isman Tbk',
    'sector' => 'MISC-IND',
    'index' => 'KOMPAS100,LQ45',
  ),
  'SRSN' => 
  array (
    'code' => 'SRSN',
    'name' => 'Indo Acidatama Tbk',
    'sector' => 'BASIC-IND',
    'index' => '',
  ),
  'SRTG' => 
  array (
    'code' => 'SRTG',
    'name' => 'Saratoga Investama Sedaya Tbk',
    'sector' => 'TRADE',
    'index' => '',
  ),
  'SSIA' => 
  array (
    'code' => 'SSIA',
    'name' => 'Surya Semesta Internusa Tbk',
    'sector' => 'PROPERTY',
    'index' => 'KOMPAS100',
  ),
  'SSMS' => 
  array (
    'code' => 'SSMS',
    'name' => 'Sawit Sumbermas Sarana Tbk',
    'sector' => 'AGRI',
    'index' => 'LQ45,KOMPAS100',
  ),
  'SSTM' => 
  array (
    'code' => 'SSTM',
    'name' => 'Sunson Textile Manufacture Tbk',
    'sector' => 'MISC-IND',
    'index' => '',
  ),
  'STAR' => 
  array (
    'code' => 'STAR',
    'name' => 'Star Petrochem Tbk',
    'sector' => 'MISC-IND',
    'index' => '',
  ),
  'STTP' => 
  array (
    'code' => 'STTP',
    'name' => 'Siantar Top Tbk',
    'sector' => 'CONSUMER',
    'index' => '',
  ),
  'SUGI' => 
  array (
    'code' => 'SUGI',
    'name' => 'Sugih Energy Tbk',
    'sector' => 'TRADE',
    'index' => 'KOMPAS100',
  ),
  'SULI' => 
  array (
    'code' => 'SULI',
    'name' => 'SLJ Global Tbk',
    'sector' => 'BASIC-IND',
    'index' => '',
  ),
  'SUPR' => 
  array (
    'code' => 'SUPR',
    'name' => 'Solusi Tunas Pratama Tbk',
    'sector' => 'INFRASTRUC',
    'index' => '',
  ),
  'TALF' => 
  array (
    'code' => 'TALF',
    'name' => 'Tunas Alfin Tbk',
    'sector' => 'BASIC-IND',
    'index' => '',
  ),
  'TARA' => 
  array (
    'code' => 'TARA',
    'name' => 'Sitara Propertindo Tbk.',
    'sector' => 'PROPERTY',
    'index' => 'KOMPAS100',
  ),
  'TAXI' => 
  array (
    'code' => 'TAXI',
    'name' => 'Express Transindo Utama Tbk',
    'sector' => 'INFRASTRUC',
    'index' => '',
  ),
  'TBIG' => 
  array (
    'code' => 'TBIG',
    'name' => 'Tower Bersama Infrastructure Tbk',
    'sector' => 'INFRASTRUC',
    'index' => 'LQ45,KOMPAS100',
  ),
  'TBLA' => 
  array (
    'code' => 'TBLA',
    'name' => 'Tunas Baru Lampung Tbk',
    'sector' => 'AGRI',
    'index' => '',
  ),
  'TBMS' => 
  array (
    'code' => 'TBMS',
    'name' => 'Tembaga Mulia Semanan Tbk',
    'sector' => 'BASIC-IND',
    'index' => '',
  ),
  'TCID' => 
  array (
    'code' => 'TCID',
    'name' => 'Mandom Indonesia Tbk',
    'sector' => 'CONSUMER',
    'index' => '',
  ),
  'TELE' => 
  array (
    'code' => 'TELE',
    'name' => 'Tiphone Mobile Indonesia Tbk',
    'sector' => 'TRADE',
    'index' => '',
  ),
  'TFCO' => 
  array (
    'code' => 'TFCO',
    'name' => 'Tifico Fiber Indonesia Tbk',
    'sector' => 'MISC-IND',
    'index' => '',
  ),
  'TGKA' => 
  array (
    'code' => 'TGKA',
    'name' => 'Tigaraksa Satria Tbk',
    'sector' => 'TRADE',
    'index' => '',
  ),
  'TIFA' => 
  array (
    'code' => 'TIFA',
    'name' => 'Tifa Finance Tbk',
    'sector' => 'FINANCE',
    'index' => '',
  ),
  'TINS' => 
  array (
    'code' => 'TINS',
    'name' => 'Timah (Persero) Tbk',
    'sector' => 'MINING',
    'index' => 'KOMPAS100',
  ),
  'TIRA' => 
  array (
    'code' => 'TIRA',
    'name' => 'Tira Austenite Tbk',
    'sector' => 'TRADE',
    'index' => '',
  ),
  'TIRT' => 
  array (
    'code' => 'TIRT',
    'name' => 'Tirta Mahakam Resources Tbk',
    'sector' => 'BASIC-IND',
    'index' => '',
  ),
  'TKGA' => 
  array (
    'code' => 'TKGA',
    'name' => 'Permata Prima Sakti Tbk',
    'sector' => 'TRADE',
    'index' => '',
  ),
  'TKIM' => 
  array (
    'code' => 'TKIM',
    'name' => 'Pabrik Kertas Tjiwi Kimia Tbk',
    'sector' => 'BASIC-IND',
    'index' => '',
  ),
  'TLKM' => 
  array (
    'code' => 'TLKM',
    'name' => 'Telekomunikasi Indonesia (Persero) Tbk',
    'sector' => 'INFRASTRUC',
    'index' => 'LQ45,KOMPAS100',
  ),
  'TMAS' => 
  array (
    'code' => 'TMAS',
    'name' => 'Pelayaran Tempuran Emas Tbk',
    'sector' => 'INFRASTRUC',
    'index' => '',
  ),
  'TMPI' => 
  array (
    'code' => 'TMPI',
    'name' => 'Sigmagold Inti Perkasa Tbk',
    'sector' => 'TRADE',
    'index' => '',
  ),
  'TMPO' => 
  array (
    'code' => 'TMPO',
    'name' => 'Tempo Intimedia Tbk',
    'sector' => 'TRADE',
    'index' => '',
  ),
  'TOBA' => 
  array (
    'code' => 'TOBA',
    'name' => 'Toba Bara Sejahtra Tbk',
    'sector' => 'MINING',
    'index' => '',
  ),
  'TOTL' => 
  array (
    'code' => 'TOTL',
    'name' => 'Total Bangun Persada Tbk',
    'sector' => 'PROPERTY',
    'index' => 'PEFINDO25',
  ),
  'TOTO' => 
  array (
    'code' => 'TOTO',
    'name' => 'Surya Toto Indonesia Tbk',
    'sector' => 'BASIC-IND',
    'index' => '',
  ),
  'TOWR' => 
  array (
    'code' => 'TOWR',
    'name' => 'Sarana Menara Nusantara Tbk',
    'sector' => 'INFRASTRUC',
    'index' => '',
  ),
  'TPIA' => 
  array (
    'code' => 'TPIA',
    'name' => 'Chandra Asri Petrochemical Tbk',
    'sector' => 'BASIC-IND',
    'index' => '',
  ),
  'TPMA' => 
  array (
    'code' => 'TPMA',
    'name' => 'Trans Power Marine Tbk',
    'sector' => 'INFRASTRUC',
    'index' => '',
  ),
  'TRAM' => 
  array (
    'code' => 'TRAM',
    'name' => 'Trada Maritime Tbk',
    'sector' => 'INFRASTRUC',
    'index' => 'KOMPAS100',
  ),
  'TRIL' => 
  array (
    'code' => 'TRIL',
    'name' => 'Triwira Insanlestari Tbk',
    'sector' => 'TRADE',
    'index' => '',
  ),
  'TRIM' => 
  array (
    'code' => 'TRIM',
    'name' => 'Trimegah Securities Tbk',
    'sector' => 'FINANCE',
    'index' => '',
  ),
  'TRIO' => 
  array (
    'code' => 'TRIO',
    'name' => 'Trikomsel Oke Tbk',
    'sector' => 'TRADE',
    'index' => '',
  ),
  'TRIS' => 
  array (
    'code' => 'TRIS',
    'name' => 'Trisula International Tbk',
    'sector' => 'MISC-IND',
    'index' => '',
  ),
  'TRST' => 
  array (
    'code' => 'TRST',
    'name' => 'Trias Sentosa Tbk',
    'sector' => 'BASIC-IND',
    'index' => '',
  ),
  'TRUB' => 
  array (
    'code' => 'TRUB',
    'name' => 'Truba Alam Manunggal Engineering Tbk',
    'sector' => 'INFRASTRUC',
    'index' => '',
  ),
  'TRUS' => 
  array (
    'code' => 'TRUS',
    'name' => 'Trust Finance Indonesia Tbk',
    'sector' => 'FINANCE',
    'index' => '',
  ),
  'TSPC' => 
  array (
    'code' => 'TSPC',
    'name' => 'Tempo Scan Pacific Tbk',
    'sector' => 'CONSUMER',
    'index' => '',
  ),
  'TURI' => 
  array (
    'code' => 'TURI',
    'name' => 'Tunas Ridean Tbk',
    'sector' => 'TRADE',
    'index' => '',
  ),
  'ULTJ' => 
  array (
    'code' => 'ULTJ',
    'name' => 'Ultra Jaya Milk Industry Trading Company Tbk',
    'sector' => 'CONSUMER',
    'index' => '',
  ),
  'UNIC' => 
  array (
    'code' => 'UNIC',
    'name' => 'Unggul Indah Cahaya Tbk',
    'sector' => 'BASIC-IND',
    'index' => '',
  ),
  'UNIT' => 
  array (
    'code' => 'UNIT',
    'name' => 'Nusantara Inti Corpora Tbk',
    'sector' => 'MISC-IND',
    'index' => '',
  ),
  'UNSP' => 
  array (
    'code' => 'UNSP',
    'name' => 'Bakrie Sumatra Plantations Tbk',
    'sector' => 'AGRI',
    'index' => '',
  ),
  'UNTR' => 
  array (
    'code' => 'UNTR',
    'name' => 'United Tractors Tbk',
    'sector' => 'TRADE',
    'index' => 'LQ45,KOMPAS100',
  ),
  'UNVR' => 
  array (
    'code' => 'UNVR',
    'name' => 'Unilever Indonesia Tbk',
    'sector' => 'CONSUMER',
    'index' => 'LQ45,KOMPAS100',
  ),
  'VICO' => 
  array (
    'code' => 'VICO',
    'name' => 'Victoria Investama Tbk',
    'sector' => 'FINANCE',
    'index' => '',
  ),
  'VINS' => 
  array (
    'code' => 'VINS',
    'name' => 'Victoria Insurance Tbk',
    'sector' => 'FINANCE',
    'index' => '',
  ),
  'VIVA' => 
  array (
    'code' => 'VIVA',
    'name' => 'Visi Media Asia Tbk',
    'sector' => 'TRADE',
    'index' => 'KOMPAS100',
  ),
  'VOKS' => 
  array (
    'code' => 'VOKS',
    'name' => 'Voksel Electric Tbk',
    'sector' => 'MISC-IND',
    'index' => '',
  ),
  'VRNA' => 
  array (
    'code' => 'VRNA',
    'name' => 'Verena Multi Finance Tbk',
    'sector' => 'FINANCE',
    'index' => '',
  ),
  'WAPO' => 
  array (
    'code' => 'WAPO',
    'name' => 'Wahana Pronatural Tbk',
    'sector' => 'TRADE',
    'index' => '',
  ),
  'WEHA' => 
  array (
    'code' => 'WEHA',
    'name' => 'Panorama Transportasi Tbk',
    'sector' => 'INFRASTRUC',
    'index' => '',
  ),
  'WICO' => 
  array (
    'code' => 'WICO',
    'name' => 'Wicaksana Overseas International Tbk',
    'sector' => 'TRADE',
    'index' => '',
  ),
  'WIIM' => 
  array (
    'code' => 'WIIM',
    'name' => 'Wismilak Inti Makmur Tbk',
    'sector' => 'CONSUMER',
    'index' => '',
  ),
  'WIKA' => 
  array (
    'code' => 'WIKA',
    'name' => 'Wijaya Karya (Persero) Tbk',
    'sector' => 'PROPERTY',
    'index' => 'LQ45,KOMPAS100',
  ),
  'WINS' => 
  array (
    'code' => 'WINS',
    'name' => 'Wintermar Offshore Marine Tbk',
    'sector' => 'INFRASTRUC',
    'index' => '',
  ),
  'WOMF' => 
  array (
    'code' => 'WOMF',
    'name' => 'Wahana Ottomitra Multiartha Tbk',
    'sector' => 'FINANCE',
    'index' => '',
  ),
  'WSBP' => 
  array (
    'code' => 'WSBP',
    'name' => 'PT Waskita Beton Precast Tbk',
    'sector' => 'BASIC-IND',
    'index' => '',
  ),
  'WSKT' => 
  array (
    'code' => 'WSKT',
    'name' => 'Waskita Karya (Persero) Tbk',
    'sector' => 'PROPERTY',
    'index' => 'LQ45,KOMPAS100',
  ),
  'WTON' => 
  array (
    'code' => 'WTON',
    'name' => 'Wijaya Karya Beton Tbk.',
    'sector' => 'BASIC-IND',
    'index' => 'KOMPAS100,PEFINDO25',
  ),
  'YPAS' => 
  array (
    'code' => 'YPAS',
    'name' => 'Yanaprima Hastapersada Tbk',
    'sector' => 'BASIC-IND',
    'index' => '',
  ),
  'YULE' => 
  array (
    'code' => 'YULE',
    'name' => 'Yulie Sekurindo Tbk',
    'sector' => 'FINANCE',
    'index' => '',
  ),
  'ZBRA' => 
  array (
    'code' => 'ZBRA',
    'name' => 'Zebra Nusantara Tbk',
    'sector' => 'INFRASTRUC',
    'index' => '',
  ),
);