<?php return array (
  'Ace Hardware Indonesia Tbk' =>
  array (
    'id' => 101279,
    'name' => 'Ace Hardware Indonesia Tbk',
    'code' => 'ACES',
    'dividen' =>
    array (
      2016 =>
      array (
        0 => '15,4',
      ),
      2015 =>
      array (
        0 => '16',
      ),
    ),
  ),
  'Acset Indonusa Tbk' =>
  array (
    'id' => 101280,
    'name' => 'Acset Indonusa Tbk',
    'code' => 'ACST',
    'dividen' =>
    array (
      2016 =>
      array (
        0 => '26,97',
        1 => '31,95',
      ),
      2015 =>
      array (
        0 => '42',
      ),
    ),
  ),
  'Adaro Energy Tbk' =>
  array (
    'id' => 101281,
    'name' => 'Adaro Energy Tbk',
    'code' => 'ADRO',
    'dividen' =>
    array (
      2016 =>
      array (
        0 => '34,03',
        1 => '31',
      ),
      2015 =>
      array (
        0 => '34,68',
        1 => '30,62',
      ),
    ),
  ),
  'Adhi Karya Persero Tbk' =>
  array (
    'id' => 101282,
    'name' => 'Adhi Karya Persero Tbk',
    'code' => 'ADHI',
    'dividen' =>
    array (
      2017 =>
      array (
        0 => '26,41',
      ),
      2016 =>
      array (
        0 => '26,23',
      ),
      2015 =>
      array (
        0 => '30,53',
      ),
    ),
  ),
  'Adi Sarana Armada Tbk' =>
  array (
    'id' => 101283,
    'name' => 'Adi Sarana Armada Tbk',
    'code' => 'ASSA',
    'dividen' =>
    array (
      2016 =>
      array (
        0 => '4',
      ),
      2015 =>
      array (
        0 => '5',
      ),
    ),
  ),
  'Adira Dinamika Multi Finance' =>
  array (
    'id' => 101284,
    'name' => 'Adira Dinamika Multi Finance',
    'code' => 'ADMF',
    'dividen' =>
    array (
      2016 =>
      array (
        0 => '332,5',
      ),
      2015 =>
      array (
        0 => '396',
      ),
    ),
  ),
  'Agung Podomoro Land Tbk' =>
  array (
    'id' => 101286,
    'name' => 'Agung Podomoro Land Tbk',
    'code' => 'APLN',
    'dividen' =>
    array (
      2014 =>
      array (
        0 => '6',
      ),
    ),
  ),
  'Akr Corporindo Tbk' =>
  array (
    'id' => 101289,
    'name' => 'Akr Corporindo Tbk',
    'code' => 'AKRA',
    'dividen' =>
    array (
      2016 =>
      array (
        0 => '90',
        1 => '120',
      ),
      2015 =>
      array (
        0 => '130',
      ),
    ),
  ),
  'Alam Sutera Realty Tbk' =>
  array (
    'id' => 101290,
    'name' => 'Alam Sutera Realty Tbk',
    'code' => 'ASRI',
    'dividen' =>
    array (
      2015 =>
      array (
        0 => '7',
      ),
    ),
  ),
  'Alkindo Naratama Tbk' =>
  array (
    'id' => 101291,
    'name' => 'Alkindo Naratama Tbk',
    'code' => 'ALDO',
    'dividen' =>
    array (
      2014 =>
      array (
        0 => '1,5',
      ),
    ),
  ),
  'Anabatic Technologies Tbk PT' =>
  array (
    'id' => 955951,
    'name' => 'Anabatic Technologies Tbk PT',
    'code' => 'ATIC',
    'dividen' =>
    array (
      2016 =>
      array (
        0 => '6',
      ),
    ),
  ),
  'Argha Karya Prima Ind Tbk' =>
  array (
    'id' => 101209,
    'name' => 'Argha Karya Prima Ind Tbk',
    'code' => 'AKPI',
    'dividen' =>
    array (
      2016 =>
      array (
        0 => '9',
      ),
      2015 =>
      array (
        0 => '8',
      ),
    ),
  ),
  'Arita Prima Indonesia Tbk' =>
  array (
    'id' => 101296,
    'name' => 'Arita Prima Indonesia Tbk',
    'code' => 'APII',
    'dividen' =>
    array (
      2016 =>
      array (
        0 => '2,84',
      ),
      2015 =>
      array (
        0 => '5,94',
      ),
    ),
  ),
  'Arwana Citramulia Tbk' =>
  array (
    'id' => 101298,
    'name' => 'Arwana Citramulia Tbk',
    'code' => 'ARNA',
    'dividen' =>
    array (
      2016 =>
      array (
        0 => '5',
      ),
      2015 =>
      array (
        0 => '12',
      ),
    ),
  ),
  'Asahimas Flat Glass Tbk' =>
  array (
    'id' => 101302,
    'name' => 'Asahimas Flat Glass Tbk',
    'code' => 'AMFG',
    'dividen' =>
    array (
      2016 =>
      array (
        0 => '80',
      ),
      2015 =>
      array (
        0 => '80',
      ),
    ),
  ),
  'Astra Agro Lestari Tbk' =>
  array (
    'id' => 101305,
    'name' => 'Astra Agro Lestari Tbk',
    'code' => 'AALI',
    'dividen' =>
    array (
      2016 =>
      array (
        0 => '99',
      ),
      2015 =>
      array (
        0 => '682,24',
      ),
    ),
  ),
  'Astra Graphia Tbk' =>
  array (
    'id' => 101306,
    'name' => 'Astra Graphia Tbk',
    'code' => 'ASGR',
    'dividen' =>
    array (
      2016 =>
      array (
        0 => '120',
        1 => '118',
      ),
      2015 =>
      array (
        0 => '77',
      ),
    ),
  ),
  'Astra International Tbk' =>
  array (
    'id' => 101307,
    'name' => 'Astra International Tbk',
    'code' => 'ASII',
    'dividen' =>
    array (
      2016 =>
      array (
        0 => '168',
        1 => '177',
      ),
      2015 =>
      array (
        0 => '216',
      ),
    ),
  ),
  'Astra Otoparts Tbk' =>
  array (
    'id' => 101308,
    'name' => 'Astra Otoparts Tbk',
    'code' => 'AUTO',
    'dividen' =>
    array (
      2016 =>
      array (
        0 => '26',
        1 => '27',
      ),
      2015 =>
      array (
        0 => '58',
      ),
    ),
  ),
  'Asuransi Bina Dana Arta Tbk' =>
  array (
    'id' => 102973,
    'name' => 'Asuransi Bina Dana Arta Tbk',
    'code' => 'ABDA',
    'dividen' =>
    array (
      2016 =>
      array (
        0 => '130',
      ),
      2015 =>
      array (
        0 => '85',
      ),
    ),
  ),
  'Asuransi Bintang Tbk' =>
  array (
    'id' => 102978,
    'name' => 'Asuransi Bintang Tbk',
    'code' => 'ASBI',
    'dividen' =>
    array (
      2016 =>
      array (
        0 => '12,5',
      ),
      2015 =>
      array (
        0 => '20',
      ),
    ),
  ),
  'Asuransi Dayin Mitra Tbk' =>
  array (
    'id' => 101299,
    'name' => 'Asuransi Dayin Mitra Tbk',
    'code' => 'ASDM',
    'dividen' =>
    array (
      2016 =>
      array (
        0 => '68',
      ),
      2015 =>
      array (
        0 => '65',
      ),
    ),
  ),
  'Asuransi Jasa Tania Tbk' =>
  array (
    'id' => 943651,
    'name' => 'Asuransi Jasa Tania Tbk',
    'code' => 'ASJT',
    'dividen' =>
    array (
      2016 =>
      array (
        0 => '10,39',
      ),
      2015 =>
      array (
        0 => '8,77',
      ),
    ),
  ),
  'Asuransi Ramayana Tbk' =>
  array (
    'id' => 101301,
    'name' => 'Asuransi Ramayana Tbk',
    'code' => 'ASRM',
    'dividen' =>
    array (
      2016 =>
      array (
        0 => '95',
      ),
      2015 =>
      array (
        0 => '85',
      ),
    ),
  ),
  'Ateliers Mecaniques D’Indonesie Tbk PT' =>
  array (
    'id' => 962000,
    'name' => 'Ateliers Mecaniques D’Indonesie Tbk PT',
    'code' => 'AMIN',
    'dividen' =>
    array (
      2016 =>
      array (
        0 => '8',
      ),
    ),
  ),
  'Austindo Nusantara Jaya Tbk' =>
  array (
    'id' => 101210,
    'name' => 'Austindo Nusantara Jaya Tbk',
    'code' => 'ANJT',
    'dividen' =>
    array (
      2016 =>
      array (
        0 => '35',
      ),
      2015 =>
      array (
        0 => '35',
      ),
    ),
  ),
  'Bali Towerindo Sentra Tbk' =>
  array (
    'id' => 102131,
    'name' => 'Bali Towerindo Sentra Tbk',
    'code' => 'BALI',
    'dividen' =>
    array (
      2014 =>
      array (
        0 => '7',
      ),
    ),
  ),
  'Bank Bukopin Tbk' =>
  array (
    'id' => 101318,
    'name' => 'Bank Bukopin Tbk',
    'code' => 'BBKP',
    'dividen' =>
    array (
      2016 =>
      array (
        0 => '31,71',
      ),
      2015 =>
      array (
        0 => '23,92',
      ),
    ),
  ),
  'Bank Bumi Arta Tbk' =>
  array (
    'id' => 101211,
    'name' => 'Bank Bumi Arta Tbk',
    'code' => 'BNBA',
    'dividen' =>
    array (
      2016 =>
      array (
        0 => '6,2',
      ),
      2015 =>
      array (
        0 => '5,61',
      ),
    ),
  ),
  'Bank Central Asia Tbk' =>
  array (
    'id' => 101354,
    'name' => 'Bank Central Asia Tbk',
    'code' => 'BBCA',
    'dividen' =>
    array (
      2016 =>
      array (
        0 => '175',
        1 => '160',
      ),
      2015 =>
      array (
        0 => '169,67',
        1 => '148',
      ),
    ),
  ),
  'Bank Danamon Indonesia Tbk' =>
  array (
    'id' => 101320,
    'name' => 'Bank Danamon Indonesia Tbk',
    'code' => 'BDMN',
    'dividen' =>
    array (
      2016 =>
      array (
        0 => '74,9',
      ),
      2015 =>
      array (
        0 => '81,5',
      ),
    ),
  ),
  'Bank Mandiri Persero Tbk' =>
  array (
    'id' => 101325,
    'name' => 'Bank Mandiri Persero Tbk',
    'code' => 'BMRI',
    'dividen' =>
    array (
      2017 =>
      array (
        0 => '266,27',
      ),
      2016 =>
      array (
        0 => '261,45',
      ),
      2015 =>
      array (
        0 => '212,91',
      ),
    ),
  ),
  'Bank Maspion Indonesia Tbk' =>
  array (
    'id' => 101213,
    'name' => 'Bank Maspion Indonesia Tbk',
    'code' => 'BMAS',
    'dividen' =>
    array (
      2015 =>
      array (
        0 => '3,21',
      ),
    ),
  ),
  'Bank Mayapada Internasional' =>
  array (
    'id' => 101326,
    'name' => 'Bank Mayapada Internasional',
    'code' => 'MAYA',
    'dividen' =>
    array (
      2016 =>
      array (
        0 => '21,59',
      ),
    ),
  ),
  'Bank Maybank Indonesia Tbk PT' =>
  array (
    'id' => 101324,
    'name' => 'Bank Maybank Indonesia Tbk PT',
    'code' => 'BNII',
    'dividen' =>
    array (
      2017 =>
      array (
        0 => '5,75',
      ),
    ),
  ),
  'Bank Mega Tbk' =>
  array (
    'id' => 101327,
    'name' => 'Bank Mega Tbk',
    'code' => 'MEGA',
    'dividen' =>
    array (
      2017 =>
      array (
        0 => '83,14',
      ),
      2016 =>
      array (
        0 => '75,58',
      ),
      2015 =>
      array (
        0 => '14,36',
      ),
    ),
  ),
  'Bank Mestika Dharma Tbk' =>
  array (
    'id' => 101328,
    'name' => 'Bank Mestika Dharma Tbk',
    'code' => 'BBMD',
    'dividen' =>
    array (
      2016 =>
      array (
        0 => '14,67',
      ),
      2015 =>
      array (
        0 => '12,22',
      ),
    ),
  ),
  'Bank Negara Indonesia Tbk' =>
  array (
    'id' => 101317,
    'name' => 'Bank Negara Indonesia Tbk',
    'code' => 'BBNI',
    'dividen' =>
    array (
      2017 =>
      array (
        0 => '212,81',
      ),
      2016 =>
      array (
        0 => '122,53',
      ),
      2015 =>
      array (
        0 => '144,55',
      ),
    ),
  ),
  'Bank Nusantara Parahyangan Tbk' =>
  array (
    'id' => 101215,
    'name' => 'Bank Nusantara Parahyangan Tbk',
    'code' => 'BBNP',
    'dividen' =>
    array (
      2016 =>
      array (
        0 => '9',
      ),
      2015 =>
      array (
        0 => '14',
      ),
    ),
  ),
  'Bank Pembangunan Barat Dan Banten' =>
  array (
    'id' => 101330,
    'name' => 'Bank Pembangunan Barat Dan Banten',
    'code' => 'BJBR',
    'dividen' =>
    array (
      2017 =>
      array (
        0 => '89',
      ),
      2016 =>
      array (
        0 => '84,8',
      ),
      2015 =>
      array (
        0 => '71,6',
      ),
    ),
  ),
  'Bank Pembangunan Timur Tbk' =>
  array (
    'id' => 101333,
    'name' => 'Bank Pembangunan Timur Tbk',
    'code' => 'BJTM',
    'dividen' =>
    array (
      2017 =>
      array (
        0 => '43,64',
      ),
      2016 =>
      array (
        0 => '43',
      ),
      2015 =>
      array (
        0 => '41,86',
      ),
    ),
  ),
  'Bank Permata Tbk' =>
  array (
    'id' => 101334,
    'name' => 'Bank Permata Tbk',
    'code' => 'BNLI',
    'dividen' =>
    array (
      2015 =>
      array (
        0 => '12,71',
      ),
    ),
  ),
  'Bank Rakyat Indonesia Agroniaga' =>
  array (
    'id' => 101356,
    'name' => 'Bank Rakyat Indonesia Agroniaga',
    'code' => 'AGRO',
    'dividen' =>
    array (
      2016 =>
      array (
        0 => '1,11',
      ),
      2015 =>
      array (
        0 => '0,82',
      ),
    ),
  ),
  'Bank Rakyat Indonesia Persero' =>
  array (
    'id' => 101336,
    'name' => 'Bank Rakyat Indonesia Persero',
    'code' => 'BBRI',
    'dividen' =>
    array (
      2017 =>
      array (
        0 => '428,61',
      ),
      2016 =>
      array (
        0 => '311,66',
      ),
      2015 =>
      array (
        0 => '294,8',
      ),
    ),
  ),
  'Bank Tabungan Pensiunan Nasional' =>
  array (
    'id' => 101339,
    'name' => 'Bank Tabungan Pensiunan Nasional',
    'code' => 'BTPN',
    'dividen' =>
    array (
      2017 =>
      array (
        0 => '100',
      ),
    ),
  ),
  'Bank Tabungan Negara Persero' =>
  array (
    'id' => 101338,
    'name' => 'Bank Tabungan Negara Persero',
    'code' => 'BBTN',
    'dividen' =>
    array (
      2017 =>
      array (
        0 => '49,46',
      ),
      2016 =>
      array (
        0 => '34,96',
      ),
      2015 =>
      array (
        0 => '21,11',
      ),
    ),
  ),
  'Bank Victoria International' =>
  array (
    'id' => 101340,
    'name' => 'Bank Victoria International',
    'code' => 'BVIC',
    'dividen' =>
    array (
      2014 =>
      array (
        0 => '4,9',
      ),
    ),
  ),
  'Bank Woori Saudara Indonesia 1906' =>
  array (
    'id' => 101321,
    'name' => 'Bank Woori Saudara Indonesia 1906',
    'code' => 'SDRA',
    'dividen' =>
    array (
      2017 =>
      array (
        0 => '10,5',
      ),
      2016 =>
      array (
        0 => '8',
      ),
      2015 =>
      array (
        0 => '5',
      ),
    ),
  ),
  'Bank Yudha Bhakti Tbk' =>
  array (
    'id' => 945176,
    'name' => 'Bank Yudha Bhakti Tbk',
    'code' => 'BBYB',
    'dividen' =>
    array (
      2016 =>
      array (
        0 => '1,39',
      ),
    ),
  ),
  'Baramulti Suksessarana Tbk' =>
  array (
    'id' => 101342,
    'name' => 'Baramulti Suksessarana Tbk',
    'code' => 'BSSR',
    'dividen' =>
    array (
      2017 =>
      array (
        0 => '178,3',
      ),
      2016 =>
      array (
        0 => '75,59',
      ),
      2015 =>
      array (
        0 => '57,3',
      ),
    ),
  ),
  'Batavia Prosperindo Finance' =>
  array (
    'id' => 102974,
    'name' => 'Batavia Prosperindo Finance',
    'code' => 'BPFI',
    'dividen' =>
    array (
      2017 =>
      array (
        0 => '20,71',
      ),
      2016 =>
      array (
        0 => '22,05',
      ),
    ),
  ),
  'Bekasi Fajar Industrial Estate' =>
  array (
    'id' => 101346,
    'name' => 'Bekasi Fajar Industrial Estate',
    'code' => 'BEST',
    'dividen' =>
    array (
      2016 =>
      array (
        0 => '1,23',
      ),
      2015 =>
      array (
        0 => '2,28',
      ),
    ),
  ),
  'Benakat Integra Tbk' =>
  array (
    'id' => 101347,
    'name' => 'Benakat Integra Tbk',
    'code' => 'BIPI',
    'dividen' =>
    array (
      2015 =>
      array (
        0 => '1',
      ),
    ),
  ),
  'Berlina Tbk' =>
  array (
    'id' => 101349,
    'name' => 'Berlina Tbk',
    'code' => 'BRNA',
    'dividen' =>
    array (
      2015 =>
      array (
        0 => '17,39',
      ),
    ),
  ),
  'Betonjaya Manunggal Tbk' =>
  array (
    'id' => 101350,
    'name' => 'Betonjaya Manunggal Tbk',
    'code' => 'BTON',
    'dividen' =>
    array (
      2015 =>
      array (
        0 => '5',
      ),
    ),
  ),
  'BFI Finance Indonesia Tbk' =>
  array (
    'id' => 101351,
    'name' => 'BFI Finance Indonesia Tbk',
    'code' => 'BFIN',
    'dividen' =>
    array (
      2016 =>
      array (
        0 => '220',
        1 => '208',
      ),
      2015 =>
      array (
        0 => '192',
        1 => '192',
      ),
    ),
  ),
  'Bisi International Tbk' =>
  array (
    'id' => 101353,
    'name' => 'Bisi International Tbk',
    'code' => 'BISI',
    'dividen' =>
    array (
      2016 =>
      array (
        0 => '33',
      ),
      2015 =>
      array (
        0 => '21',
      ),
    ),
  ),
  'Blue Bird Tbk' =>
  array (
    'id' => 943663,
    'name' => 'Blue Bird Tbk',
    'code' => 'BIRD',
    'dividen' =>
    array (
      2016 =>
      array (
        0 => '66',
      ),
      2015 =>
      array (
        0 => '42,83',
      ),
    ),
  ),
  'Buana Finance Tbk' =>
  array (
    'id' => 101221,
    'name' => 'Buana Finance Tbk',
    'code' => 'BBLD',
    'dividen' =>
    array (
      2016 =>
      array (
        0 => '18',
      ),
      2015 =>
      array (
        0 => '60',
      ),
    ),
  ),
  'Bumi Serpong Damai Tbk' =>
  array (
    'id' => 101364,
    'name' => 'Bumi Serpong Damai Tbk',
    'code' => 'BSDE',
    'dividen' =>
    array (
      2016 =>
      array (
        0 => '5',
      ),
      2015 =>
      array (
        0 => '15',
      ),
    ),
  ),
  'Cardig Aero Services Tbk' =>
  array (
    'id' => 101369,
    'name' => 'Cardig Aero Services Tbk',
    'code' => 'CASS',
    'dividen' =>
    array (
      2016 =>
      array (
        0 => '11,32',
      ),
      2015 =>
      array (
        0 => '21',
      ),
    ),
  ),
  'Catur Sentosa Adiprana Tbk' =>
  array (
    'id' => 101370,
    'name' => 'Catur Sentosa Adiprana Tbk',
    'code' => 'CSAP',
    'dividen' =>
    array (
      2016 =>
      array (
        0 => '2,48',
      ),
      2015 =>
      array (
        0 => '5',
      ),
    ),
  ),
  'Champion Pacific Indonesia Tbk' =>
  array (
    'id' => 101374,
    'name' => 'Champion Pacific Indonesia Tbk',
    'code' => 'IGAR',
    'dividen' =>
    array (
      2016 =>
      array (
        0 => '5',
      ),
    ),
  ),
  'Chandra Asri Petrochemical Tbk' =>
  array (
    'id' => 101375,
    'name' => 'Chandra Asri Petrochemical Tbk',
    'code' => 'TPIA',
    'dividen' =>
    array (
      2016 =>
      array (
        0 => '154,12',
        1 => '43,05',
      ),
      2015 =>
      array (
        0 => '18,24',
      ),
    ),
  ),
  'Charoen Pokphand Indonesia TBK PT' =>
  array (
    'id' => 101376,
    'name' => 'Charoen Pokphand Indonesia TBK PT',
    'code' => 'CPIN',
    'dividen' =>
    array (
      2016 =>
      array (
        0 => '29',
      ),
      2015 =>
      array (
        0 => '18',
      ),
    ),
  ),
  'Chitose Internasional Tbk' =>
  array (
    'id' => 102979,
    'name' => 'Chitose Internasional Tbk',
    'code' => 'CINT',
    'dividen' =>
    array (
      2016 =>
      array (
        0 => '8',
      ),
      2015 =>
      array (
        0 => '6',
      ),
    ),
  ),
  'Ciputra Development Tbk' =>
  array (
    'id' => 101378,
    'name' => 'Ciputra Development Tbk',
    'code' => 'CTRA',
    'dividen' =>
    array (
      2016 =>
      array (
        0 => '9,07',
        1 => '8,25',
      ),
      2015 =>
      array (
        0 => '6,21',
      ),
    ),
  ),
  'Citra Tubindo Tbk' =>
  array (
    'id' => 945180,
    'name' => 'Citra Tubindo Tbk',
    'code' => 'CTBN',
    'dividen' =>
    array (
      2016 =>
      array (
        0 => '114,69',
      ),
      2015 =>
      array (
        0 => '332,62',
      ),
    ),
  ),
  'Colorpak Indonesia Tbk' =>
  array (
    'id' => 101384,
    'name' => 'Colorpak Indonesia Tbk',
    'code' => 'CLPI',
    'dividen' =>
    array (
      2016 =>
      array (
        0 => '39,7',
      ),
      2015 =>
      array (
        0 => '53,46',
      ),
    ),
  ),
  'Darya-Varia Laboratoria Tbk' =>
  array (
    'id' => 101387,
    'name' => 'Darya-Varia Laboratoria Tbk',
    'code' => 'DVLA',
    'dividen' =>
    array (
      2016 =>
      array (
        0 => '65',
      ),
      2015 =>
      array (
        0 => '50',
      ),
    ),
  ),
  'Delta Djakarta Tbk' =>
  array (
    'id' => 101224,
    'name' => 'Delta Djakarta Tbk',
    'code' => 'DLTA',
    'dividen' =>
    array (
      2016 =>
      array (
        0 => '120',
      ),
      2015 =>
      array (
        0 => '120',
      ),
    ),
  ),
  'Dharma Satya Nusantara Tbk' =>
  array (
    'id' => 101390,
    'name' => 'Dharma Satya Nusantara Tbk',
    'code' => 'DSNG',
    'dividen' =>
    array (
      2017 =>
      array (
        0 => '5',
      ),
      2016 =>
      array (
        0 => '5',
      ),
      2015 =>
      array (
        0 => '10',
      ),
    ),
  ),
  'Duta Anggada Realty Tbk' =>
  array (
    'id' => 101392,
    'name' => 'Duta Anggada Realty Tbk',
    'code' => 'DART',
    'dividen' =>
    array (
      2014 =>
      array (
        0 => '28',
      ),
    ),
  ),
  'Duta Pertiwi Nusantara Tbk' =>
  array (
    'id' => 101391,
    'name' => 'Duta Pertiwi Nusantara Tbk',
    'code' => 'DPNS',
    'dividen' =>
    array (
      2016 =>
      array (
        0 => '5',
      ),
      2015 =>
      array (
        0 => '15',
      ),
    ),
  ),
  'Dwi Aneka Jaya Kemasindo Tbk' =>
  array (
    'id' => 102132,
    'name' => 'Dwi Aneka Jaya Kemasindo Tbk',
    'code' => 'DAJK',
    'dividen' =>
    array (
      2015 =>
      array (
        0 => '7',
      ),
    ),
  ),
  'Dyandra Media International' =>
  array (
    'id' => 101394,
    'name' => 'Dyandra Media International',
    'code' => 'DYAN',
    'dividen' =>
    array (
      2014 =>
      array (
        0 => '3',
      ),
    ),
  ),
  'Eagle High Plantations Tbk' =>
  array (
    'id' => 101366,
    'name' => 'Eagle High Plantations Tbk',
    'code' => 'BWPT',
    'dividen' =>
    array (
      2014 =>
      array (
        0 => '4,99',
      ),
    ),
  ),
  'Ekadharma International Tbk' =>
  array (
    'id' => 101395,
    'name' => 'Ekadharma International Tbk',
    'code' => 'EKAD',
    'dividen' =>
    array (
      2016 =>
      array (
        0 => '10',
      ),
      2015 =>
      array (
        0 => '9',
      ),
    ),
  ),
  'Elang Mahkota Teknologi Tbk' =>
  array (
    'id' => 101226,
    'name' => 'Elang Mahkota Teknologi Tbk',
    'code' => 'EMTK',
    'dividen' =>
    array (
      2016 =>
      array (
        0 => '70',
        1 => '90',
      ),
      2015 =>
      array (
        0 => '215',
        1 => '350',
      ),
    ),
  ),
  'Electronic City Indonesia Tbk' =>
  array (
    'id' => 101396,
    'name' => 'Electronic City Indonesia Tbk',
    'code' => 'ECII',
    'dividen' =>
    array (
      2016 =>
      array (
        0 => '5,52',
      ),
      2015 =>
      array (
        0 => '9,7',
      ),
    ),
  ),
  'Elnusa Tbk' =>
  array (
    'id' => 101397,
    'name' => 'Elnusa Tbk',
    'code' => 'ELSA',
    'dividen' =>
    array (
      2016 =>
      array (
        0 => '10,29',
      ),
      2015 =>
      array (
        0 => '39,56',
      ),
    ),
  ),
  'Enseval Putra Megatrading Tbk' =>
  array (
    'id' => 101227,
    'name' => 'Enseval Putra Megatrading Tbk',
    'code' => 'EPMT',
    'dividen' =>
    array (
      2016 =>
      array (
        0 => '5',
      ),
      2015 =>
      array (
        0 => '5',
      ),
    ),
  ),
  'Erajaya Swasembada Tbk' =>
  array (
    'id' => 101399,
    'name' => 'Erajaya Swasembada Tbk',
    'code' => 'ERAA',
    'dividen' =>
    array (
      2016 =>
      array (
        0 => '20',
      ),
      2015 =>
      array (
        0 => '20',
      ),
    ),
  ),
  'Express Transindo Utama Tbk' =>
  array (
    'id' => 101404,
    'name' => 'Express Transindo Utama Tbk',
    'code' => 'TAXI',
    'dividen' =>
    array (
      2014 =>
      array (
        0 => '12',
      ),
    ),
  ),
  'Fajar Surya Wisesa Tbk' =>
  array (
    'id' => 101405,
    'name' => 'Fajar Surya Wisesa Tbk',
    'code' => 'FASW',
    'dividen' =>
    array (
      2016 =>
      array (
        0 => '24',
      ),
      2015 =>
      array (
        0 => '15',
      ),
    ),
  ),
  'Fast Food Indonesia Tbk' =>
  array (
    'id' => 101231,
    'name' => 'Fast Food Indonesia Tbk',
    'code' => 'FAST',
    'dividen' =>
    array (
      2016 =>
      array (
        0 => '20',
      ),
      2015 =>
      array (
        0 => '30',
      ),
    ),
  ),
  'Fks Multi Agro Tbk' =>
  array (
    'id' => 101232,
    'name' => 'Fks Multi Agro Tbk',
    'code' => 'FISH',
    'dividen' =>
    array (
      2016 =>
      array (
        0 => '50',
      ),
      2015 =>
      array (
        0 => '10',
      ),
    ),
  ),
  'Fortune Indonesia Tbk' =>
  array (
    'id' => 101407,
    'name' => 'Fortune Indonesia Tbk',
    'code' => 'FORU',
    'dividen' =>
    array (
      2014 =>
      array (
        0 => '10',
      ),
    ),
  ),
  'Gajah Tunggal Tbk' =>
  array (
    'id' => 101410,
    'name' => 'Gajah Tunggal Tbk',
    'code' => 'GJTL',
    'dividen' =>
    array (
      2015 =>
      array (
        0 => '10',
      ),
    ),
  ),
  'Garuda Metalindo Tbk PT' =>
  array (
    'id' => 955953,
    'name' => 'Garuda Metalindo Tbk PT',
    'code' => 'BOLT',
    'dividen' =>
    array (
      2017 =>
      array (
        0 => '27,77',
      ),
      2016 =>
      array (
        0 => '25,01',
      ),
    ),
  ),
  'Gema Grahasarana Tbk' =>
  array (
    'id' => 101413,
    'name' => 'Gema Grahasarana Tbk',
    'code' => 'GEMA',
    'dividen' =>
    array (
      2016 =>
      array (
        0 => '16',
      ),
      2015 =>
      array (
        0 => '7',
      ),
    ),
  ),
  'Global Mediacom Tbk' =>
  array (
    'id' => 101414,
    'name' => 'Global Mediacom Tbk',
    'code' => 'BMTR',
    'dividen' =>
    array (
      2016 =>
      array (
        0 => '5',
      ),
      2015 =>
      array (
        0 => '25',
      ),
    ),
  ),
  'Golden Energy Mines Tbk' =>
  array (
    'id' => 101233,
    'name' => 'Golden Energy Mines Tbk',
    'code' => 'GEMS',
    'dividen' =>
    array (
      2016 =>
      array (
        0 => '32,9',
        1 => '6,81',
      ),
      2015 =>
      array (
        0 => '3,4',
      ),
    ),
  ),
  'Goodyear Indonesia Tbk' =>
  array (
    'id' => 943650,
    'name' => 'Goodyear Indonesia Tbk',
    'code' => 'GDYR',
    'dividen' =>
    array (
      2015 =>
      array (
        0 => '30',
      ),
    ),
  ),
  'Gowa Makassar Tourism Develop' =>
  array (
    'id' => 101418,
    'name' => 'Gowa Makassar Tourism Develop',
    'code' => 'GMTD',
    'dividen' =>
    array (
      2017 =>
      array (
        0 => '25',
      ),
      2016 =>
      array (
        0 => '45',
      ),
      2015 =>
      array (
        0 => '65',
      ),
    ),
  ),
  'Gudang Garam Tbk' =>
  array (
    'id' => 101423,
    'name' => 'Gudang Garam Tbk',
    'code' => 'GGRM',
    'dividen' =>
    array (
      2016 =>
      array (
        0 => '2',
      ),
      2015 =>
      array (
        0 => '800',
      ),
    ),
  ),
  'Asuransi Harta Aman Pratama Tbk PT' =>
  array (
    'id' => 101207,
    'name' => 'Asuransi Harta Aman Pratama Tbk PT',
    'code' => 'AHAP',
    'dividen' =>
    array (
      2016 =>
      array (
        0 => '2',
      ),
      2015 =>
      array (
        0 => '7',
      ),
    ),
  ),
  'Harum Energy Tbk' =>
  array (
    'id' => 101427,
    'name' => 'Harum Energy Tbk',
    'code' => 'HRUM',
    'dividen' =>
    array (
      2014 =>
      array (
        0 => '110',
      ),
    ),
  ),
  'Hexindo Adiperkasa Tbk' =>
  array (
    'id' => 101429,
    'name' => 'Hexindo Adiperkasa Tbk',
    'code' => 'HEXA',
    'dividen' =>
    array (
      2016 =>
      array (
        0 => '1',
      ),
      2015 =>
      array (
        0 => '115,96',
      ),
    ),
  ),
  'Hm Sampoerna Tbk' =>
  array (
    'id' => 943648,
    'name' => 'Hm Sampoerna Tbk',
    'code' => 'HMSP',
    'dividen' =>
    array (
      2016 =>
      array (
        0 => '89',
      ),
      2015 =>
      array (
        0 => '2',
      ),
    ),
  ),
  'Holcim Indonesia Tbk' =>
  array (
    'id' => 101430,
    'name' => 'Holcim Indonesia Tbk',
    'code' => 'SMCB',
    'dividen' =>
    array (
      2016 =>
      array (
        0 => '15',
      ),
      2015 =>
      array (
        0 => '65',
      ),
    ),
  ),
  'Impack Pratama Industri Tbk' =>
  array (
    'id' => 943664,
    'name' => 'Impack Pratama Industri Tbk',
    'code' => 'IMPC',
    'dividen' =>
    array (
      2016 =>
      array (
        0 => '2',
      ),
    ),
  ),
  'Indah Kiat Pulp & Paper Tbk' =>
  array (
    'id' => 101435,
    'name' => 'Indah Kiat Pulp & Paper Tbk',
    'code' => 'INKP',
    'dividen' =>
    array (
      2016 =>
      array (
        0 => '25',
      ),
      2015 =>
      array (
        0 => '25',
      ),
    ),
  ),
  'Indal Aluminium Industry Tbk' =>
  array (
    'id' => 101436,
    'name' => 'Indal Aluminium Industry Tbk',
    'code' => 'INAI',
    'dividen' =>
    array (
      2016 =>
      array (
        0 => '45',
      ),
      2015 =>
      array (
        0 => '35',
      ),
    ),
  ),
  'Indo Kordsa Tbk' =>
  array (
    'id' => 101234,
    'name' => 'Indo Kordsa Tbk',
    'code' => 'BRAM',
    'dividen' =>
    array (
      2016 =>
      array (
        0 => '125',
      ),
      2015 =>
      array (
        0 => '100',
      ),
    ),
  ),
  'Indo Tambangraya Megah Tbk' =>
  array (
    'id' => 101439,
    'name' => 'Indo Tambangraya Megah Tbk',
    'code' => 'ITMG',
    'dividen' =>
    array (
      2017 =>
      array (
        0 => '1',
      ),
      2016 =>
      array (
        0 => '494,88',
        1 => '812,56',
      ),
      2015 =>
      array (
        0 => '1',
      ),
    ),
  ),
  'Indocement Tunggal Prakarsa' =>
  array (
    'id' => 101440,
    'name' => 'Indocement Tunggal Prakarsa',
    'code' => 'INTP',
    'dividen' =>
    array (
      2016 =>
      array (
        0 => '415',
      ),
      2015 =>
      array (
        0 => '1',
      ),
    ),
  ),
  'Indofood Sukses Makmur Tbk' =>
  array (
    'id' => 101443,
    'name' => 'Indofood Sukses Makmur Tbk',
    'code' => 'INDF',
    'dividen' =>
    array (
      2016 =>
      array (
        0 => '168',
      ),
      2015 =>
      array (
        0 => '220',
      ),
    ),
  ),
  'Indofood Cbp Sukses Makmur Tbk' =>
  array (
    'id' => 101442,
    'name' => 'Indofood Cbp Sukses Makmur Tbk',
    'code' => 'ICBP',
    'dividen' =>
    array (
      2016 =>
      array (
        0 => '128',
      ),
      2015 =>
      array (
        0 => '222',
      ),
    ),
  ),
  'Indomobil Multi Jasa Tbk' =>
  array (
    'id' => 101444,
    'name' => 'Indomobil Multi Jasa Tbk',
    'code' => 'IMJS',
    'dividen' =>
    array (
      2015 =>
      array (
        0 => '5,8',
      ),
    ),
  ),
  'Indomobil Sukses Internasional' =>
  array (
    'id' => 101445,
    'name' => 'Indomobil Sukses Internasional',
    'code' => 'IMAS',
    'dividen' =>
    array (
      2016 =>
      array (
        0 => '10',
      ),
      2015 =>
      array (
        0 => '10',
      ),
    ),
  ),
  'Indonesia Pondasi Raya Tbk PT' =>
  array (
    'id' => 962003,
    'name' => 'Indonesia Pondasi Raya Tbk PT',
    'code' => 'IDPR',
    'dividen' =>
    array (
      2016 =>
      array (
        0 => '5',
      ),
    ),
  ),
  'Indonesian Paradise Property' =>
  array (
    'id' => 102970,
    'name' => 'Indonesian Paradise Property',
    'code' => 'INPP',
    'dividen' =>
    array (
      2016 =>
      array (
        0 => '1,5',
      ),
    ),
  ),
  'Indopoly Swakarsa Industry Tbk' =>
  array (
    'id' => 101446,
    'name' => 'Indopoly Swakarsa Industry Tbk',
    'code' => 'IPOL',
    'dividen' =>
    array (
      2014 =>
      array (
        0 => '1',
      ),
    ),
  ),
  'Indoritel Makmur Internasional' =>
  array (
    'id' => 101447,
    'name' => 'Indoritel Makmur Internasional',
    'code' => 'DNET',
    'dividen' =>
    array (
      2016 =>
      array (
        0 => '2',
      ),
      2015 =>
      array (
        0 => '2',
      ),
    ),
  ),
  'Indospring Tbk' =>
  array (
    'id' => 101449,
    'name' => 'Indospring Tbk',
    'code' => 'INDS',
    'dividen' =>
    array (
      2015 =>
      array (
        0 => '55',
      ),
    ),
  ),
  'Intan Baruprana Finance Tbk' =>
  array (
    'id' => 943644,
    'name' => 'Intan Baruprana Finance Tbk',
    'code' => 'IBFN',
    'dividen' =>
    array (
      2015 =>
      array (
        0 => '1',
      ),
    ),
  ),
  'Intanwijaya Internasional Tbk' =>
  array (
    'id' => 101452,
    'name' => 'Intanwijaya Internasional Tbk',
    'code' => 'INCI',
    'dividen' =>
    array (
      2016 =>
      array (
        0 => '10',
      ),
    ),
  ),
  'Intermedia Capital Tbk' =>
  array (
    'id' => 101453,
    'name' => 'Intermedia Capital Tbk',
    'code' => 'MDIA',
    'dividen' =>
    array (
      2016 =>
      array (
        0 => '10',
      ),
      2015 =>
      array (
        0 => '10',
      ),
    ),
  ),
  'Intiland Development Tbk' =>
  array (
    'id' => 101456,
    'name' => 'Intiland Development Tbk',
    'code' => 'DILD',
    'dividen' =>
    array (
      2016 =>
      array (
        0 => '5',
      ),
      2015 =>
      array (
        0 => '10',
      ),
    ),
  ),
  'Island Concepts Indonesia Tbk' =>
  array (
    'id' => 101458,
    'name' => 'Island Concepts Indonesia Tbk',
    'code' => 'ICON',
    'dividen' =>
    array (
      2015 =>
      array (
        0 => '0,25',
      ),
    ),
  ),
  'Jakarta Setiabudi Internasional' =>
  array (
    'id' => 945179,
    'name' => 'Jakarta Setiabudi Internasional',
    'code' => 'JSPT',
    'dividen' =>
    array (
      2016 =>
      array (
        0 => '17',
      ),
      2015 =>
      array (
        0 => '16',
      ),
    ),
  ),
  'Industri Jamu dan Farmasi Sido Muncul Tbk PT' =>
  array (
    'id' => 101450,
    'name' => 'Industri Jamu dan Farmasi Sido Muncul Tbk PT',
    'code' => 'SIDO',
    'dividen' =>
    array (
      2016 =>
      array (
        0 => '25',
      ),
      2015 =>
      array (
        0 => '24',
      ),
    ),
  ),
  'Japfa Comfeed Indonesia Tbk' =>
  array (
    'id' => 101461,
    'name' => 'Japfa Comfeed Indonesia Tbk',
    'code' => 'JPFA',
    'dividen' =>
    array (
      2016 =>
      array (
        0 => '15',
      ),
      2014 =>
      array (
        0 => '10',
      ),
    ),
  ),
  'Jasa Marga Tbk' =>
  array (
    'id' => 101462,
    'name' => 'Jasa Marga Tbk',
    'code' => 'JSMR',
    'dividen' =>
    array (
      2017 =>
      array (
        0 => '78,09',
      ),
      2016 =>
      array (
        0 => '43,03',
      ),
      2015 =>
      array (
        0 => '72,24',
      ),
    ),
  ),
  'Jasuindo Tiga Perkasa Tbk' =>
  array (
    'id' => 101463,
    'name' => 'Jasuindo Tiga Perkasa Tbk',
    'code' => 'JTPE',
    'dividen' =>
    array (
      2016 =>
      array (
        0 => '14',
      ),
      2015 =>
      array (
        0 => '10',
      ),
    ),
  ),
  'Jaya Agra Wattie Tbk' =>
  array (
    'id' => 101460,
    'name' => 'Jaya Agra Wattie Tbk',
    'code' => 'JAWA',
    'dividen' =>
    array (
      2015 =>
      array (
        0 => '1,34',
      ),
    ),
  ),
  'Jaya Konstruksi Manggala Pratama' =>
  array (
    'id' => 101464,
    'name' => 'Jaya Konstruksi Manggala Pratama',
    'code' => 'JKON',
    'dividen' =>
    array (
      2016 =>
      array (
        0 => '4,5',
      ),
      2015 =>
      array (
        0 => '4,3',
      ),
    ),
  ),
  'Jaya Real Property Tbk' =>
  array (
    'id' => 101466,
    'name' => 'Jaya Real Property Tbk',
    'code' => 'JRPT',
    'dividen' =>
    array (
      2016 =>
      array (
        0 => '21',
      ),
      2015 =>
      array (
        0 => '17,5',
      ),
    ),
  ),
  'Jembo Cable Company Tbk' =>
  array (
    'id' => 101467,
    'name' => 'Jembo Cable Company Tbk',
    'code' => 'JECC',
    'dividen' =>
    array (
      2016 =>
      array (
        0 => '200',
      ),
      2015 =>
      array (
        0 => '60',
      ),
    ),
  ),
  'Kabelindo Murni Tbk' =>
  array (
    'id' => 101238,
    'name' => 'Kabelindo Murni Tbk',
    'code' => 'KBLM',
    'dividen' =>
    array (
      2016 =>
      array (
        0 => '3',
      ),
      2015 =>
      array (
        0 => '5',
      ),
    ),
  ),
  'Kalbe Farma Tbk' =>
  array (
    'id' => 101470,
    'name' => 'Kalbe Farma Tbk',
    'code' => 'KLBF',
    'dividen' =>
    array (
      2016 =>
      array (
        0 => '19',
      ),
      2015 =>
      array (
        0 => '19',
      ),
    ),
  ),
  'Kawasan Industri Jababeka Tbk' =>
  array (
    'id' => 101469,
    'name' => 'Kawasan Industri Jababeka Tbk',
    'code' => 'KIJA',
    'dividen' =>
    array (
      2015 =>
      array (
        0 => '1,39',
      ),
      2014 =>
      array (
        0 => '0,34',
      ),
    ),
  ),
  'Keramika Indonesia Assosiasi' =>
  array (
    'id' => 101472,
    'name' => 'Keramika Indonesia Assosiasi',
    'code' => 'KIAS',
    'dividen' =>
    array (
      2015 =>
      array (
        0 => '1,55',
      ),
    ),
  ),
  'Kimia Farma Persero Tbk' =>
  array (
    'id' => 101474,
    'name' => 'Kimia Farma Persero Tbk',
    'code' => 'KAEF',
    'dividen' =>
    array (
      2016 =>
      array (
        0 => '8,96',
      ),
      2015 =>
      array (
        0 => '8,45',
      ),
    ),
  ),
  'Kino Indonesia Tbk PT' =>
  array (
    'id' => 962004,
    'name' => 'Kino Indonesia Tbk PT',
    'code' => 'KINO',
    'dividen' =>
    array (
      2016 =>
      array (
        0 => '37',
      ),
    ),
  ),
  'Kmi Wire And Cable Tbk' =>
  array (
    'id' => 101475,
    'name' => 'Kmi Wire And Cable Tbk',
    'code' => 'KBLI',
    'dividen' =>
    array (
      2016 =>
      array (
        0 => '7',
      ),
      2015 =>
      array (
        0 => '4',
      ),
    ),
  ),
  'Kresna Graha Investama Tbk PT' =>
  array (
    'id' => 101478,
    'name' => 'Kresna Graha Investama Tbk PT',
    'code' => 'KREN',
    'dividen' =>
    array (
      2014 =>
      array (
        0 => '0,45',
      ),
    ),
  ),
  'Lautan Luas Tbk' =>
  array (
    'id' => 101481,
    'name' => 'Lautan Luas Tbk',
    'code' => 'LTLS',
    'dividen' =>
    array (
      2015 =>
      array (
        0 => '31,5',
      ),
    ),
  ),
  'Link Net Tbk' =>
  array (
    'id' => 102980,
    'name' => 'Link Net Tbk',
    'code' => 'LINK',
    'dividen' =>
    array (
      2016 =>
      array (
        0 => '42',
      ),
    ),
  ),
  'Lion Metal Works Tbk' =>
  array (
    'id' => 102975,
    'name' => 'Lion Metal Works Tbk',
    'code' => 'LION',
    'dividen' =>
    array (
      2016 =>
      array (
        0 => '40',
      ),
      2015 =>
      array (
        0 => '40',
      ),
    ),
  ),
  'Lionmesh Prima Tbk' =>
  array (
    'id' => 101242,
    'name' => 'Lionmesh Prima Tbk',
    'code' => 'LMSH',
    'dividen' =>
    array (
      2016 =>
      array (
        0 => '5',
      ),
      2015 =>
      array (
        0 => '10',
      ),
    ),
  ),
  'Lippo General Insurance Tbk' =>
  array (
    'id' => 101484,
    'name' => 'Lippo General Insurance Tbk',
    'code' => 'LPGI',
    'dividen' =>
    array (
      2016 =>
      array (
        0 => '165',
      ),
      2015 =>
      array (
        0 => '180',
      ),
    ),
  ),
  'Lippo Karawaci Tbk' =>
  array (
    'id' => 101485,
    'name' => 'Lippo Karawaci Tbk',
    'code' => 'LPKR',
    'dividen' =>
    array (
      2017 =>
      array (
        0 => '1,94',
      ),
      2016 =>
      array (
        0 => '3,5',
      ),
      2015 =>
      array (
        0 => '16,68',
      ),
    ),
  ),
  'Logindo Samudramakmur Tbk' =>
  array (
    'id' => 101487,
    'name' => 'Logindo Samudramakmur Tbk',
    'code' => 'LEAD',
    'dividen' =>
    array (
      2015 =>
      array (
        0 => '10',
      ),
    ),
  ),
  'Mahaka Radio Integra Tbk PT' =>
  array (
    'id' => 963746,
    'name' => 'Mahaka Radio Integra Tbk PT',
    'code' => 'MARI',
    'dividen' =>
    array (
      2016 =>
      array (
        0 => '5,1',
      ),
    ),
  ),
  'Mandala Multifinance Tbk' =>
  array (
    'id' => 101244,
    'name' => 'Mandala Multifinance Tbk',
    'code' => 'MFIN',
    'dividen' =>
    array (
      2016 =>
      array (
        0 => '19',
      ),
      2015 =>
      array (
        0 => '23',
      ),
    ),
  ),
  'Mandom Indonesia Tbk' =>
  array (
    'id' => 101491,
    'name' => 'Mandom Indonesia Tbk',
    'code' => 'TCID',
    'dividen' =>
    array (
      2016 =>
      array (
        0 => '410',
      ),
      2015 =>
      array (
        0 => '390',
      ),
    ),
  ),
  'Maskapai Reasuransi Indonesia' =>
  array (
    'id' => 101245,
    'name' => 'Maskapai Reasuransi Indonesia',
    'code' => 'MREI',
    'dividen' =>
    array (
      2016 =>
      array (
        0 => '50',
      ),
      2015 =>
      array (
        0 => '40',
      ),
    ),
  ),
  'Matahari Department Store Tbk' =>
  array (
    'id' => 101493,
    'name' => 'Matahari Department Store Tbk',
    'code' => 'LPPF',
    'dividen' =>
    array (
      2016 =>
      array (
        0 => '427,3',
      ),
      2015 =>
      array (
        0 => '291,8',
      ),
    ),
  ),
  'Matahari Putra Prima Tbk' =>
  array (
    'id' => 101494,
    'name' => 'Matahari Putra Prima Tbk',
    'code' => 'MPPA',
    'dividen' =>
    array (
      2016 =>
      array (
        0 => '33',
      ),
      2015 =>
      array (
        0 => '25',
        1 => '36',
      ),
    ),
  ),
  'Mayora Indah Tbk' =>
  array (
    'id' => 101495,
    'name' => 'Mayora Indah Tbk',
    'code' => 'MYOR',
    'dividen' =>
    array (
      2016 =>
      array (
        0 => '12',
      ),
      2015 =>
      array (
        0 => '160',
      ),
    ),
  ),
  'Medco Energi Internasional Tbk' =>
  array (
    'id' => 101496,
    'name' => 'Medco Energi Internasional Tbk',
    'code' => 'MEDC',
    'dividen' =>
    array (
      2015 =>
      array (
        0 => '15,6',
      ),
    ),
  ),
  'Media Nusantara Citra Tbk' =>
  array (
    'id' => 101497,
    'name' => 'Media Nusantara Citra Tbk',
    'code' => 'MNCN',
    'dividen' =>
    array (
      2016 =>
      array (
        0 => '42',
      ),
      2015 =>
      array (
        0 => '63',
      ),
    ),
  ),
  'Megapolitan Developments Tbk' =>
  array (
    'id' => 101498,
    'name' => 'Megapolitan Developments Tbk',
    'code' => 'EMDE',
    'dividen' =>
    array (
      2016 =>
      array (
        0 => '2',
      ),
      2015 =>
      array (
        0 => '1',
      ),
    ),
  ),
  'Merck Tbk' =>
  array (
    'id' => 945178,
    'name' => 'Merck Tbk',
    'code' => 'MERK',
    'dividen' =>
    array (
      2016 =>
      array (
        0 => '265',
      ),
      2015 =>
      array (
        0 => '327,5',
        1 => '6',
      ),
    ),
  ),
  'Metrodata Electronics Tbk' =>
  array (
    'id' => 101499,
    'name' => 'Metrodata Electronics Tbk',
    'code' => 'MTDL',
    'dividen' =>
    array (
      2016 =>
      array (
        0 => '5,35',
      ),
      2015 =>
      array (
        0 => '5',
      ),
      2014 =>
      array (
        0 => '12,15',
      ),
    ),
  ),
  'Metropolitan Kentjana Tbk' =>
  array (
    'id' => 101247,
    'name' => 'Metropolitan Kentjana Tbk',
    'code' => 'MKPI',
    'dividen' =>
    array (
      2016 =>
      array (
        0 => '327',
      ),
      2015 =>
      array (
        0 => '223,7',
      ),
    ),
  ),
  'Metropolitan Land Tbk' =>
  array (
    'id' => 101500,
    'name' => 'Metropolitan Land Tbk',
    'code' => 'MTLA',
    'dividen' =>
    array (
      2016 =>
      array (
        0 => '4,19',
      ),
      2015 =>
      array (
        0 => '2,72',
      ),
    ),
  ),
  'Midi Utama Indonesia Tbk' =>
  array (
    'id' => 101501,
    'name' => 'Midi Utama Indonesia Tbk',
    'code' => 'MIDI',
    'dividen' =>
    array (
      2016 =>
      array (
        0 => '15',
      ),
      2015 =>
      array (
        0 => '14,5',
      ),
    ),
  ),
  'Millennium Pharmacon International' =>
  array (
    'id' => 101502,
    'name' => 'Millennium Pharmacon International',
    'code' => 'SDPC',
    'dividen' =>
    array (
      2017 =>
      array (
        0 => '2',
      ),
      2016 =>
      array (
        0 => '3',
      ),
    ),
  ),
  'Minna Padi Investama Tbk' =>
  array (
    'id' => 101503,
    'name' => 'Minna Padi Investama Tbk',
    'code' => 'PADI',
    'dividen' =>
    array (
      2015 =>
      array (
        0 => '0,23',
      ),
    ),
  ),
  'Mitra Keluarga Karyasehat Tbk PT' =>
  array (
    'id' => 948393,
    'name' => 'Mitra Keluarga Karyasehat Tbk PT',
    'code' => 'MIKA',
    'dividen' =>
    array (
      2016 =>
      array (
        0 => '25',
      ),
      2015 =>
      array (
        0 => '20',
      ),
    ),
  ),
  'Mitra Pinasthika Mustika' =>
  array (
    'id' => 101507,
    'name' => 'Mitra Pinasthika Mustika',
    'code' => 'MPMX',
    'dividen' =>
    array (
      2016 =>
      array (
        0 => '18,5',
        1 => '17',
      ),
      2015 =>
      array (
        0 => '7',
      ),
    ),
  ),
  'Mitrabahtera Segara Sejati Tbk' =>
  array (
    'id' => 101508,
    'name' => 'Mitrabahtera Segara Sejati Tbk',
    'code' => 'MBSS',
    'dividen' =>
    array (
      2015 =>
      array (
        0 => '119,41',
      ),
    ),
  ),
  'Mitrabara Adiperdana Tbk' =>
  array (
    'id' => 943662,
    'name' => 'Mitrabara Adiperdana Tbk',
    'code' => 'MBAP',
    'dividen' =>
    array (
      2016 =>
      array (
        0 => '151,16',
      ),
      2015 =>
      array (
        0 => '64,75',
        1 => '29',
      ),
    ),
  ),
  'Mnc Investama Tbk' =>
  array (
    'id' => 101509,
    'name' => 'Mnc Investama Tbk',
    'code' => 'BHIT',
    'dividen' =>
    array (
      2015 =>
      array (
        0 => '3',
      ),
    ),
  ),
  'Mnc Kapital Indonesia Tbk' =>
  array (
    'id' => 101510,
    'name' => 'Mnc Kapital Indonesia Tbk',
    'code' => 'BCAP',
    'dividen' =>
    array (
      2015 =>
      array (
        0 => '4,94',
      ),
    ),
  ),
  'Mnc Land Tbk' =>
  array (
    'id' => 101511,
    'name' => 'Mnc Land Tbk',
    'code' => 'KPIG',
    'dividen' =>
    array (
      2016 =>
      array (
        0 => '6',
      ),
      2015 =>
      array (
        0 => '10',
      ),
    ),
  ),
  'Modern Internasional Tbk' =>
  array (
    'id' => 101513,
    'name' => 'Modern Internasional Tbk',
    'code' => 'MDRN',
    'dividen' =>
    array (
      2014 =>
      array (
        0 => '2',
      ),
    ),
  ),
  'Modernland Realty Ltd Tbk' =>
  array (
    'id' => 101514,
    'name' => 'Modernland Realty Ltd Tbk',
    'code' => 'MDLN',
    'dividen' =>
    array (
      2015 =>
      array (
        0 => '12',
      ),
    ),
  ),
  'Asuransi Multi Artha Guna Tbk PT' =>
  array (
    'id' => 101300,
    'name' => 'Asuransi Multi Artha Guna Tbk PT',
    'code' => 'AMAG',
    'dividen' =>
    array (
      2015 =>
      array (
        0 => '10',
      ),
    ),
  ),
  'Multi Bintang Indonesia Tbk' =>
  array (
    'id' => 101517,
    'name' => 'Multi Bintang Indonesia Tbk',
    'code' => 'MLBI',
    'dividen' =>
    array (
      2016 =>
      array (
        0 => '267',
        1 => '344',
      ),
      2015 =>
      array (
        0 => '257',
      ),
    ),
  ),
  'Multi Indocitra Tbk' =>
  array (
    'id' => 101518,
    'name' => 'Multi Indocitra Tbk',
    'code' => 'MICE',
    'dividen' =>
    array (
      2015 =>
      array (
        0 => '10',
      ),
    ),
  ),
  'Multifiling Mitra Indonesia' =>
  array (
    'id' => 101248,
    'name' => 'Multifiling Mitra Indonesia',
    'code' => 'MFMI',
    'dividen' =>
    array (
      2016 =>
      array (
        0 => '2,2',
      ),
      2015 =>
      array (
        0 => '1,8',
      ),
    ),
  ),
  'Multipolar Tbk' =>
  array (
    'id' => 101520,
    'name' => 'Multipolar Tbk',
    'code' => 'MLPL',
    'dividen' =>
    array (
      2015 =>
      array (
        0 => '9,4',
      ),
    ),
  ),
  'Multipolar Technology Tbk' =>
  array (
    'id' => 101521,
    'name' => 'Multipolar Technology Tbk',
    'code' => 'MLPT',
    'dividen' =>
    array (
      2016 =>
      array (
        0 => '7',
      ),
      2015 =>
      array (
        0 => '5,71',
      ),
    ),
  ),
  'Multistrada Arah Sarana Tbk' =>
  array (
    'id' => 101522,
    'name' => 'Multistrada Arah Sarana Tbk',
    'code' => 'MASA',
    'dividen' =>
    array (
      2015 =>
      array (
        0 => '2',
      ),
    ),
  ),
  'Nippon Indosari Corpindo Tbk' =>
  array (
    'id' => 101524,
    'name' => 'Nippon Indosari Corpindo Tbk',
    'code' => 'ROTI',
    'dividen' =>
    array (
      2016 =>
      array (
        0 => '10,61',
      ),
      2015 =>
      array (
        0 => '5,53',
      ),
    ),
  ),
  'Nusa Konstruksi Enjiniring Tbk' =>
  array (
    'id' => 101527,
    'name' => 'Nusa Konstruksi Enjiniring Tbk',
    'code' => 'DGIK',
    'dividen' =>
    array (
      2015 =>
      array (
        0 => '3,35',
      ),
    ),
  ),
  'Nusa Raya Cipta Tbk' =>
  array (
    'id' => 101528,
    'name' => 'Nusa Raya Cipta Tbk',
    'code' => 'NRCA',
    'dividen' =>
    array (
      2016 =>
      array (
        0 => '16,38',
      ),
      2015 =>
      array (
        0 => '30,04',
      ),
    ),
  ),
  'Pabrik Kertas Tjiwi Kimia Tbk' =>
  array (
    'id' => 101608,
    'name' => 'Pabrik Kertas Tjiwi Kimia Tbk',
    'code' => 'TKIM',
    'dividen' =>
    array (
      2016 =>
      array (
        0 => '5',
      ),
      2015 =>
      array (
        0 => '10',
      ),
    ),
  ),
  'Pakuwon Jati Tbk' =>
  array (
    'id' => 101533,
    'name' => 'Pakuwon Jati Tbk',
    'code' => 'PWON',
    'dividen' =>
    array (
      2016 =>
      array (
        0 => '4,5',
      ),
      2015 =>
      array (
        0 => '4,5',
      ),
    ),
  ),
  'Pan Brothers Tbk' =>
  array (
    'id' => 101534,
    'name' => 'Pan Brothers Tbk',
    'code' => 'PBRX',
    'dividen' =>
    array (
      2016 =>
      array (
        0 => '2',
      ),
      2015 =>
      array (
        0 => '1',
      ),
    ),
  ),
  'Panca Global Securities Tbk' =>
  array (
    'id' => 943654,
    'name' => 'Panca Global Securities Tbk',
    'code' => 'PEGE',
    'dividen' =>
    array (
      2016 =>
      array (
        0 => '10',
      ),
      2015 =>
      array (
        0 => '10',
      ),
    ),
  ),
  'Panin Sekuritas Tbk' =>
  array (
    'id' => 101537,
    'name' => 'Panin Sekuritas Tbk',
    'code' => 'PANS',
    'dividen' =>
    array (
      2016 =>
      array (
        0 => '80',
      ),
      2015 =>
      array (
        0 => '420',
      ),
    ),
  ),
  'Panorama Sentrawisata Tbk' =>
  array (
    'id' => 101538,
    'name' => 'Panorama Sentrawisata Tbk',
    'code' => 'PANR',
    'dividen' =>
    array (
      2016 =>
      array (
        0 => '4,08',
      ),
      2015 =>
      array (
        0 => '6,07',
      ),
    ),
  ),
  'Pelayaran Nelly Dwi Putri Tbk' =>
  array (
    'id' => 101253,
    'name' => 'Pelayaran Nelly Dwi Putri Tbk',
    'code' => 'NELY',
    'dividen' =>
    array (
      2016 =>
      array (
        0 => '4',
      ),
      2015 =>
      array (
        0 => '3',
      ),
    ),
  ),
  'Pelayaran Tempuran Emas Tbk' =>
  array (
    'id' => 101251,
    'name' => 'Pelayaran Tempuran Emas Tbk',
    'code' => 'TMAS',
    'dividen' =>
    array (
      2016 =>
      array (
        0 => '41,7',
      ),
      2015 =>
      array (
        0 => '17,81',
      ),
    ),
  ),
  'Pembangunan Graha Lestari Tbk' =>
  array (
    'id' => 101250,
    'name' => 'Pembangunan Graha Lestari Tbk',
    'code' => 'PGLI',
    'dividen' =>
    array (
      2016 =>
      array (
        0 => '0,9',
      ),
      2015 =>
      array (
        0 => '2',
      ),
    ),
  ),
  'Pembangunan Jaya Ancol Tbk' =>
  array (
    'id' => 101531,
    'name' => 'Pembangunan Jaya Ancol Tbk',
    'code' => 'PJAA',
    'dividen' =>
    array (
      2016 =>
      array (
        0 => '69',
      ),
      2015 =>
      array (
        0 => '65',
      ),
    ),
  ),
  'Perdana Gapura Prima Tbk' =>
  array (
    'id' => 101543,
    'name' => 'Perdana Gapura Prima Tbk',
    'code' => 'GPRA',
    'dividen' =>
    array (
      2016 =>
      array (
        0 => '5',
      ),
      2015 =>
      array (
        0 => '2,5',
      ),
    ),
  ),
  'Perusahaan Gas Negara Persero' =>
  array (
    'id' => 101530,
    'name' => 'Perusahaan Gas Negara Persero',
    'code' => 'PGAS',
    'dividen' =>
    array (
      2016 =>
      array (
        0 => '91,32',
      ),
      2015 =>
      array (
        0 => '144,84',
      ),
    ),
  ),
  'Petrosea Tbk' =>
  array (
    'id' => 101546,
    'name' => 'Petrosea Tbk',
    'code' => 'PTRO',
    'dividen' =>
    array (
      2015 =>
      array (
        0 => '21,66',
      ),
    ),
  ),
  'Plaza Indonesia Realty Tbk' =>
  array (
    'id' => 101256,
    'name' => 'Plaza Indonesia Realty Tbk',
    'code' => 'PLIN',
    'dividen' =>
    array (
      2016 =>
      array (
        0 => '43',
      ),
      2015 =>
      array (
        0 => '70',
      ),
    ),
  ),
  'Pool Advista Indonesia Tbk' =>
  array (
    'id' => 101257,
    'name' => 'Pool Advista Indonesia Tbk',
    'code' => 'POOL',
    'dividen' =>
    array (
      2015 =>
      array (
        0 => '3,11',
      ),
    ),
  ),
  'PP London Sumatra Indonesia' =>
  array (
    'id' => 101488,
    'name' => 'PP London Sumatra Indonesia',
    'code' => 'LSIP',
    'dividen' =>
    array (
      2016 =>
      array (
        0 => '37',
      ),
      2015 =>
      array (
        0 => '53',
      ),
    ),
  ),
  'Pp Persero Tbk' =>
  array (
    'id' => 101549,
    'name' => 'Pp Persero Tbk',
    'code' => 'PTPP',
    'dividen' =>
    array (
      2017 =>
      array (
        0 => '49,52',
      ),
      2016 =>
      array (
        0 => '29,07',
      ),
      2015 =>
      array (
        0 => '21,97',
      ),
    ),
  ),
  'PP Properti Tbk PT' =>
  array (
    'id' => 953597,
    'name' => 'PP Properti Tbk PT',
    'code' => 'PPRO',
    'dividen' =>
    array (
      2017 =>
      array (
        0 => '1,3',
      ),
      2016 =>
      array (
        0 => '1,07',
      ),
    ),
  ),
  'Provident Agro Tbk' =>
  array (
    'id' => 101259,
    'name' => 'Provident Agro Tbk',
    'code' => 'PALM',
    'dividen' =>
    array (
      2016 =>
      array (
        0 => '42',
      ),
    ),
  ),
  'Pudjiadi & Sons Tbk' =>
  array (
    'id' => 101260,
    'name' => 'Pudjiadi & Sons Tbk',
    'code' => 'PNSE',
    'dividen' =>
    array (
      2016 =>
      array (
        0 => '3,5',
      ),
      2015 =>
      array (
        0 => '10',
      ),
    ),
  ),
  'Pudjiadi Prestige Tbk' =>
  array (
    'id' => 101551,
    'name' => 'Pudjiadi Prestige Tbk',
    'code' => 'PUDP',
    'dividen' =>
    array (
      2016 =>
      array (
        0 => '11',
      ),
      2015 =>
      array (
        0 => '12',
      ),
    ),
  ),
  'Puradelta Lestari Tbk Pt' =>
  array (
    'id' => 953932,
    'name' => 'Puradelta Lestari Tbk Pt',
    'code' => 'DMAS',
    'dividen' =>
    array (
      2016 =>
      array (
        0 => '11',
      ),
      2015 =>
      array (
        0 => '12',
      ),
    ),
  ),
  'Radana Bhaskara Finance Tbk' =>
  array (
    'id' => 953933,
    'name' => 'Radana Bhaskara Finance Tbk',
    'code' => 'HDFA',
    'dividen' =>
    array (
      2016 =>
      array (
        0 => '3,5',
      ),
    ),
  ),
  'Radiant Utama Interinsco Tbk' =>
  array (
    'id' => 101553,
    'name' => 'Radiant Utama Interinsco Tbk',
    'code' => 'RUIS',
    'dividen' =>
    array (
      2016 =>
      array (
        0 => '7,5',
      ),
      2015 =>
      array (
        0 => '10',
      ),
    ),
  ),
  'Ramayana Lestari Sentosa Tbk' =>
  array (
    'id' => 101554,
    'name' => 'Ramayana Lestari Sentosa Tbk',
    'code' => 'RALS',
    'dividen' =>
    array (
      2016 =>
      array (
        0 => '30',
      ),
      2015 =>
      array (
        0 => '27',
      ),
    ),
  ),
  'Resource Alam Indonesia Tbk' =>
  array (
    'id' => 101557,
    'name' => 'Resource Alam Indonesia Tbk',
    'code' => 'KKGI',
    'dividen' =>
    array (
      2016 =>
      array (
        0 => '4',
      ),
      2014 =>
      array (
        0 => '100',
      ),
    ),
  ),
  'Ricky Putra Globalindo Tbk' =>
  array (
    'id' => 101262,
    'name' => 'Ricky Putra Globalindo Tbk',
    'code' => 'RICY',
    'dividen' =>
    array (
      2016 =>
      array (
        0 => '3',
      ),
      2015 =>
      array (
        0 => '4',
      ),
    ),
  ),
  'Roda Vivatex Tbk' =>
  array (
    'id' => 945177,
    'name' => 'Roda Vivatex Tbk',
    'code' => 'RDTX',
    'dividen' =>
    array (
      2016 =>
      array (
        0 => '75',
      ),
      2015 =>
      array (
        0 => '85',
      ),
    ),
  ),
  'Rukun Raharja Tbk' =>
  array (
    'id' => 101560,
    'name' => 'Rukun Raharja Tbk',
    'code' => 'RAJA',
    'dividen' =>
    array (
      2015 =>
      array (
        0 => '3,05',
      ),
    ),
  ),
  'Salim Ivomas Pratama Tbk' =>
  array (
    'id' => 101561,
    'name' => 'Salim Ivomas Pratama Tbk',
    'code' => 'SIMP',
    'dividen' =>
    array (
      2016 =>
      array (
        0 => '5',
      ),
      2015 =>
      array (
        0 => '16',
      ),
    ),
  ),
  'Samindo Resources Tbk' =>
  array (
    'id' => 101562,
    'name' => 'Samindo Resources Tbk',
    'code' => 'MYOH',
    'dividen' =>
    array (
      2016 =>
      array (
        0 => '48,06',
      ),
      2015 =>
      array (
        0 => '47,73',
      ),
    ),
  ),
  'Sampoerna Agro Tbk' =>
  array (
    'id' => 101563,
    'name' => 'Sampoerna Agro Tbk',
    'code' => 'SGRO',
    'dividen' =>
    array (
      2016 =>
      array (
        0 => '25',
      ),
      2015 =>
      array (
        0 => '36',
      ),
    ),
  ),
  'Samudera Indonesia Tbk' =>
  array (
    'id' => 101264,
    'name' => 'Samudera Indonesia Tbk',
    'code' => 'SMDR',
    'dividen' =>
    array (
      2016 =>
      array (
        0 => '380',
      ),
      2015 =>
      array (
        0 => '380',
      ),
    ),
  ),
  'Sarana Meditama Metropolitan' =>
  array (
    'id' => 101564,
    'name' => 'Sarana Meditama Metropolitan',
    'code' => 'SAME',
    'dividen' =>
    array (
      2016 =>
      array (
        0 => '7',
      ),
      2015 =>
      array (
        0 => '7',
      ),
    ),
  ),
  'Saratoga Investama Sedaya' =>
  array (
    'id' => 101568,
    'name' => 'Saratoga Investama Sedaya',
    'code' => 'SRTG',
    'dividen' =>
    array (
      2016 =>
      array (
        0 => '77',
        1 => '32',
      ),
    ),
  ),
  'Sawit Sumbermas Sarana Tbk' =>
  array (
    'id' => 101570,
    'name' => 'Sawit Sumbermas Sarana Tbk',
    'code' => 'SSMS',
    'dividen' =>
    array (
      2016 =>
      array (
        0 => '17,67',
      ),
      2015 =>
      array (
        0 => '22,65',
      ),
    ),
  ),
  'Sekar Bumi Tbk' =>
  array (
    'id' => 101265,
    'name' => 'Sekar Bumi Tbk',
    'code' => 'SKBM',
    'dividen' =>
    array (
      2015 =>
      array (
        0 => '12',
      ),
    ),
  ),
  'Sekar Laut Tbk' =>
  array (
    'id' => 945181,
    'name' => 'Sekar Laut Tbk',
    'code' => 'SKLT',
    'dividen' =>
    array (
      2016 =>
      array (
        0 => '6',
      ),
      2015 =>
      array (
        0 => '5',
      ),
    ),
  ),
  'Selamat Sempurna Tbk' =>
  array (
    'id' => 101572,
    'name' => 'Selamat Sempurna Tbk',
    'code' => 'SMSM',
    'dividen' =>
    array (
      2016 =>
      array (
        0 => '46,56',
        1 => '160',
        2 => '135',
      ),
      2015 =>
      array (
        0 => '125',
        1 => '105',
      ),
    ),
  ),
  'Semen Baturaja Persero Tbk' =>
  array (
    'id' => 101573,
    'name' => 'Semen Baturaja Persero Tbk',
    'code' => 'SMBR',
    'dividen' =>
    array (
      2016 =>
      array (
        0 => '9',
      ),
      2015 =>
      array (
        0 => '8,34',
      ),
    ),
  ),
  'Semen Indonesia Persero Tbk' =>
  array (
    'id' => 101574,
    'name' => 'Semen Indonesia Persero Tbk',
    'code' => 'SMGR',
    'dividen' =>
    array (
      2017 =>
      array (
        0 => '304,92',
      ),
      2016 =>
      array (
        0 => '304,91',
      ),
      2015 =>
      array (
        0 => '375,34',
      ),
    ),
  ),
  'Sepatu Bata Tbk' =>
  array (
    'id' => 101266,
    'name' => 'Sepatu Bata Tbk',
    'code' => 'BATA',
    'dividen' =>
    array (
      2016 =>
      array (
        0 => '21,45',
        1 => '6,45',
      ),
      2015 =>
      array (
        0 => '21,78',
      ),
    ),
  ),
  'Sidomulyo Selaras Tbk' =>
  array (
    'id' => 101577,
    'name' => 'Sidomulyo Selaras Tbk',
    'code' => 'SDMU',
    'dividen' =>
    array (
      2014 =>
      array (
        0 => '2,77',
      ),
    ),
  ),
  'Siloam International Hospitals' =>
  array (
    'id' => 101579,
    'name' => 'Siloam International Hospitals',
    'code' => 'SILO',
    'dividen' =>
    array (
      2015 =>
      array (
        0 => '5,2',
      ),
    ),
  ),
  'Sinar Mas Multiartha Tbk' =>
  array (
    'id' => 101580,
    'name' => 'Sinar Mas Multiartha Tbk',
    'code' => 'SMMA',
    'dividen' =>
    array (
      2016 =>
      array (
        0 => '1',
      ),
      2015 =>
      array (
        0 => '1',
      ),
    ),
  ),
  'Smart Tbk' =>
  array (
    'id' => 101582,
    'name' => 'Smart Tbk',
    'code' => 'SMAR',
    'dividen' =>
    array (
      2015 =>
      array (
        0 => '10',
      ),
    ),
  ),
  'Soechi Lines Tbk' =>
  array (
    'id' => 942839,
    'name' => 'Soechi Lines Tbk',
    'code' => 'SOCI',
    'dividen' =>
    array (
      2016 =>
      array (
        0 => '7,5',
      ),
    ),
  ),
  'Sona Topas Tourism Industry' =>
  array (
    'id' => 101268,
    'name' => 'Sona Topas Tourism Industry',
    'code' => 'SONA',
    'dividen' =>
    array (
      2016 =>
      array (
        0 => '100',
      ),
    ),
  ),
  'Sorini Agro Asia Corporindo' =>
  array (
    'id' => 101585,
    'name' => 'Sorini Agro Asia Corporindo',
    'code' => 'SOBI',
    'dividen' =>
    array (
      2015 =>
      array (
        0 => '10',
      ),
    ),
  ),
  'Sri Rejeki Isman Tbk' =>
  array (
    'id' => 101586,
    'name' => 'Sri Rejeki Isman Tbk',
    'code' => 'SRIL',
    'dividen' =>
    array (
      2016 =>
      array (
        0 => '3',
      ),
      2015 =>
      array (
        0 => '5,38',
      ),
    ),
  ),
  'Steel Pipe Industry Of Indonesia' =>
  array (
    'id' => 101589,
    'name' => 'Steel Pipe Industry Of Indonesia',
    'code' => 'ISSP',
    'dividen' =>
    array (
      2016 =>
      array (
        0 => '5',
      ),
      2014 =>
      array (
        0 => '2',
      ),
    ),
  ),
  'Sumber Alfaria Trijaya Tbk' =>
  array (
    'id' => 101591,
    'name' => 'Sumber Alfaria Trijaya Tbk',
    'code' => 'AMRT',
    'dividen' =>
    array (
      2016 =>
      array (
        0 => '4,35',
      ),
      2015 =>
      array (
        0 => '3,85',
      ),
    ),
  ),
  'Sumi Indo Kabel Tbk' =>
  array (
    'id' => 102976,
    'name' => 'Sumi Indo Kabel Tbk',
    'code' => 'IKBI',
    'dividen' =>
    array (
      2016 =>
      array (
        0 => '7,68',
      ),
      2015 =>
      array (
        0 => '26,69',
      ),
    ),
  ),
  'Summarecon Agung Tbk' =>
  array (
    'id' => 101592,
    'name' => 'Summarecon Agung Tbk',
    'code' => 'SMRA',
    'dividen' =>
    array (
      2016 =>
      array (
        0 => '5',
      ),
      2015 =>
      array (
        0 => '20',
      ),
    ),
  ),
  'Supreme Cable Manufacturing Corp' =>
  array (
    'id' => 101269,
    'name' => 'Supreme Cable Manufacturing Corp',
    'code' => 'SCCO',
    'dividen' =>
    array (
      2016 =>
      array (
        0 => '225',
      ),
      2015 =>
      array (
        0 => '200',
      ),
    ),
  ),
  'Surya Citra Media Tbk' =>
  array (
    'id' => 101595,
    'name' => 'Surya Citra Media Tbk',
    'code' => 'SCMA',
    'dividen' =>
    array (
      2016 =>
      array (
        0 => '83',
        1 => '83',
      ),
      2015 =>
      array (
        0 => '90',
        1 => '70',
      ),
    ),
  ),
  'Surya Semesta Internusa Tbk' =>
  array (
    'id' => 101597,
    'name' => 'Surya Semesta Internusa Tbk',
    'code' => 'SSIA',
    'dividen' =>
    array (
      2016 =>
      array (
        0 => '9,71',
      ),
      2015 =>
      array (
        0 => '18',
      ),
    ),
  ),
  'Surya Toto Indonesia Tbk' =>
  array (
    'id' => 101271,
    'name' => 'Surya Toto Indonesia Tbk',
    'code' => 'TOTO',
    'dividen' =>
    array (
      2016 =>
      array (
        0 => '12',
        1 => '120',
      ),
      2015 =>
      array (
        0 => '84,9',
        1 => '119,65',
      ),
    ),
  ),
  'Taisho Pharmaceutical Ind' =>
  array (
    'id' => 945184,
    'name' => 'Taisho Pharmaceutical Ind',
    'code' => 'SQBI',
    'dividen' =>
    array (
      2009 =>
      array (
        0 => '8',
      ),
    ),
  ),
  'Tambang Batubara Bukit Asam' =>
  array (
    'id' => 101599,
    'name' => 'Tambang Batubara Bukit Asam',
    'code' => 'PTBA',
    'dividen' =>
    array (
      2016 =>
      array (
        0 => '289,73',
      ),
      2015 =>
      array (
        0 => '324,57',
      ),
    ),
  ),
  'Telekomunikasi Indonesia Persero' =>
  array (
    'id' => 101600,
    'name' => 'Telekomunikasi Indonesia Persero',
    'code' => 'TLKM',
    'dividen' =>
    array (
      2016 =>
      array (
        0 => '66,7',
        1 => '94,64',
      ),
      2015 =>
      array (
        0 => '74,55',
      ),
    ),
  ),
  'Tempo Scan Pacific Tbk' =>
  array (
    'id' => 101602,
    'name' => 'Tempo Scan Pacific Tbk',
    'code' => 'TSPC',
    'dividen' =>
    array (
      2016 =>
      array (
        0 => '50',
      ),
      2015 =>
      array (
        0 => '64',
      ),
    ),
  ),
  'Tifa Finance Tbk' =>
  array (
    'id' => 101603,
    'name' => 'Tifa Finance Tbk',
    'code' => 'TIFA',
    'dividen' =>
    array (
      2016 =>
      array (
        0 => '7',
      ),
      2015 =>
      array (
        0 => '10',
      ),
    ),
  ),
  'Tiga Pilar Sejahtera Food Tbk' =>
  array (
    'id' => 101604,
    'name' => 'Tiga Pilar Sejahtera Food Tbk',
    'code' => 'AISA',
    'dividen' =>
    array (
      2014 =>
      array (
        0 => '8,5',
      ),
    ),
  ),
  'Tigaraksa Satria Tbk' =>
  array (
    'id' => 101274,
    'name' => 'Tigaraksa Satria Tbk',
    'code' => 'TGKA',
    'dividen' =>
    array (
      2016 =>
      array (
        0 => '106,5',
      ),
      2015 =>
      array (
        0 => '94,5',
      ),
    ),
  ),
  'Timah Persero Tbk' =>
  array (
    'id' => 101605,
    'name' => 'Timah Persero Tbk',
    'code' => 'TINS',
    'dividen' =>
    array (
      2016 =>
      array (
        0 => '4,09',
      ),
      2015 =>
      array (
        0 => '25,7',
      ),
    ),
  ),
  'Tiphone Mobile Indonesia Tbk' =>
  array (
    'id' => 101606,
    'name' => 'Tiphone Mobile Indonesia Tbk',
    'code' => 'TELE',
    'dividen' =>
    array (
      2016 =>
      array (
        0 => '13',
      ),
      2015 =>
      array (
        0 => '10',
      ),
    ),
  ),
  'Tira Austenite Tbk' =>
  array (
    'id' => 946577,
    'name' => 'Tira Austenite Tbk',
    'code' => 'TIRA',
    'dividen' =>
    array (
      2015 =>
      array (
        0 => '2',
      ),
    ),
  ),
  'Toba Bara Sejahtra Tbk' =>
  array (
    'id' => 101609,
    'name' => 'Toba Bara Sejahtra Tbk',
    'code' => 'TOBA',
    'dividen' =>
    array (
      2016 =>
      array (
        0 => '7,68',
      ),
      2015 =>
      array (
        0 => '39,83',
      ),
    ),
  ),
  'Total Bangun Persada Tbk' =>
  array (
    'id' => 101611,
    'name' => 'Total Bangun Persada Tbk',
    'code' => 'TOTL',
    'dividen' =>
    array (
      2016 =>
      array (
        0 => '40',
      ),
      2015 =>
      array (
        0 => '30',
      ),
    ),
  ),
  'Tower Bersama Infrastructure' =>
  array (
    'id' => 101612,
    'name' => 'Tower Bersama Infrastructure',
    'code' => 'TBIG',
    'dividen' =>
    array (
      2016 =>
      array (
        0 => '100,84',
        1 => '57,07',
      ),
    ),
  ),
  'Trans Power Marine Tbk' =>
  array (
    'id' => 101275,
    'name' => 'Trans Power Marine Tbk',
    'code' => 'TPMA',
    'dividen' =>
    array (
      2014 =>
      array (
        0 => '11',
      ),
    ),
  ),
  'Trias Sentosa Tbk' =>
  array (
    'id' => 101276,
    'name' => 'Trias Sentosa Tbk',
    'code' => 'TRST',
    'dividen' =>
    array (
      2016 =>
      array (
        0 => '5',
      ),
      2015 =>
      array (
        0 => '5',
      ),
    ),
  ),
  'Trisula International Tbk' =>
  array (
    'id' => 101616,
    'name' => 'Trisula International Tbk',
    'code' => 'TRIS',
    'dividen' =>
    array (
      2016 =>
      array (
        0 => '8',
      ),
      2015 =>
      array (
        0 => '9,5',
      ),
    ),
  ),
  'Tunas Alfin Tbk' =>
  array (
    'id' => 101618,
    'name' => 'Tunas Alfin Tbk',
    'code' => 'TALF',
    'dividen' =>
    array (
      2016 =>
      array (
        0 => '3',
      ),
      2015 =>
      array (
        0 => '4',
      ),
    ),
  ),
  'Tunas Baru Lampung Tbk' =>
  array (
    'id' => 101619,
    'name' => 'Tunas Baru Lampung Tbk',
    'code' => 'TBLA',
    'dividen' =>
    array (
      2016 =>
      array (
        0 => '24',
        1 => '12',
      ),
      2015 =>
      array (
        0 => '23',
      ),
    ),
  ),
  'Tunas Ridean Tbk' =>
  array (
    'id' => 101620,
    'name' => 'Tunas Ridean Tbk',
    'code' => 'TURI',
    'dividen' =>
    array (
      2016 =>
      array (
        0 => '22',
        1 => '16',
      ),
      2015 =>
      array (
        0 => '14',
        1 => '14',
      ),
    ),
  ),
  'Ultra Jaya Milk Industry Tbk' =>
  array (
    'id' => 101621,
    'name' => 'Ultra Jaya Milk Industry Tbk',
    'code' => 'ULTJ',
    'dividen' =>
    array (
      2014 =>
      array (
        0 => '12',
      ),
    ),
  ),
  'Unggul Indah Cahaya Tbk' =>
  array (
    'id' => 102972,
    'name' => 'Unggul Indah Cahaya Tbk',
    'code' => 'UNIC',
    'dividen' =>
    array (
      2015 =>
      array (
        0 => '69',
      ),
    ),
  ),
  'Unilever Indonesia Tbk' =>
  array (
    'id' => 101622,
    'name' => 'Unilever Indonesia Tbk',
    'code' => 'UNVR',
    'dividen' =>
    array (
      2016 =>
      array (
        0 => '799',
        1 => '766',
      ),
      2015 =>
      array (
        0 => '758',
        1 => '752',
      ),
    ),
  ),
  'United Tractors Tbk' =>
  array (
    'id' => 101623,
    'name' => 'United Tractors Tbk',
    'code' => 'UNTR',
    'dividen' =>
    array (
      2016 =>
      array (
        0 => '583',
        1 => '691',
      ),
      2015 =>
      array (
        0 => '796',
      ),
    ),
  ),
  'Waskita Beton Precast Tbk PT' =>
  array (
    'id' => 989631,
    'name' => 'Waskita Beton Precast Tbk PT',
    'code' => 'WSBP',
    'dividen' =>
    array (
      2017 =>
      array (
        0 => '12,04',
      ),
    ),
  ),
  'Waskita Karya Persero Tbk' =>
  array (
    'id' => 101631,
    'name' => 'Waskita Karya Persero Tbk',
    'code' => 'WSKT',
    'dividen' =>
    array (
      2017 =>
      array (
        0 => '37,87',
      ),
      2016 =>
      array (
        0 => '15,44',
      ),
      2015 =>
      array (
        0 => '10,05',
      ),
    ),
  ),
  'Wijaya Karya Tbk' =>
  array (
    'id' => 101633,
    'name' => 'Wijaya Karya Tbk',
    'code' => 'WIKA',
    'dividen' =>
    array (
      2017 =>
      array (
        0 => '33,86',
      ),
      2016 =>
      array (
        0 => '18,85',
      ),
      2015 =>
      array (
        0 => '20,03',
      ),
    ),
  ),
  'Wijaya Karya Beton' =>
  array (
    'id' => 101634,
    'name' => 'Wijaya Karya Beton',
    'code' => 'WTON',
    'dividen' =>
    array (
      2017 =>
      array (
        0 => '9,8',
      ),
      2016 =>
      array (
        0 => '6,26',
      ),
      2015 =>
      array (
        0 => '11,82',
      ),
    ),
  ),
  'Wilmar Cahaya Indonesia Tbk' =>
  array (
    'id' => 101635,
    'name' => 'Wilmar Cahaya Indonesia Tbk',
    'code' => 'CEKA',
    'dividen' =>
    array (
      2014 =>
      array (
        0 => '50',
      ),
    ),
  ),
  'Wintermar Offshore Marine Tbk' =>
  array (
    'id' => 101636,
    'name' => 'Wintermar Offshore Marine Tbk',
    'code' => 'WINS',
    'dividen' =>
    array (
      2014 =>
      array (
        0 => '7,95',
      ),
    ),
  ),
  'Wismilak Inti Makmur Tbk' =>
  array (
    'id' => 101637,
    'name' => 'Wismilak Inti Makmur Tbk',
    'code' => 'WIIM',
    'dividen' =>
    array (
      2016 =>
      array (
        0 => '25',
        1 => '25',
      ),
      2015 =>
      array (
        0 => '13,5',
      ),
    ),
  ),
  'Xl Axiata Tbk' =>
  array (
    'id' => 101638,
    'name' => 'Xl Axiata Tbk',
    'code' => 'EXCL',
    'dividen' =>
    array (
      2014 =>
      array (
        0 => '65',
      ),
    ),
  ),
);