<?php return array (
  101278 => 'Abm Investama Tbk',
  101279 => 'Ace Hardware Indonesia Tbk',
  101280 => 'Acset Indonusa Tbk',
  101281 => 'Adaro Energy Tbk',
  101282 => 'Adhi Karya Persero Tbk',
  101283 => 'Adi Sarana Armada Tbk',
  101284 => 'Adira Dinamika Multi Finance',
  101286 => 'Agung Podomoro Land Tbk',
  101287 => 'Akasha Wira International Tbk',
  101288 => 'Akbar Indomakmur Stimec Tbk',
  101289 => 'Akr Corporindo Tbk',
  953124 => 'Alakasa Industrindo Tbk',
  101290 => 'Alam Sutera Realty Tbk',
  101291 => 'Alkindo Naratama Tbk',
  101292 => 'Alumindo Light Metal Industry',
  955951 => 'Anabatic Technologies Tbk PT',
  101293 => 'Ancora Indonesia Resources Tbk',
  991135 => 'Aneka Gas Industri Tbk PT',
  101294 => 'Aneka Tambang Persero Tbk',
  101208 => 'Apac Citra Centertex Tbk',
  101295 => 'Apexindo Pratama Duta Tbk',
  101209 => 'Argha Karya Prima Ind Tbk',
  953931 => 'Argo Pantes Tbk',
  101296 => 'Arita Prima Indonesia Tbk',
  102130 => 'Arpeni Pratama Ocean Line Tbk',
  101297 => 'Arthavest Tbk',
  101298 => 'Arwana Citramulia Tbk',
  101302 => 'Asahimas Flat Glass Tbk',
  101303 => 'Asia Pacific Fibers Tbk',
  101304 => 'Asiaplast Industries Tbk',
  101305 => 'Astra Agro Lestari Tbk',
  101306 => 'Astra Graphia Tbk',
  101307 => 'Astra International Tbk',
  101308 => 'Astra Otoparts Tbk',
  102973 => 'Asuransi Bina Dana Arta Tbk',
  102978 => 'Asuransi Bintang Tbk',
  101299 => 'Asuransi Dayin Mitra Tbk',
  943651 => 'Asuransi Jasa Tania Tbk',
  101309 => 'Asuransi Kresna Mitra Tbk PT',
  101301 => 'Asuransi Ramayana Tbk',
  962000 => 'Ateliers Mecaniques D’Indonesie Tbk PT',
  101310 => 'Atlas Resources Tbk',
  101210 => 'Austindo Nusantara Jaya Tbk',
  101312 => 'Bakrie & Brothers Tbk',
  101313 => 'Bakrie Sumatera Plantations',
  101314 => 'Bakrie Telecom Tbk',
  101315 => 'Bakrieland Development Tbk',
  102131 => 'Bali Towerindo Sentra Tbk',
  943645 => 'Bank Agris Tbk',
  101316 => 'Bank Artha Graha Internasional',
  962597 => 'Bank Artos Indonesia Tbk PT',
  101318 => 'Bank Bukopin Tbk',
  101211 => 'Bank Bumi Arta Tbk',
  101319 => 'Bank Capital Indonesia Tbk',
  101354 => 'Bank Central Asia Tbk',
  101320 => 'Bank Danamon Indonesia Tbk',
  943661 => 'Bank Dinar Indonesia Tbk',
  978769 => 'Bank Ganesha Tbk PT',
  958362 => 'Bank Harda Internasional Tbk PT',
  101323 => 'Bank Ina Perdana Tbk',
  101325 => 'Bank Mandiri Persero Tbk',
  101213 => 'Bank Maspion Indonesia Tbk',
  101326 => 'Bank Mayapada Internasional',
  101324 => 'Bank Maybank Indonesia Tbk PT',
  101327 => 'Bank Mega Tbk',
  101328 => 'Bank Mestika Dharma Tbk',
  101214 => 'Bank Mitraniaga Tbk',
  101322 => 'Bank Mnc Internasional Tbk',
  101329 => 'Bank Nationalnobu Tbk',
  101317 => 'Bank Negara Indonesia Tbk',
  101215 => 'Bank Nusantara Parahyangan Tbk',
  101216 => 'Bank Ocbc Nisp Tbk',
  101217 => 'Bank Of India Indonesia Tbk',
  101331 => 'Bank Pan Indonesia Tbk',
  101332 => 'Bank Panin Syariah Tbk',
  101330 => 'Bank Pembangunan Barat Dan Banten',
  101335 => 'Bank Pembangunan Daerah Banten Tbk PT',
  101333 => 'Bank Pembangunan Timur Tbk',
  101334 => 'Bank Permata Tbk',
  101218 => 'Bank Qnb Indonesia Tbk',
  101356 => 'Bank Rakyat Indonesia Agroniaga',
  101336 => 'Bank Rakyat Indonesia Persero',
  101337 => 'Bank Sinarmas Tbk',
  101339 => 'Bank Tabungan Pensiunan Nasional',
  101338 => 'Bank Tabungan Negara Persero',
  101340 => 'Bank Victoria International',
  101341 => 'Bank Windu Kentjana Int',
  101321 => 'Bank Woori Saudara Indonesia 1906',
  945176 => 'Bank Yudha Bhakti Tbk',
  101311 => 'Bara Jaya Internasional Tbk PT',
  101342 => 'Baramulti Suksessarana Tbk',
  101343 => 'Barito Pacific Tbk',
  102974 => 'Batavia Prosperindo Finance',
  943658 => 'Batavia Prosperindo Int',
  101344 => 'Bayan Resources Tbk',
  101219 => 'Bayu Buana Tbk',
  101345 => 'Bekasi Asri Pemula Tbk',
  101346 => 'Bekasi Fajar Industrial Estate',
  101347 => 'Benakat Integra Tbk',
  101220 => 'Bentoel International Investama',
  101348 => 'Berau Coal Energy Tbk',
  101349 => 'Berlina Tbk',
  101350 => 'Betonjaya Manunggal Tbk',
  101351 => 'BFI Finance Indonesia Tbk',
  101352 => 'Bhuwanatala Indah Permai Tbk',
  955952 => 'Binakarya Jaya Abadi Tbk PT',
  945724 => 'Bintang Mitra Semestaraya Tbk',
  994431 => 'Bintang Oto Global Tbk PT',
  101353 => 'Bisi International Tbk',
  943663 => 'Blue Bird Tbk',
  101355 => 'Borneo Lumbung Energi & Metal',
  101221 => 'Buana Finance Tbk',
  101357 => 'Buana Listya Tama Tbk PT',
  101358 => 'Budi Starch & Sweetener Tbk',
  955767 => 'Bukaka Teknik Utama Tbk Pt',
  101359 => 'Bukit Darmo Property Tbk',
  101360 => 'Bukit Uluwatu Villa Tbk',
  101361 => 'Bumi Citra Permai Tbk',
  101363 => 'Bumi Resources Tbk',
  101362 => 'Bumi Resources Minerals Tbk',
  101364 => 'Bumi Serpong Damai Tbk',
  101365 => 'Bumi Teknokultura Unggul Tbk',
  101222 => 'Cakra Mineral Tbk',
  986048 => 'Capital Financial Indonesia Tbk PT',
  101367 => 'Capitalinc Investment Tbk',
  101368 => 'Capitol Nusantara Indonesia',
  101369 => 'Cardig Aero Services Tbk',
  101370 => 'Catur Sentosa Adiprana Tbk',
  102969 => 'Centex Tbk Prf',
  101371 => 'Central Proteina Prima Tbk',
  101372 => 'Centratama Telekomunikasi Ind',
  101374 => 'Champion Pacific Indonesia Tbk',
  101375 => 'Chandra Asri Petrochemical Tbk',
  101376 => 'Charoen Pokphand Indonesia TBK PT',
  102979 => 'Chitose Internasional Tbk',
  985288 => 'Cikarang Listrindo Tbk PT',
  101378 => 'Ciputra Development Tbk',
  101381 => 'Citatah Tbk',
  101377 => 'Citra Maharlika Nusantara Corpora Tbk PT',
  101382 => 'Citra Marga Nusaphala Persada',
  945180 => 'Citra Tubindo Tbk',
  101383 => 'Clipan Finance Indonesia Tbk',
  101384 => 'Colorpak Indonesia Tbk',
  101385 => 'Cowell Development Tbk',
  945182 => 'Danasupra Erapacific Tbk',
  101223 => 'Danayasa Arthatama Tbk',
  101386 => 'Darma Henwa Tbk',
  101387 => 'Darya-Varia Laboratoria Tbk',
  101224 => 'Delta Djakarta Tbk',
  101388 => 'Delta Dunia Makmur Tbk',
  101225 => 'Destinasi Tirta Nusantara Tbk',
  101389 => 'Dharma Samudera Fishing Tbk',
  101390 => 'Dharma Satya Nusantara Tbk',
  102977 => 'Dian Swastatika Sentosa Tbk',
  962002 => 'Dua Putra Utama Makmur PT',
  101392 => 'Duta Anggada Realty Tbk',
  985737 => 'Duta Intidaya Tbk PT',
  101393 => 'Duta Pertiwi Tbk',
  101391 => 'Duta Pertiwi Nusantara Tbk',
  102132 => 'Dwi Aneka Jaya Kemasindo Tbk',
  101394 => 'Dyandra Media International',
  101366 => 'Eagle High Plantations Tbk',
  102133 => 'Eka Sari Lorena Transport Tbk',
  101395 => 'Ekadharma International Tbk',
  101226 => 'Elang Mahkota Teknologi Tbk',
  101396 => 'Electronic City Indonesia Tbk',
  101397 => 'Elnusa Tbk',
  101398 => 'Energi Mega Persada Tbk',
  101227 => 'Enseval Putra Megatrading Tbk',
  101228 => 'Equity Development Investment',
  101399 => 'Erajaya Swasembada Tbk',
  101229 => 'Eratex Djaja Tbk',
  101400 => 'Eterindo Wahanatama Tbk',
  101401 => 'Eureka Prima Jakarta Tbk',
  101230 => 'Ever Shine Textile Industry',
  101402 => 'Evergreen Invesco Tbk',
  101403 => 'Exploitasi Energi Indonesia',
  101404 => 'Express Transindo Utama Tbk',
  101405 => 'Fajar Surya Wisesa Tbk',
  101231 => 'Fast Food Indonesia Tbk',
  101406 => 'First Media Tbk',
  101232 => 'Fks Multi Agro Tbk',
  101407 => 'Fortune Indonesia Tbk',
  101408 => 'Fortune Mate Indonesia Tbk',
  101409 => 'Gading Development Tbk',
  101410 => 'Gajah Tunggal Tbk',
  101411 => 'Garda Tujuh Buana Tbk',
  101412 => 'Garuda Indonesia Persero Tbk',
  955953 => 'Garuda Metalindo Tbk PT',
  101413 => 'Gema Grahasarana Tbk',
  101414 => 'Global Mediacom Tbk',
  101415 => 'Global Teleshop Tbk',
  101416 => 'Golden Eagle Energy Tbk',
  101233 => 'Golden Energy Mines Tbk',
  943646 => 'Golden Plantation Tbk',
  943650 => 'Goodyear Indonesia Tbk',
  101418 => 'Gowa Makassar Tourism Develop',
  101419 => 'Gozco Plantations Tbk',
  985853 => 'Graha Andrasentra Propertindo Tbk PT',
  101420 => 'Graha Layar Prima Tbk',
  101421 => 'Grand Kartech Tbk',
  101422 => 'Greenwood Sejahtera Tbk',
  101423 => 'Gudang Garam Tbk',
  101424 => 'Gunawan Dianjaya Steel Tbk',
  101425 => 'Hanson International Tbk',
  101426 => 'Hanson International Tbk Prf',
  101207 => 'Asuransi Harta Aman Pratama Tbk PT',
  101427 => 'Harum Energy Tbk',
  943655 => 'Hd Capital Tbk',
  101428 => 'Hero Supermarket Tbk',
  101429 => 'Hexindo Adiperkasa Tbk',
  943648 => 'Hm Sampoerna Tbk',
  101430 => 'Holcim Indonesia Tbk',
  101431 => 'Hotel Mandarine Regency Tbk PT',
  101432 => 'Hotel Sahid Jaya Tbk',
  943656 => 'Humpuss Intermoda Transportasi',
  101433 => 'Ictsi Jasa Prima Tbk',
  943664 => 'Impack Pratama Industri Tbk',
  101435 => 'Indah Kiat Pulp & Paper Tbk',
  101436 => 'Indal Aluminium Industry Tbk',
  101437 => 'Indika Energy Tbk',
  101438 => 'Indo Acidatama Tbk',
  101234 => 'Indo Kordsa Tbk',
  101235 => 'Indo Straits Tbk',
  101439 => 'Indo Tambangraya Megah Tbk',
  101440 => 'Indocement Tunggal Prakarsa',
  101441 => 'Indofarma Tbk',
  101443 => 'Indofood Sukses Makmur Tbk',
  101442 => 'Indofood Cbp Sukses Makmur Tbk',
  101444 => 'Indomobil Multi Jasa Tbk',
  101445 => 'Indomobil Sukses Internasional',
  962003 => 'Indonesia Pondasi Raya Tbk PT',
  943994 => 'Indonesia Prima Property Tbk',
  101434 => 'Indonesia Transport & Infrastructure',
  102970 => 'Indonesian Paradise Property',
  101446 => 'Indopoly Swakarsa Industry Tbk',
  101236 => 'Indorama Synthetics Tbk',
  101447 => 'Indoritel Makmur Internasional',
  101448 => 'Indosat Tbk',
  101449 => 'Indospring Tbk',
  101451 => 'Inovisi Infracom Tbk',
  943644 => 'Intan Baruprana Finance Tbk',
  101452 => 'Intanwijaya Internasional Tbk',
  946578 => 'Inter-Delta Tbk',
  101453 => 'Intermedia Capital Tbk',
  101454 => 'Inti Bangun Sejahtera Tbk',
  945183 => 'Inti Kapuas Arowana Tbk',
  101455 => 'Intikeramik Alamasri Industri',
  101456 => 'Intiland Development Tbk',
  101457 => 'Intraco Penta Tbk',
  101458 => 'Island Concepts Indonesia Tbk',
  101459 => 'J Resources Asia Pasifik Tbk',
  101468 => 'Jakarta Int Hotels & Dev',
  101237 => 'Jakarta Kyoei Steel Works Tbk',
  945179 => 'Jakarta Setiabudi Internasional',
  101450 => 'Industri Jamu dan Farmasi Sido Muncul Tbk PT',
  101461 => 'Japfa Comfeed Indonesia Tbk',
  101462 => 'Jasa Marga Tbk',
  101463 => 'Jasuindo Tiga Perkasa Tbk',
  101460 => 'Jaya Agra Wattie Tbk',
  101464 => 'Jaya Konstruksi Manggala Pratama',
  101465 => 'Jaya Pari Steel Tbk',
  101466 => 'Jaya Real Property Tbk',
  101467 => 'Jembo Cable Company Tbk',
  101238 => 'Kabelindo Murni Tbk',
  101470 => 'Kalbe Farma Tbk',
  101469 => 'Kawasan Industri Jababeka Tbk',
  101239 => 'Kedaung Indah Can Tbk',
  101471 => 'Kedawung Setia Industrial Tbk',
  101472 => 'Keramika Indonesia Assosiasi',
  101473 => 'Kertas Basuki Rachmat Indonesia',
  101474 => 'Kimia Farma Persero Tbk',
  962004 => 'Kino Indonesia Tbk PT',
  101475 => 'Kmi Wire And Cable Tbk',
  101476 => 'Kobexindo Tractors Tbk',
  101240 => 'Kokoh Inti Arebama Tbk',
  101477 => 'Krakatau Steel Persero Tbk',
  101478 => 'Kresna Graha Investama Tbk PT',
  101479 => 'Lamicitra Nusantara Tbk',
  101480 => 'Langgeng Makmur Industri Tbk',
  101481 => 'Lautan Luas Tbk',
  101482 => 'Leyand International Tbk',
  101241 => 'Limas Indonesia Makmur Tbk',
  102980 => 'Link Net Tbk',
  102975 => 'Lion Metal Works Tbk',
  101242 => 'Lionmesh Prima Tbk',
  101483 => 'Lippo Cikarang Tbk',
  101484 => 'Lippo General Insurance Tbk',
  101485 => 'Lippo Karawaci Tbk',
  101486 => 'Lippo Securities Tbk',
  101487 => 'Logindo Samudramakmur Tbk',
  101243 => 'Lotte Chemical Titan Tbk',
  943659 => 'Magna Finance Tbk',
  101489 => 'Mahaka Media Tbk',
  963746 => 'Mahaka Radio Integra Tbk PT',
  101490 => 'Malindo Feedmill Tbk',
  101244 => 'Mandala Multifinance Tbk',
  101491 => 'Mandom Indonesia Tbk',
  101492 => 'Martina Berto Tbk',
  943649 => 'Mas Murni Indonesia Tbk',
  101245 => 'Maskapai Reasuransi Indonesia',
  101493 => 'Matahari Department Store Tbk',
  101494 => 'Matahari Putra Prima Tbk',
  101495 => 'Mayora Indah Tbk',
  101496 => 'Medco Energi Internasional Tbk',
  101497 => 'Media Nusantara Citra Tbk',
  954961 => 'Mega Manunggal Property TBK PT',
  101498 => 'Megapolitan Developments Tbk',
  945178 => 'Merck Tbk',
  954960 => 'Merdeka Copper Gold TBK PT',
  101246 => 'Metro Realty Tbk',
  101499 => 'Metrodata Electronics Tbk',
  101247 => 'Metropolitan Kentjana Tbk',
  101500 => 'Metropolitan Land Tbk',
  101501 => 'Midi Utama Indonesia Tbk',
  101502 => 'Millennium Pharmacon International',
  101503 => 'Minna Padi Investama Tbk',
  101504 => 'Mitra Adiperkasa Tbk',
  951639 => 'Mitra Energi Persada Tbk PT',
  101505 => 'Mitra International Resources',
  101506 => 'Mitra Investindo Tbk',
  948393 => 'Mitra Keluarga Karyasehat Tbk PT',
  960819 => 'Mitra Komunikasi Nusantara Tbk PT',
  963747 => 'Mitra Pemuda Tbk PT',
  101507 => 'Mitra Pinasthika Mustika',
  101508 => 'Mitrabahtera Segara Sejati Tbk',
  943662 => 'Mitrabara Adiperdana Tbk',
  101509 => 'Mnc Investama Tbk',
  101510 => 'Mnc Kapital Indonesia Tbk',
  101511 => 'Mnc Land Tbk',
  101512 => 'Mnc Sky Vision Tbk',
  101513 => 'Modern Internasional Tbk',
  101514 => 'Modernland Realty Ltd Tbk',
  101515 => 'Mulia Industrindo Tbk',
  101516 => 'Multi Agro Gemilang Plantation Tbk PT',
  101300 => 'Asuransi Multi Artha Guna Tbk PT',
  101517 => 'Multi Bintang Indonesia Tbk',
  101518 => 'Multi Indocitra Tbk',
  101519 => 'Multi Prima Sejahtera Tbk',
  101248 => 'Multifiling Mitra Indonesia',
  101520 => 'Multipolar Tbk',
  101521 => 'Multipolar Technology Tbk',
  101522 => 'Multistrada Arah Sarana Tbk',
  101523 => 'Mustika Ratu Tbk',
  101524 => 'Nippon Indosari Corpindo Tbk',
  101525 => 'Nipress Tbk',
  101526 => 'Nirvana Development Tbk',
  101527 => 'Nusa Konstruksi Enjiniring Tbk',
  101528 => 'Nusa Raya Cipta Tbk',
  101529 => 'Nusantara Infrastructure Tbk',
  102971 => 'Nusantara Inti Corpora Tbk',
  101249 => 'Onix Capital Tbk',
  101608 => 'Pabrik Kertas Tjiwi Kimia Tbk',
  101532 => 'Pacific Strategic Financial',
  101533 => 'Pakuwon Jati Tbk',
  101534 => 'Pan Brothers Tbk',
  101252 => 'Panasia Indo Resources Tbk',
  943654 => 'Panca Global Securities Tbk',
  101535 => 'Panin Financial Tbk',
  101537 => 'Panin Sekuritas Tbk',
  101536 => 'Paninvest Tbk',
  101538 => 'Panorama Sentrawisata Tbk',
  991136 => 'Paramita Bangun Sarana Tbk PT',
  101540 => 'Pelangi Indah Canindo Tbk',
  101541 => 'Pelat Timah Nusantara Tbk',
  101542 => 'Pelayaran Nasional Bina Buana Raya',
  101253 => 'Pelayaran Nelly Dwi Putri Tbk',
  101251 => 'Pelayaran Tempuran Emas Tbk',
  101250 => 'Pembangunan Graha Lestari Tbk',
  101531 => 'Pembangunan Jaya Ancol Tbk',
  101543 => 'Perdana Gapura Prima Tbk',
  101544 => 'Perdana Karya Perkasa Tbk',
  101545 => 'Permata Prima Sakti Tbk',
  101530 => 'Perusahaan Gas Negara Persero',
  101546 => 'Petrosea Tbk',
  101254 => 'Pikko Land Development Tbk',
  101255 => 'Pioneerindo Gourmet International',
  101256 => 'Plaza Indonesia Realty Tbk',
  101547 => 'Polaris Investama Tbk',
  101548 => 'Polychem Indonesia Tbk',
  101257 => 'Pool Advista Indonesia Tbk',
  101488 => 'PP London Sumatra Indonesia',
  101549 => 'Pp Persero Tbk',
  953597 => 'PP Properti Tbk PT',
  101258 => 'Prasidha Aneka Niaga Tbk',
  101550 => 'Prima Alloy Steel Universal',
  962001 => 'Primarindo Asia Infrastructure Tbk PT',
  994054 => 'Prodia Widyahusada Tbk PT',
  986049 => 'Protech Mitra Perkasa Tbk PT',
  101259 => 'Provident Agro Tbk',
  101260 => 'Pudjiadi & Sons Tbk',
  101551 => 'Pudjiadi Prestige Tbk',
  953932 => 'Puradelta Lestari Tbk Pt',
  101552 => 'Pyridam Farma Tbk',
  953933 => 'Radana Bhaskara Finance Tbk',
  101553 => 'Radiant Utama Interinsco Tbk',
  101554 => 'Ramayana Lestari Sentosa Tbk',
  101555 => 'Ratu Prabu Energi Tbk',
  950067 => 'Red Planet Indonesia Tbk',
  101261 => 'Reliance Securities Tbk',
  101556 => 'Renuka Coalindo Tbk',
  101557 => 'Resource Alam Indonesia Tbk',
  101262 => 'Ricky Putra Globalindo Tbk',
  101263 => 'Rig Tenders Tbk',
  101373 => 'Rimau Multi Putra Pratama',
  101559 => 'Ristia Bintang Mahkotasejati',
  945177 => 'Roda Vivatex Tbk',
  101560 => 'Rukun Raharja Tbk',
  101561 => 'Salim Ivomas Pratama Tbk',
  101562 => 'Samindo Resources Tbk',
  101563 => 'Sampoerna Agro Tbk',
  101264 => 'Samudera Indonesia Tbk',
  101564 => 'Sarana Meditama Metropolitan',
  101565 => 'Sarana Menara Nusantara Tbk',
  101566 => 'Saranacentral Bajatama Tbk',
  101567 => 'Saraswati Griya Lestari Tbk',
  101568 => 'Saratoga Investama Sedaya',
  101569 => 'Sat Nusapersada Tbk',
  101570 => 'Sawit Sumbermas Sarana Tbk',
  101571 => 'Sejahteraraya Anugrahjaya Tbk',
  101265 => 'Sekar Bumi Tbk',
  945181 => 'Sekar Laut Tbk',
  943657 => 'Sekawan Intipratama Tbk',
  101572 => 'Selamat Sempurna Tbk',
  101573 => 'Semen Baturaja Persero Tbk',
  101574 => 'Semen Indonesia Persero Tbk',
  101575 => 'Sentul City Tbk',
  101266 => 'Sepatu Bata Tbk',
  101576 => 'Siantar Top Tbk',
  101577 => 'Sidomulyo Selaras Tbk',
  101578 => 'Sierad Produce Tbk',
  101285 => 'Sigmagold Inti Perkasa Tbk',
  985738 => 'Sillo Maritime Perdana Tbk PT',
  101579 => 'Siloam International Hospitals',
  101580 => 'Sinar Mas Multiartha Tbk',
  943660 => 'Sitara Propertindo Tbk',
  943995 => 'Siwani Makmur Tbk',
  101581 => 'Slj Global Tbk',
  101582 => 'Smart Tbk',
  101583 => 'Smartfren Telecom Tbk',
  101267 => 'Smr Utama Tbk',
  942839 => 'Soechi Lines Tbk',
  101584 => 'Solusi Tunas Pratama Tbk',
  101268 => 'Sona Topas Tourism Industry',
  101585 => 'Sorini Agro Asia Corporindo',
  101586 => 'Sri Rejeki Isman Tbk',
  101587 => 'Star Pacific Tbk',
  101588 => 'Star Petrcohem Tbk',
  954962 => 'Steady Safe TBK PT',
  101589 => 'Steel Pipe Industry Of Indonesia',
  101590 => 'Sugih Energy Tbk',
  101591 => 'Sumber Alfaria Trijaya Tbk',
  102976 => 'Sumi Indo Kabel Tbk',
  101592 => 'Summarecon Agung Tbk',
  101270 => 'Sunson Textile Manufacturer',
  101593 => 'Suparma Tbk',
  101594 => 'Supra Boga Lestari Tbk',
  101269 => 'Supreme Cable Manufacturing Corp',
  101595 => 'Surya Citra Media Tbk',
  101596 => 'Surya Esa Perkasa Tbk',
  101597 => 'Surya Semesta Internusa Tbk',
  101271 => 'Surya Toto Indonesia Tbk',
  101272 => 'Suryamas Dutamakmur Tbk',
  945184 => 'Taisho Pharmaceutical Ind',
  101599 => 'Tambang Batubara Bukit Asam',
  101598 => 'Tanah Laut Tbk',
  101600 => 'Telekomunikasi Indonesia Persero',
  943647 => 'Tembaga Mulia Semanan Tbk',
  101601 => 'Tempo Inti Media Tbk',
  101602 => 'Tempo Scan Pacific Tbk',
  101603 => 'Tifa Finance Tbk',
  101273 => 'Tifico Fiber Indonesia Tbk',
  101604 => 'Tiga Pilar Sejahtera Food Tbk',
  101274 => 'Tigaraksa Satria Tbk',
  101605 => 'Timah Persero Tbk',
  101606 => 'Tiphone Mobile Indonesia Tbk',
  946577 => 'Tira Austenite Tbk',
  101607 => 'Tirta Mahakam Resources Tbk',
  101609 => 'Toba Bara Sejahtra Tbk',
  101610 => 'Toba Pulp Lestari Tbk',
  101611 => 'Total Bangun Persada Tbk',
  101612 => 'Tower Bersama Infrastructure',
  101613 => 'Trada Maritime Tbk',
  101275 => 'Trans Power Marine Tbk',
  101614 => 'Tri Banyan Tirta Tbk',
  101276 => 'Trias Sentosa Tbk',
  101277 => 'Trikomsel Oke Tbk',
  101615 => 'Trimegah Securities Tbk',
  101616 => 'Trisula International Tbk',
  101617 => 'Triwira Insanlestari Tbk',
  945723 => 'Trust Finance Indonesia Tbk',
  101618 => 'Tunas Alfin Tbk',
  101619 => 'Tunas Baru Lampung Tbk',
  101620 => 'Tunas Ridean Tbk',
  101621 => 'Ultra Jaya Milk Industry Tbk',
  102972 => 'Unggul Indah Cahaya Tbk',
  101622 => 'Unilever Indonesia Tbk',
  101623 => 'United Tractors Tbk',
  101624 => 'Vale Indonesia Tbk',
  101625 => 'Verena Multi Finance Tbk',
  959126 => 'Victoria Insurance Tbk PT',
  101626 => 'Victoria Investama Tbk',
  101627 => 'Visi Media Asia Tbk',
  101417 => 'Visi Telekomunikasi Infrastruktur Tbk PT',
  101628 => 'Voksel Electric Tbk',
  101629 => 'Wahana Ottomitra Multiartha',
  101630 => 'Wahana Pronatural',
  989631 => 'Waskita Beton Precast Tbk PT',
  101631 => 'Waskita Karya Persero Tbk',
  101539 => 'Weha Transportasi Indonesia TBK',
  101632 => 'Wicaksana Overseas International',
  101633 => 'Wijaya Karya Tbk',
  101634 => 'Wijaya Karya Beton',
  101635 => 'Wilmar Cahaya Indonesia Tbk',
  101636 => 'Wintermar Offshore Marine Tbk',
  101637 => 'Wismilak Inti Makmur Tbk',
  101638 => 'Xl Axiata Tbk',
  101639 => 'Yanaprima Hastapersada Tbk',
  943653 => 'Yulie Sekurindo Tbk',
  101640 => 'Zebra Nusantara Tbk',
);