<?php return array (
  0 => 
  array (
    'Name' => 'BANK RAKYAT INDONESIA (PERSERO) Tbk',
    'Code' => 'BBRI',
    'Total Sales' => '102,899,292,000,000',
    'Cost of Good Sold' => '0',
    'Gross Profit' => '102,899,292,000,000',
    'Operation Expenses' => '-66,093,458,000,000',
    'EBIT' => '36,805,834,000,000',
    'Other Income/Expenses' => '216,323,000,000',
    'Earning Before Tax' => '37,022,157,000,000',
    'Net Income After Tax' => '29,044,334,000,000',
    'Minority Interest' => 
    array (
      0 => '-47,799,000,000',
      1 => '598,677,000,000',
    ),
    'Net Income(NI)' => '28,996,535,000,000',
    'Earning Per Share(EPS)' => '237',
    'Book Value Per Share(BV)' => '1,364',
    'Close Price' => '3,640',
    'PER(Colse Price/EPS*)' => '15.3',
    'PBV(Close Price/BV)' => '2.7',
    'Public Accountant' => '',
    'Cash & Equivalent' => '24,797,782,000,000',
    'Account Receivable' => '0',
    'Inventories' => '0',
    'Other Current Assets' => '0',
    'Total Current Assets' => '0',
    'Fixed Assets' => '0',
    'Other Non-Curr.Assets' => '0',
    'Tot.Non-Cuttent Assets' => '0',
    'Total Assets' => '1,126,248,442,000,000',
    'Current Liabilities' => '0',
    'Long Term Liabilties' => '0',
    'Total Libilitie' => '958,900,948,000,000',
    'Total Equity' => '166,748,817,000,000',
    'Tot. Liabilities & Equity' => '1,126,248,442,000,000',
    'Operating Activities' => '39,299,109,000,000',
    'Investing Activities' => '-30,995,996,000,000',
    'Financing Activities' => '-10,847,132,000,000',
    'Net Cash Flow Activities' => '-2,544,019,000,000',
    'Cash & equiv.Ending' => '24,797,782,000,000',
    'PER (X) (ClostPrice/EPS*)' => '15.3',
    'PBV (X) (ClosePrice/BV)' => '2.7',
    'DER (X) (T.Liab/T.Eq)' => '5.8',
    'ROA (X) (NI*/T.Assrts)' => '2.6',
    'ROE (X) (NI*/T.Equity)' => '17.4',
    'Op.Margin (%) (EBIT/Sales)' => '35.8',
    'Dividen 2017' => 428.60549700000001,
    'Rasio Dividen' => '11.77',
    'History Dividen' => '2015 : 294.801 / 2016 : 311.6613 / 2017 : 428.605497 / ',
  ),
  1 => 
  array (
    'Name' => 'BANK PEMBANGUNAN DAERAH JAWA TIMUR Tbk',
    'Code' => 'BJTM',
    'Total Sales' => '4,828,909,000,000',
    'Cost of Good Sold' => '0',
    'Gross Profit' => '4,828,909,000,000',
    'Operation Expenses' => '-3,174,188,000,000',
    'EBIT' => '1,654,721,000,000',
    'Other Income/Expenses' => '-17,780,000,000',
    'Earning Before Tax' => '1,636,941,000,000',
    'Net Income After Tax' => '1,159,370,000,000',
    'Minority Interest' => 
    array (
      0 => '0',
      1 => '0',
    ),
    'Net Income(NI)' => '1,159,370,000,000',
    'Earning Per Share(EPS)' => '77',
    'Book Value Per Share(BV)' => '522',
    'Close Price' => '710',
    'PER(Colse Price/EPS*)' => '9.2',
    'PBV(Close Price/BV)' => '1.4',
    'Public Accountant' => '',
    'Cash & Equivalent' => '1,673,588,000,000',
    'Account Receivable' => '0',
    'Inventories' => '0',
    'Other Current Assets' => '0',
    'Total Current Assets' => '0',
    'Fixed Assets' => '0',
    'Other Non-Curr.Assets' => '0',
    'Tot.Non-Cuttent Assets' => '0',
    'Total Assets' => '51,518,681,000,000',
    'Current Liabilities' => '0',
    'Long Term Liabilties' => '0',
    'Total Libilitie' => '43,702,607,000,000',
    'Total Equity' => '7,816,074,000,000',
    'Tot. Liabilities & Equity' => '51,518,681,000,000',
    'Operating Activities' => '6,663,420,000,000',
    'Investing Activities' => '-1,490,006,000,000',
    'Financing Activities' => '-315,919,000,000',
    'Net Cash Flow Activities' => '4,857,495,000,000',
    'Cash & equiv.Ending' => '1,673,588,000,000',
    'PER (X) (ClostPrice/EPS*)' => '9.2',
    'PBV (X) (ClosePrice/BV)' => '1.4',
    'DER (X) (T.Liab/T.Eq)' => '5.6',
    'ROA (X) (NI*/T.Assrts)' => '2.2',
    'ROE (X) (NI*/T.Equity)' => '14.8',
    'Op.Margin (%) (EBIT/Sales)' => '34.3',
    'Dividen 2017' => 43.640000000000001,
    'Rasio Dividen' => '6.15',
    'History Dividen' => '2015 : 41.86 / 2016 : 43 / 2017 : 43.64 / ',
  ),
  2 => 
  array (
    'Name' => 'BANK NEGARA INDONESIA Tbk',
    'Code' => 'BBNI',
    'Total Sales' => '48,177,849,000,000',
    'Cost of Good Sold' => '0',
    'Gross Profit' => '48,177,849,000,000',
    'Operation Expenses' => '-30,955,186,000,000',
    'EBIT' => '17,222,663,000,000',
    'Other Income/Expenses' => '-57,276,000,000',
    'Earning Before Tax' => '17,165,387,000,000',
    'Net Income After Tax' => '13,770,592,000,000',
    'Minority Interest' => 
    array (
      0 => '-154,116,000,000',
      1 => '2,311,015,000,000',
    ),
    'Net Income(NI)' => '13,616,476,000,000',
    'Earning Per Share(EPS)' => '730',
    'Book Value Per Share(BV)' => '5,286',
    'Close Price' => '9,900',
    'PER(Colse Price/EPS*)' => '13.6',
    'PBV(Close Price/BV)' => '1.9',
    'Public Accountant' => '',
    'Cash & Equivalent' => '11,577,664,000,000',
    'Account Receivable' => '0',
    'Inventories' => '0',
    'Other Current Assets' => '0',
    'Total Current Assets' => '0',
    'Fixed Assets' => '0',
    'Other Non-Curr.Assets' => '0',
    'Tot.Non-Cuttent Assets' => '0',
    'Total Assets' => '709,330,084,000,000',
    'Current Liabilities' => '0',
    'Long Term Liabilties' => '0',
    'Total Libilitie' => '608,426,780,000,000',
    'Total Equity' => '98,592,289,000,000',
    'Tot. Liabilities & Equity' => '709,330,084,000,000',
    'Operating Activities' => '33,625,853,000,000',
    'Investing Activities' => '-23,274,271,000,000',
    'Financing Activities' => '3,245,370,000,000',
    'Net Cash Flow Activities' => '13,596,952,000,000',
    'Cash & equiv.Ending' => '11,577,664,000,000',
    'PER (X) (ClostPrice/EPS*)' => '13.6',
    'PBV (X) (ClosePrice/BV)' => '1.9',
    'DER (X) (T.Liab/T.Eq)' => '6.2',
    'ROA (X) (NI*/T.Assrts)' => '1.9',
    'ROE (X) (NI*/T.Equity)' => '13.8',
    'Op.Margin (%) (EBIT/Sales)' => '35.7',
    'Dividen 2017' => 425.613698,
    'Rasio Dividen' => '4.30',
    'History Dividen' => '2015 : 144.549658 / 2016 : 122.533827 / 2017 : 212.806849 + 212.806849 / ',
  ),
);