/doujinshi/angel-of-death-english url is gone
/manga/punikano-english url is gone
/doujinshi/summer-time-sexy-girl-english url is gone
/doujinshi/zettai-wakan-lost-in-school-english url is gone
/doujinshi/reopard-hon-14-english url is gone
/manga/lets-rape-the-husband-english url is gone
/manga/contrary-teacher-english url is gone
/manga/younger-sister-warning-english url is gone
/manga/little-devil-at-home-english url is gone
/manga/point-blank-love-english url is gone
/manga/love-sample-english url is gone
/manga/summers-beast-english url is gone
/manga/rule-of-bikini-english url is gone
/manga/its-a-succubus-assault-english url is gone
/manga/i-want-him-to-notice-english url is gone
/manga/doggy-lover-english url is gone
/manga/perfect-family-english url is gone
/manga/versus-english url is gone
/manga/shape-up-english url is gone
/manga/work-secret url is gone
/manga/false-rerapetionship-english url is gone
/manga/if-dreams-were-known-english url is gone
/manga/squishy-girlfriend-english url is gone
/manga/cross-sisters-english url is gone
/manga/drunken-triangle-english url is gone
/manga/our-uniform-project-english url is gone
/manga/welcome-to-tokoharu-apartments-chapter-2-english url is gone
/manga/repeater-english url is gone
2014-12-07 16:39:49 /manga/she-sea-girls-english-1417564561 url is gone
2014-12-07 16:39:56 /manga/spice-english url is gone
2014-12-07 16:40:03 /manga/welcome-to-tokoharu-apartments-english url is gone
2014-12-07 16:40:08 /manga/peachy-butt-girls-english url is gone
2014-12-07 16:40:11 /manga/alluring-woman-english url is gone
2014-12-07 16:40:13 /manga/welcome-to-tokoharu-apartments-chapter-1-english url is gone
2014-12-07 16:40:14 /manga/splash-flash-busters-english url is gone
2014-12-07 16:49:38 /manga/passionate-rape-attack-english url is gone
2014-12-07 16:53:41 /manga/onegai-sister-plus-2nd-period-english url is gone
2014-12-12 20:39:45 /manga/boob-shot-english url is gone
2014-12-12 20:39:50 /manga/love-uncomfortable-english url is gone
2014-12-12 20:39:58 /manga/welcome-to-tokoharu-apartments-chapter-3-english url is gone
2014-12-12 20:40:08 /manga/tight-tight-girl-english url is gone
2014-12-12 20:42:20 /manga/our-uniform-project-english url is gone
2014-12-12 20:42:22 /manga/welcome-to-tokoharu-apartments-chapter-2-english url is gone
2014-12-14 17:20:07 /manga/boob-shot-english url is gone
2014-12-14 17:20:11 /manga/love-uncomfortable-english url is gone
2014-12-16 15:34:19 /manga/drunken-frenzy-english url is gone
2014-12-16 15:34:46 /manga/welcome-to-tokoharu-apartments-chapter-45-english url is gone
2014-12-16 15:35:09 /manga/onii-chan-to-be-english url is gone
2015-01-04 10:31:45 /manga/welcome-to-tokoharu-apartments-extra-chapter-english url is gone
2015-01-04 10:40:30 /manga/blacking-out-english url is gone
2015-01-04 10:40:35 /manga/cheat-english url is gone
2015-01-06 16:49:36 /manga/welcome-to-tokoharu-apartments-extra-chapter-english url is gone
2015-01-06 16:54:57 /manga/swimsuit-contest-collection-english url is gone
2015-01-06 16:54:58 /manga/nightmare-english-1419983794 url is gone
2015-01-06 16:55:05 /manga/chip-away-girl-english url is gone
2015-01-06 16:55:14 /manga/sayaka-sunday-english-1419811284 url is gone
2015-01-06 16:55:45 /manga/the-occasional-indulgence-english url is gone
2015-01-06 16:55:50 /manga/welcome-to-tokoharu-apartments-final-chapter-english url is gone
2015-01-06 16:55:55 /manga/trouble-next-door-english url is gone
2015-01-06 16:55:57 /manga/train-debut-english url is gone
2015-01-06 16:56:05 /manga/my-sensei-english url is gone
2015-01-06 16:56:07 /manga/nozomi-wish-english-1419469523 url is gone
2015-01-06 16:56:07 /manga/compliant-fruit-english url is gone
2015-01-06 16:57:41 /manga/welcome-to-tokoharu-apartments-chapter-45-english url is gone
2015-01-06 16:57:42 /manga/drunken-frenzy-english url is gone
2015-01-06 16:57:43 /manga/childhood-breast-friend-english url is gone
2015-01-06 16:57:48 /manga/welcome-to-tokoharu-apartments-chapter-5-english url is gone
2015-01-06 17:07:29 /manga/onii-chan-to-be-english url is gone
2015-01-06 17:07:30 /manga/bound-mind-english url is gone
2015-01-06 17:07:38 /manga/welcome-to-tokoharu-apartments-chapter-4-english url is gone
2015-01-06 17:07:45 /manga/boob-shot-english url is gone
2015-01-06 17:07:51 /manga/drunken-triangle-english url is gone
2015-01-18 10:13:50 /manga/welcome-to-tokoharu-apartments-extra-chapter-english url is gone
2015-02-09 15:23:09 /doujinshi/levi-x-petra-manga url is gone
2015-03-12 17:09:30 /manga/porno-switch-english url is gone
2015-03-17 15:15:21 /manga/private-risshin-seminary-english url is gone
2015-03-25 17:12:57 /manga/hanafuda-english url is gone
2015-04-04 16:55:02 /manga/dark-elf-finale-english url is gone
2015-04-04 17:01:47 /manga/kayane-rehabilitation-strategy-again-english url is gone
2015-04-04 17:04:24 /manga/if-we-meet-on-an-autmn-night-again-english url is gone
2015-04-04 17:05:15 /manga/reoccurring-woman-english url is gone
2015-04-04 17:06:40 /manga/touch-me-morning-and-night-english url is gone
